Training on device: cuda
***TRAIN EPOCH 0***
iter: 2000, loss: 4.592154283761978, 
button acc: 0.92653125, coarse acc: 0.73099609375, fine acc: 0.671033203125, stick acc: 0.768703125, cstick acc: 0.9703125, trigger acc: 0.94793359375, 
iter: 4000, loss: 3.9892422976493838, 
button acc: 0.9309326171875, coarse acc: 0.770087890625, fine acc: 0.7079765625, stick acc: 0.8008837890625, cstick acc: 0.9754306640625, trigger acc: 0.9578232421875, 
iter: 6000, loss: 3.73021593328317, 
button acc: 0.9325481770833334, coarse acc: 0.7857317708333333, fine acc: 0.723974609375, stick acc: 0.8145540364583334, cstick acc: 0.9775182291666666, trigger acc: 0.9620149739583334, 
iter: 8000, loss: 3.5800573853850364, 
button acc: 0.93351953125, coarse acc: 0.7941943359375, fine acc: 0.73318994140625, stick acc: 0.822419921875, cstick acc: 0.97853369140625, trigger acc: 0.964412109375, 
iter: 10000, loss: 3.479188294529915, 
button acc: 0.93417421875, coarse acc: 0.7995, fine acc: 0.739105859375, stick acc: 0.827515234375, cstick acc: 0.979134765625, trigger acc: 0.96584921875, 
iter: 12000, loss: 3.403874594847361, 
button acc: 0.9345608723958333, coarse acc: 0.80326953125, fine acc: 0.7436783854166666, stick acc: 0.8315045572916666, cstick acc: 0.9796070963541667, trigger acc: 0.96690234375, 
iter: 12372, loss: 3.390693200759968, 
button acc: 0.9346704918105253, coarse acc: 0.8039521153959094, fine acc: 0.7445608209871827, stick acc: 0.8322415928192038, cstick acc: 0.9796947631187257, trigger acc: 0.9670854917126444, 
***EVAL EPOCH 0***
iter: 1509, loss: 2.8285335971473304, 
button acc: 0.9387577594731583, coarse acc: 0.8145958343472206, fine acc: 0.7806327691805893, stick acc: 0.863715435074113, cstick acc: 0.980471237529187, trigger acc: 0.9761119538599334, 
***TRAIN EPOCH 1***
iter: 2000, loss: 2.9770787389278413, 
button acc: 0.93673046875, coarse acc: 0.823650390625, fine acc: 0.769142578125, stick acc: 0.853974609375, cstick acc: 0.98198828125, trigger acc: 0.97287109375, 
iter: 4000, loss: 2.9701813962459562, 
button acc: 0.9366591796875, coarse acc: 0.8241953125, fine acc: 0.770041015625, stick acc: 0.8546162109375, cstick acc: 0.982080078125, trigger acc: 0.9730009765625, 
iter: 6000, loss: 2.9526225741704306, 
button acc: 0.9370143229166666, coarse acc: 0.82499609375, fine acc: 0.771484375, stick acc: 0.8555677083333333, cstick acc: 0.98223828125, trigger acc: 0.9731549479166667, 
iter: 8000, loss: 2.937830825835466, 
button acc: 0.93702734375, coarse acc: 0.82536474609375, fine acc: 0.77259130859375, stick acc: 0.8567900390625, cstick acc: 0.98231982421875, trigger acc: 0.97319775390625, 
iter: 10000, loss: 2.9264858184814453, 
button acc: 0.937155078125, coarse acc: 0.826078515625, fine acc: 0.7737859375, stick acc: 0.857851171875, cstick acc: 0.982386328125, trigger acc: 0.973345703125, 
iter: 12000, loss: 2.9150426532030105, 
button acc: 0.9371324869791666, coarse acc: 0.8264401041666667, fine acc: 0.7746653645833333, stick acc: 0.8586956380208334, cstick acc: 0.9824586588541667, trigger acc: 0.9734342447916666, 
iter: 12372, loss: 2.9125991827301556, 
button acc: 0.9371557196867558, coarse acc: 0.826548081313145, fine acc: 0.7748780119692565, stick acc: 0.8588784615899523, cstick acc: 0.9824565835015727, trigger acc: 0.9734528027724926, 
***EVAL EPOCH 1***
iter: 1509, loss: 2.738744770319277, 
button acc: 0.9402824732980932, coarse acc: 0.8188619266791267, fine acc: 0.786247547255774, stick acc: 0.8689652137446868, cstick acc: 0.9815921222256162, trigger acc: 0.9748719913435602, 
***TRAIN EPOCH 2***
iter: 2000, loss: 2.8283168017864226, 
button acc: 0.93755078125, coarse acc: 0.830275390625, fine acc: 0.78165625, stick acc: 0.86503125, cstick acc: 0.983033203125, trigger acc: 0.973783203125, 
iter: 4000, loss: 2.822168064236641, 
button acc: 0.9375400390625, coarse acc: 0.8299306640625, fine acc: 0.781611328125, stick acc: 0.864990234375, cstick acc: 0.982955078125, trigger acc: 0.9740908203125, 
iter: 6000, loss: 2.8145480584700904, 
button acc: 0.9376848958333334, coarse acc: 0.8305944010416667, fine acc: 0.7822962239583333, stick acc: 0.8655325520833334, cstick acc: 0.9830234375, trigger acc: 0.9742109375, 
iter: 8000, loss: 2.8054667710065844, 
button acc: 0.937724609375, coarse acc: 0.83058740234375, fine acc: 0.78265478515625, stick acc: 0.86608349609375, cstick acc: 0.98298828125, trigger acc: 0.974263671875, 
iter: 10000, loss: 2.7951997673511504, 
button acc: 0.93769765625, coarse acc: 0.83075859375, fine acc: 0.78304609375, stick acc: 0.866508984375, cstick acc: 0.98297890625, trigger acc: 0.974271484375, 
iter: 12000, loss: 2.773551565070947, 
button acc: 0.9377018229166667, coarse acc: 0.8309895833333333, fine acc: 0.7835247395833334, stick acc: 0.8670328776041667, cstick acc: 0.9829938151041666, trigger acc: 0.97428125, 
iter: 12372, loss: 2.76823028934607, 
button acc: 0.937702905547448, coarse acc: 0.8310149239970522, fine acc: 0.7836070946609437, stick acc: 0.8671134035592025, cstick acc: 0.9829933497815361, trigger acc: 0.9742879479551415, 
***EVAL EPOCH 2***
iter: 1509, loss: 2.4884570509175576, 
button acc: 0.9406448840544445, coarse acc: 0.8267702471123629, fine acc: 0.7942697682124348, stick acc: 0.87600374836268, cstick acc: 0.9816050654669145, trigger acc: 0.9764588327267267, 
