Training on device: cuda
***TRAIN EPOCH 0***
iter: 2000, loss: 1.8736686405539513, 
button acc: 0.926478515625, coarse acc: 0.72888671875, fine acc: 0.6702890625, stick acc: 0.767388671875, cstick acc: 0.969935546875, trigger acc: 0.949142578125, 
iter: 4000, loss: 1.6319383622705936, 
button acc: 0.930828125, coarse acc: 0.7688095703125, fine acc: 0.7076162109375, stick acc: 0.800376953125, cstick acc: 0.9751083984375, trigger acc: 0.95846875, 
iter: 6000, loss: 1.5266319953997929, 
button acc: 0.9323893229166667, coarse acc: 0.784744140625, fine acc: 0.723728515625, stick acc: 0.8142805989583334, cstick acc: 0.9772376302083333, trigger acc: 0.9625553385416666, 
iter: 8000, loss: 1.4666163826957346, 
button acc: 0.93334765625, coarse acc: 0.79334814453125, fine acc: 0.7328544921875, stick acc: 0.82210009765625, cstick acc: 0.97827490234375, trigger acc: 0.96480029296875, 
iter: 10000, loss: 1.4256727494418622, 
button acc: 0.934023828125, coarse acc: 0.798864453125, fine acc: 0.73902109375, stick acc: 0.82743125, cstick acc: 0.9789296875, trigger acc: 0.96616640625, 
iter: 12000, loss: 1.3946673927605153, 
button acc: 0.9343860677083333, coarse acc: 0.8027425130208333, fine acc: 0.743677734375, stick acc: 0.8315270182291666, cstick acc: 0.9794169921875, trigger acc: 0.967171875, 
iter: 12372, loss: 1.3891077666048706, 
button acc: 0.9344819921227969, coarse acc: 0.8034178750749105, fine acc: 0.7445402975705958, stick acc: 0.8322561170832499, cstick acc: 0.9795201562053024, trigger acc: 0.9673377718642272, 
***EVAL EPOCH 0***
iter: 1509, loss: 1.1614287676520503, 
button acc: 0.9393660918141765, coarse acc: 0.8190276001677445, fine acc: 0.7780078798453024, stick acc: 0.8604977452873659, cstick acc: 0.9808647120646541, trigger acc: 0.9752861750651045, 
***TRAIN EPOCH 1***
iter: 2000, loss: 1.2247741044163705, 
button acc: 0.936548828125, coarse acc: 0.82351953125, fine acc: 0.769099609375, stick acc: 0.85425390625, cstick acc: 0.981896484375, trigger acc: 0.97276953125, 
iter: 4000, loss: 1.2218171448409558, 
button acc: 0.9365, coarse acc: 0.8239287109375, fine acc: 0.7697255859375, stick acc: 0.85465625, cstick acc: 0.98202734375, trigger acc: 0.9728359375, 
iter: 6000, loss: 1.2140838970939318, 
button acc: 0.9368235677083333, coarse acc: 0.8246321614583333, fine acc: 0.77108203125, stick acc: 0.8555970052083334, cstick acc: 0.982169921875, trigger acc: 0.9729329427083333, 
iter: 8000, loss: 1.208829660706222, 
button acc: 0.93680126953125, coarse acc: 0.82488671875, fine acc: 0.7719921875, stick acc: 0.85662060546875, cstick acc: 0.98222900390625, trigger acc: 0.9730009765625, 
iter: 10000, loss: 1.2027175832033157, 
button acc: 0.93692421875, coarse acc: 0.82559921875, fine acc: 0.7730984375, stick acc: 0.85762734375, cstick acc: 0.982297265625, trigger acc: 0.97310703125, 
iter: 12000, loss: 1.1990272552271684, 
button acc: 0.9368870442708334, coarse acc: 0.8259147135416667, fine acc: 0.7738450520833333, stick acc: 0.8583343098958334, cstick acc: 0.9823678385416666, trigger acc: 0.9731744791666667, 
iter: 12372, loss: 1.1983425759773905, 
button acc: 0.9369283833799478, coarse acc: 0.8260157354613695, fine acc: 0.7740510761532423, stick acc: 0.858491674123508, cstick acc: 0.9823618600404027, trigger acc: 0.9731872613363459, 
***EVAL EPOCH 1***
iter: 1509, loss: 1.1306776979097553, 
button acc: 0.939407510186331, coarse acc: 0.8188386288447899, fine acc: 0.7853829387370503, stick acc: 0.8684190089619003, cstick acc: 0.9815403492604232, trigger acc: 0.974970359977427, 
***TRAIN EPOCH 2***
iter: 2000, loss: 1.1646299717724324, 
button acc: 0.93723046875, coarse acc: 0.82983203125, fine acc: 0.780876953125, stick acc: 0.864748046875, cstick acc: 0.982974609375, trigger acc: 0.9734375, 
iter: 4000, loss: 1.1633581062108278, 
button acc: 0.9372080078125, coarse acc: 0.8292802734375, fine acc: 0.7805908203125, stick acc: 0.8645537109375, cstick acc: 0.982830078125, trigger acc: 0.9736875, 
iter: 6000, loss: 1.1481242857774099, 
button acc: 0.9373645833333333, coarse acc: 0.8297591145833333, fine acc: 0.7810481770833333, stick acc: 0.8649329427083333, cstick acc: 0.9828665364583333, trigger acc: 0.9737454427083333, 
iter: 8000, loss: 1.1312444010600449, 
button acc: 0.9373603515625, coarse acc: 0.82985009765625, fine acc: 0.78134033203125, stick acc: 0.8653896484375, cstick acc: 0.98283935546875, trigger acc: 0.97382470703125, 
iter: 10000, loss: 1.1179894150435925, 
button acc: 0.937324609375, coarse acc: 0.83004296875, fine acc: 0.781639453125, stick acc: 0.865767578125, cstick acc: 0.982794140625, trigger acc: 0.97383828125, 
iter: 12000, loss: 1.107308624068896, 
button acc: 0.93734765625, coarse acc: 0.8302819010416667, fine acc: 0.7820777994791667, stick acc: 0.8661949869791666, cstick acc: 0.982802734375, trigger acc: 0.9739026692708334, 
iter: 12372, loss: 1.1058228377805648, 
button acc: 0.9373517972513777, coarse acc: 0.830287132070396, fine acc: 0.7821139371680338, stick acc: 0.8662444736754029, cstick acc: 0.9827928517887262, trigger acc: 0.9739040021925324, 
***EVAL EPOCH 2***
iter: 1509, loss: 1.0123352903732012, 
button acc: 0.9402203457398616, coarse acc: 0.8264829071555415, fine acc: 0.791978814502643, stick acc: 0.874657651267661, cstick acc: 0.9807430455964504, trigger acc: 0.9765261375814777, 
