Training on device: cuda
***TRAIN EPOCH 0***
iter: 2000, loss: 1.902775960803032, 
button acc: 0.926419921875, coarse acc: 0.729720703125, fine acc: 0.670498046875, stick acc: 0.76730859375, cstick acc: 0.96962890625, trigger acc: 0.949548828125, 
iter: 4000, loss: 1.6555939833819866, 
button acc: 0.930724609375, coarse acc: 0.76940625, fine acc: 0.7076474609375, stick acc: 0.80023046875, cstick acc: 0.9750048828125, trigger acc: 0.9588173828125, 
iter: 6000, loss: 1.5488139158884684, 
button acc: 0.9322936197916667, coarse acc: 0.7851321614583333, fine acc: 0.7237428385416667, stick acc: 0.8141022135416667, cstick acc: 0.977154296875, trigger acc: 0.9628372395833333, 
iter: 8000, loss: 1.4866724280640482, 
button acc: 0.93327294921875, coarse acc: 0.793685546875, fine acc: 0.732888671875, stick acc: 0.82190478515625, cstick acc: 0.97819677734375, trigger acc: 0.9651318359375, 
iter: 10000, loss: 1.4448166024029254, 
button acc: 0.93396484375, coarse acc: 0.79914375, fine acc: 0.738935546875, stick acc: 0.827125390625, cstick acc: 0.978849609375, trigger acc: 0.96648671875, 
iter: 12000, loss: 1.4134283726861079, 
button acc: 0.9343557942708334, coarse acc: 0.8030358072916667, fine acc: 0.7435172526041667, stick acc: 0.8311429036458333, cstick acc: 0.9793590494791666, trigger acc: 0.9674869791666667, 
iter: 12372, loss: 1.407770568639223, 
button acc: 0.9344475759319052, coarse acc: 0.8037102548250552, fine acc: 0.7443596915046317, stick acc: 0.8318535423732774, cstick acc: 0.9794538497824834, trigger acc: 0.9676569899283701, 
***EVAL EPOCH 0***
iter: 1509, loss: 1.1790461038184372, 
button acc: 0.9395524744888714, coarse acc: 0.8188179196587126, fine acc: 0.7792064239895211, stick acc: 0.8614348359573598, cstick acc: 0.9804582942878888, trigger acc: 0.9760006419847684, 
***TRAIN EPOCH 1***
iter: 2000, loss: 1.2427120594978331, 
button acc: 0.936541015625, coarse acc: 0.82360546875, fine acc: 0.7685546875, stick acc: 0.853541015625, cstick acc: 0.9819296875, trigger acc: 0.973033203125, 
iter: 4000, loss: 1.240364945963025, 
button acc: 0.936537109375, coarse acc: 0.8242021484375, fine acc: 0.76951171875, stick acc: 0.8541884765625, cstick acc: 0.9820302734375, trigger acc: 0.973099609375, 
iter: 6000, loss: 1.2324578695098558, 
button acc: 0.9368313802083333, coarse acc: 0.8248951822916667, fine acc: 0.7708802083333334, stick acc: 0.8551614583333333, cstick acc: 0.9821373697916667, trigger acc: 0.9732317708333333, 
iter: 8000, loss: 1.2268280278369785, 
button acc: 0.93682470703125, coarse acc: 0.8251572265625, fine acc: 0.7717705078125, stick acc: 0.85616015625, cstick acc: 0.98223095703125, trigger acc: 0.9732509765625, 
iter: 10000, loss: 1.2204613346457482, 
button acc: 0.936971875, coarse acc: 0.825862890625, fine acc: 0.772870703125, stick acc: 0.857119921875, cstick acc: 0.982296484375, trigger acc: 0.973363671875, 
iter: 12000, loss: 1.2164044513255359, 
button acc: 0.936908203125, coarse acc: 0.8260569661458333, fine acc: 0.7735797526041667, stick acc: 0.8578444010416667, cstick acc: 0.9823505859375, trigger acc: 0.9734361979166667, 
iter: 12372, loss: 1.2154572274917697, 
button acc: 0.9369321723183947, coarse acc: 0.8261284563801619, fine acc: 0.7737706947081792, stick acc: 0.8580142678792112, cstick acc: 0.9823495459904507, trigger acc: 0.9734404887225404, 
***EVAL EPOCH 1***
iter: 1509, loss: 1.1447124406547242, 
button acc: 0.9397155593292295, coarse acc: 0.8206817464056619, fine acc: 0.7873891411382804, stick acc: 0.86998255251073, cstick acc: 0.9815507038534618, trigger acc: 0.9755631604288872, 
***TRAIN EPOCH 2***
iter: 2000, loss: 1.1811536773741245, 
button acc: 0.9374453125, coarse acc: 0.829119140625, fine acc: 0.780298828125, stick acc: 0.86395703125, cstick acc: 0.9829296875, trigger acc: 0.9734453125, 
iter: 4000, loss: 1.1811431539207697, 
button acc: 0.937283203125, coarse acc: 0.8288076171875, fine acc: 0.7800458984375, stick acc: 0.8638095703125, cstick acc: 0.9828515625, trigger acc: 0.973806640625, 
iter: 6000, loss: 1.177603470236063, 
button acc: 0.9373522135416666, coarse acc: 0.829388671875, fine acc: 0.7804934895833333, stick acc: 0.8642565104166666, cstick acc: 0.9828580729166667, trigger acc: 0.97393359375, 
iter: 8000, loss: 1.165472882501781, 
button acc: 0.9373505859375, coarse acc: 0.82958349609375, fine acc: 0.7808505859375, stick acc: 0.864814453125, cstick acc: 0.98281298828125, trigger acc: 0.97399755859375, 
iter: 10000, loss: 1.1507572405159474, 
button acc: 0.937330078125, coarse acc: 0.829813671875, fine acc: 0.781175390625, stick acc: 0.865205078125, cstick acc: 0.98278203125, trigger acc: 0.973990234375, 
iter: 12000, loss: 1.138202292452256, 
button acc: 0.9373567708333334, coarse acc: 0.830123046875, fine acc: 0.7816106770833333, stick acc: 0.8655914713541667, cstick acc: 0.9827952473958333, trigger acc: 0.9740511067708333, 
iter: 12372, loss: 1.1364191658204712, 
button acc: 0.9373533759757305, coarse acc: 0.8301532562452757, fine acc: 0.7816662109415702, stick acc: 0.8656489788495141, cstick acc: 0.9827919045541146, trigger acc: 0.9740539810060516, 
***EVAL EPOCH 2***
iter: 1509, loss: 1.0398264152076246, 
button acc: 0.9404817992140864, coarse acc: 0.8270782962552614, fine acc: 0.7929728554343493, stick acc: 0.8756465149028481, cstick acc: 0.9806291450730258, trigger acc: 0.9768005342970008, 
