Training on device: cuda
***TRAIN EPOCH 0***
iter: 2000, loss: 1.9806400594711304, 
button acc: 0.9214482421875, coarse acc: 0.7157705078125, fine acc: 0.65819921875, stick acc: 0.758962890625, cstick acc: 0.9682666015625, trigger acc: 0.942888671875, 
iter: 4000, loss: 1.6891016275882722, 
button acc: 0.92845849609375, coarse acc: 0.76262158203125, fine acc: 0.7021767578125, stick acc: 0.79667138671875, cstick acc: 0.97434326171875, trigger acc: 0.95518798828125, 
iter: 6000, loss: 1.566201006670793, 
button acc: 0.9310146484375, coarse acc: 0.7807919921875, fine acc: 0.720529296875, stick acc: 0.8124078776041667, cstick acc: 0.9765530598958333, trigger acc: 0.9600530598958333, 
iter: 6186, loss: 1.5574225895504252, 
button acc: 0.9311998241932561, coarse acc: 0.7820166877478992, fine acc: 0.7218821299138585, stick acc: 0.8135520224406194, cstick acc: 0.9767131843059643, trigger acc: 0.9603774919374547, 
***EVAL EPOCH 0***
iter: 755, loss: 1.2128394451362408, 
button acc: 0.9389493194443725, coarse acc: 0.8110649181210555, fine acc: 0.7724112223079352, stick acc: 0.8562420075484983, cstick acc: 0.9791665588063225, trigger acc: 0.974859048102262, 
***TRAIN EPOCH 1***
iter: 2000, loss: 1.2795567121207714, 
button acc: 0.936177734375, coarse acc: 0.820146484375, fine acc: 0.76316796875, stick acc: 0.8493671875, cstick acc: 0.9812607421875, trigger acc: 0.97123046875, 
iter: 4000, loss: 1.266151338905096, 
button acc: 0.936548828125, coarse acc: 0.8214619140625, fine acc: 0.76537548828125, stick acc: 0.8510654296875, cstick acc: 0.98142529296875, trigger acc: 0.9716240234375, 
iter: 6000, loss: 1.2543553768893083, 
button acc: 0.9367086588541667, coarse acc: 0.8225719401041667, fine acc: 0.7672750651041667, stick acc: 0.8526341145833334, cstick acc: 0.9815592447916667, trigger acc: 0.97194921875, 
iter: 6186, loss: 1.2534984900097303, 
button acc: 0.936749671783207, coarse acc: 0.8227007300652898, fine acc: 0.767453587082751, stick acc: 0.8527583787637578, cstick acc: 0.9815554476409754, trigger acc: 0.9719697491154408, 
***EVAL EPOCH 1***
iter: 755, loss: 1.1593321581549991, 
button acc: 0.9399614809138964, coarse acc: 0.8173242696128935, fine acc: 0.7826933331952721, stick acc: 0.8651857872855953, cstick acc: 0.9807689320790469, trigger acc: 0.9752292248033921, 
***TRAIN EPOCH 2***
iter: 2000, loss: 1.2140445697903632, 
button acc: 0.9374833984375, coarse acc: 0.82617578125, fine acc: 0.7734599609375, stick acc: 0.8573935546875, cstick acc: 0.9821357421875, trigger acc: 0.973033203125, 
iter: 4000, loss: 1.2120787319988013, 
button acc: 0.93737890625, coarse acc: 0.82655908203125, fine acc: 0.77406494140625, stick acc: 0.85821826171875, cstick acc: 0.98216796875, trigger acc: 0.97326123046875, 
iter: 6000, loss: 1.2051190308233102, 
button acc: 0.9373948567708333, coarse acc: 0.8269781901041666, fine acc: 0.7748603515625, stick acc: 0.859029296875, cstick acc: 0.9821956380208333, trigger acc: 0.9733046875, 
iter: 6186, loss: 1.20486930625515, 
button acc: 0.937393159829422, coarse acc: 0.82700212243702, fine acc: 0.7749105336909249, stick acc: 0.8590840115006911, cstick acc: 0.9821957782384846, trigger acc: 0.9733138750294432, 
***EVAL EPOCH 2***
iter: 755, loss: 1.2491372637401355, 
button acc: 0.9402798846498336, coarse acc: 0.8208292993564621, fine acc: 0.7873244249317891, stick acc: 0.8703009562466671, cstick acc: 0.9806006699421695, trigger acc: 0.9757702522896594, 
***TRAIN EPOCH 3***
iter: 2000, loss: 1.1592471145093441, 
button acc: 0.937857421875, coarse acc: 0.8301298828125, fine acc: 0.7807919921875, stick acc: 0.8647666015625, cstick acc: 0.9827255859375, trigger acc: 0.9738935546875, 
iter: 4000, loss: 1.1554722738713026, 
button acc: 0.93817822265625, coarse acc: 0.83052490234375, fine acc: 0.78155517578125, stick acc: 0.86496728515625, cstick acc: 0.9828408203125, trigger acc: 0.97399755859375, 
iter: 6000, loss: 1.1523022124071916, 
button acc: 0.9381484375, coarse acc: 0.8307470703125, fine acc: 0.7818645833333333, stick acc: 0.8651471354166667, cstick acc: 0.9828844401041666, trigger acc: 0.9740953776041666, 
iter: 6186, loss: 1.1523898746198025, 
button acc: 0.9381215832458194, coarse acc: 0.8307569604377992, fine acc: 0.7818414493447347, stick acc: 0.8651409453527723, cstick acc: 0.982869577792274, trigger acc: 0.9741079733789185, 
***EVAL EPOCH 3***
iter: 755, loss: 1.110117176194854, 
button acc: 0.9407587845778691, coarse acc: 0.820479831841409, fine acc: 0.7915620421328391, stick acc: 0.8734125114547685, cstick acc: 0.9815455265569425, trigger acc: 0.9762387976246564, 
***TRAIN EPOCH 4***
iter: 2000, loss: 1.142428620636463, 
button acc: 0.938673828125, coarse acc: 0.83150390625, fine acc: 0.78321484375, stick acc: 0.8658994140625, cstick acc: 0.982998046875, trigger acc: 0.974431640625, 
iter: 4000, loss: 1.1433748793005942, 
button acc: 0.93841015625, coarse acc: 0.83140625, fine acc: 0.782931640625, stick acc: 0.8659033203125, cstick acc: 0.982951171875, trigger acc: 0.97427099609375, 
iter: 6000, loss: 1.1415715835293134, 
button acc: 0.93838671875, coarse acc: 0.8314889322916666, fine acc: 0.7830618489583333, stick acc: 0.8660231119791667, cstick acc: 0.9829479166666667, trigger acc: 0.9742897135416667, 
iter: 6186, loss: 1.1415159043238998, 
button acc: 0.9383583918987444, coarse acc: 0.831430444246718, fine acc: 0.7830062321722553, stick acc: 0.8660004028904549, cstick acc: 0.9829567233765504, trigger acc: 0.9742813173128596, 
***EVAL EPOCH 4***
iter: 755, loss: 1.1089143129374017, 
button acc: 0.9409374013077851, coarse acc: 0.8216447235582524, fine acc: 0.7921367220464818, stick acc: 0.8739535389410358, cstick acc: 0.9815998881703952, trigger acc: 0.9760679468395194, 
***TRAIN EPOCH 5***
iter: 2000, loss: 1.1378185904920102, 
button acc: 0.93859765625, coarse acc: 0.8315830078125, fine acc: 0.7833740234375, stick acc: 0.8664638671875, cstick acc: 0.9828271484375, trigger acc: 0.9741943359375, 
iter: 4000, loss: 1.1346925459504127, 
button acc: 0.93834326171875, coarse acc: 0.83178662109375, fine acc: 0.78359228515625, stick acc: 0.86672119140625, cstick acc: 0.98297021484375, trigger acc: 0.97432080078125, 
iter: 6000, loss: 1.1343175681233406, 
button acc: 0.9384430338541667, coarse acc: 0.8318352864583334, fine acc: 0.7835514322916667, stick acc: 0.8664977213541667, cstick acc: 0.9830439453125, trigger acc: 0.974326171875, 
iter: 6186, loss: 1.1343470951460959, 
button acc: 0.9384654294098665, coarse acc: 0.8318554368425007, fine acc: 0.783558785695747, stick acc: 0.8664973853167268, cstick acc: 0.9830369225736744, trigger acc: 0.9743223641460332, 
***EVAL EPOCH 5***
iter: 755, loss: 1.1037532314559482, 
button acc: 0.9410487131829501, coarse acc: 0.8217896878607929, fine acc: 0.7924654803754575, stick acc: 0.873899177327583, cstick acc: 0.9818639302928797, trigger acc: 0.9761145425081931, 
