Training on device: cuda
***TRAIN EPOCH 0***
iter: 2000, loss: 2.406377856492996, 
button acc: 0.926353515625, coarse acc: 0.72821875, fine acc: 0.669533203125, stick acc: 0.76629296875, cstick acc: 0.9698671875, trigger acc: 0.949458984375, 
iter: 4000, loss: 2.096245446205139, 
button acc: 0.930734375, coarse acc: 0.7686015625, fine acc: 0.70727734375, stick acc: 0.7997275390625, cstick acc: 0.975095703125, trigger acc: 0.958794921875, 
iter: 6000, loss: 1.9632160819967588, 
button acc: 0.9323899739583333, coarse acc: 0.7846569010416666, fine acc: 0.7236106770833334, stick acc: 0.8138372395833333, cstick acc: 0.9772180989583333, trigger acc: 0.962787109375, 
iter: 8000, loss: 1.885342763185501, 
button acc: 0.93341796875, coarse acc: 0.7933056640625, fine acc: 0.73290283203125, stick acc: 0.821833984375, cstick acc: 0.9782587890625, trigger acc: 0.96502392578125, 
iter: 10000, loss: 1.8338657982707023, 
button acc: 0.934101171875, coarse acc: 0.79871484375, fine acc: 0.73893359375, stick acc: 0.827071484375, cstick acc: 0.9789046875, trigger acc: 0.966358984375, 
iter: 12000, loss: 1.7934195656776428, 
button acc: 0.9344876302083334, coarse acc: 0.8025572916666667, fine acc: 0.7435823567708333, stick acc: 0.8311614583333333, cstick acc: 0.9794127604166667, trigger acc: 0.9673307291666666, 
iter: 12372, loss: 1.786602672494194, 
button acc: 0.9346029224082241, coarse acc: 0.8032438996512282, fine acc: 0.7444714651888122, stick acc: 0.831915744112779, cstick acc: 0.9795034217271623, trigger acc: 0.9674975387687339, 
***EVAL EPOCH 0***
iter: 1509, loss: 1.4988853490613328, 
button acc: 0.9398631122800296, coarse acc: 0.8145595932715854, fine acc: 0.7776169939580949, stick acc: 0.8592940238466278, cstick acc: 0.9806394996660643, trigger acc: 0.9758453230891893, 
***TRAIN EPOCH 1***
iter: 2000, loss: 1.5744880309700966, 
button acc: 0.936748046875, coarse acc: 0.82384375, fine acc: 0.7699453125, stick acc: 0.854751953125, cstick acc: 0.9819921875, trigger acc: 0.97296875, 
iter: 4000, loss: 1.5696836184561254, 
button acc: 0.9367001953125, coarse acc: 0.8242734375, fine acc: 0.7708671875, stick acc: 0.85540234375, cstick acc: 0.982111328125, trigger acc: 0.9730654296875, 
iter: 6000, loss: 1.5609506646792093, 
button acc: 0.9370091145833334, coarse acc: 0.8249798177083333, fine acc: 0.7721920572916666, stick acc: 0.856365234375, cstick acc: 0.98223828125, trigger acc: 0.9731842447916667, 
iter: 8000, loss: 1.553669525668025, 
button acc: 0.93697607421875, coarse acc: 0.8252734375, fine acc: 0.77304150390625, stick acc: 0.85737841796875, cstick acc: 0.98231591796875, trigger acc: 0.97319140625, 
iter: 10000, loss: 1.5456476516962052, 
button acc: 0.937102734375, coarse acc: 0.826008203125, fine acc: 0.7741765625, stick acc: 0.8584046875, cstick acc: 0.9823734375, trigger acc: 0.973295703125, 
iter: 12000, loss: 1.5407384525140126, 
button acc: 0.9370794270833334, coarse acc: 0.8263313802083333, fine acc: 0.7749296875, stick acc: 0.8591285807291666, cstick acc: 0.982439453125, trigger acc: 0.9733479817708334, 
iter: 12372, loss: 1.5395768630805233, 
button acc: 0.9370925707126425, coarse acc: 0.8264236778341417, fine acc: 0.7751122946632171, stick acc: 0.8592737741679017, cstick acc: 0.9824414277477855, trigger acc: 0.973367235912569, 
***EVAL EPOCH 1***
iter: 1509, loss: 1.4480719334878536, 
button acc: 0.9401116225129562, coarse acc: 0.8213910360288065, fine acc: 0.7872079357601048, stick acc: 0.869275851535845, cstick acc: 0.9817008454525216, trigger acc: 0.9755994015045224, 
***TRAIN EPOCH 2***
iter: 2000, loss: 1.4971212912797929, 
button acc: 0.93762890625, coarse acc: 0.8298828125, fine acc: 0.781599609375, stick acc: 0.86508203125, cstick acc: 0.983025390625, trigger acc: 0.973634765625, 
iter: 4000, loss: 1.4959112828671932, 
button acc: 0.937578125, coarse acc: 0.8296435546875, fine acc: 0.781619140625, stick acc: 0.8650458984375, cstick acc: 0.98294921875, trigger acc: 0.97398828125, 
iter: 6000, loss: 1.492083756585916, 
button acc: 0.9376731770833333, coarse acc: 0.830134765625, fine acc: 0.7822819010416666, stick acc: 0.86559765625, cstick acc: 0.9830162760416666, trigger acc: 0.9740397135416666, 
iter: 8000, loss: 1.4882990685850381, 
button acc: 0.93760400390625, coarse acc: 0.83018603515625, fine acc: 0.78255859375, stick acc: 0.86610400390625, cstick acc: 0.98298486328125, trigger acc: 0.97412109375, 
iter: 10000, loss: 1.4764857515454293, 
button acc: 0.937530078125, coarse acc: 0.83029921875, fine acc: 0.78273828125, stick acc: 0.866441015625, cstick acc: 0.98296015625, trigger acc: 0.9740609375, 
iter: 12000, loss: 1.4591203393489123, 
button acc: 0.9375319010416666, coarse acc: 0.830462890625, fine acc: 0.7831233723958333, stick acc: 0.8668310546875, cstick acc: 0.9829534505208334, trigger acc: 0.974103515625, 
iter: 12372, loss: 1.4563570189901898, 
button acc: 0.9375219837366132, coarse acc: 0.8304892087875586, fine acc: 0.783177681636973, stick acc: 0.866905327689499, cstick acc: 0.9829418833676338, trigger acc: 0.974105447419954, 
***EVAL EPOCH 2***
iter: 1509, loss: 1.3232267837480174, 
button acc: 0.9401841046642264, coarse acc: 0.822501566132197, fine acc: 0.7942645909159155, stick acc: 0.8771194557625899, cstick acc: 0.9812426547105633, trigger acc: 0.9763992938167547, 
