Training on device: cuda
***TRAIN EPOCH 0***
iter: 2000, loss: 7.2190905129909515, 
button acc: 0.727490234375, coarse acc: 0.261072265625, fine acc: 0.257544921875, stick acc: 0.372158203125, cstick acc: 0.944103515625, trigger acc: 0.8006953125, 
iter: 4000, loss: 6.905087547540664, 
button acc: 0.7345302734375, coarse acc: 0.2725048828125, fine acc: 0.266880859375, stick acc: 0.386095703125, cstick acc: 0.9447373046875, trigger acc: 0.81047265625, 
iter: 6000, loss: 6.606660404602686, 
button acc: 0.7397799479166667, coarse acc: 0.28974088541666665, fine acc: 0.281935546875, stick acc: 0.4069466145833333, cstick acc: 0.9449993489583334, trigger acc: 0.819591796875, 
iter: 8000, loss: 6.3955754563212395, 
button acc: 0.74338037109375, coarse acc: 0.301990234375, fine acc: 0.29264501953125, stick acc: 0.4203134765625, cstick acc: 0.945142578125, trigger acc: 0.8258935546875, 
iter: 10000, loss: 6.243855940723419, 
button acc: 0.7465625, coarse acc: 0.311783203125, fine acc: 0.30129921875, stick acc: 0.430327734375, cstick acc: 0.945334375, trigger acc: 0.8305078125, 
iter: 12000, loss: 6.1281139682928725, 
button acc: 0.7488743489583334, coarse acc: 0.31943684895833335, fine acc: 0.3080426432291667, stick acc: 0.4380830078125, cstick acc: 0.9454498697916667, trigger acc: 0.8340179036458333, 
iter: 14000, loss: 6.036491901806422, 
button acc: 0.7506715959821428, coarse acc: 0.32555580357142855, fine acc: 0.31340373883928574, stick acc: 0.4442857142857143, cstick acc: 0.9456506696428572, trigger acc: 0.8367653459821428, 
iter: 16000, loss: 5.959834951430559, 
button acc: 0.75234912109375, coarse acc: 0.33100341796875, fine acc: 0.318240966796875, stick acc: 0.44966357421875, cstick acc: 0.945738525390625, trigger acc: 0.8393427734375, 
iter: 18000, loss: 5.893626508527332, 
button acc: 0.7538793402777778, coarse acc: 0.33570703125, fine acc: 0.3223624131944444, stick acc: 0.4542326388888889, cstick acc: 0.9459244791666667, trigger acc: 0.8414641927083333, 
iter: 20000, loss: 5.837492710757256, 
button acc: 0.755398828125, coarse acc: 0.339923828125, fine acc: 0.3261470703125, stick acc: 0.45841015625, cstick acc: 0.9459693359375, trigger acc: 0.8432765625, 
iter: 22000, loss: 5.787626934550025, 
button acc: 0.7566983309659091, coarse acc: 0.34363991477272726, fine acc: 0.32944655539772727, stick acc: 0.4619957386363636, cstick acc: 0.9460584161931819, trigger acc: 0.8449540127840909, 
iter: 24000, loss: 5.743427304665247, 
button acc: 0.7578855794270833, coarse acc: 0.34704069010416666, fine acc: 0.3324690755208333, stick acc: 0.46525276692708334, cstick acc: 0.94616552734375, trigger acc: 0.846390625, 
iter: 26000, loss: 5.7047838076628175, 
button acc: 0.7590006009615384, coarse acc: 0.34995177283653844, fine acc: 0.33503665865384613, stick acc: 0.4680267427884615, cstick acc: 0.9462125901442308, trigger acc: 0.8476545973557692, 
iter: 26342, loss: 5.698304301250968, 
button acc: 0.7591848634358124, coarse acc: 0.35045412154207506, fine acc: 0.3354936984120464, stick acc: 0.46851015183750655, cstick acc: 0.9462246304159334, trigger acc: 0.8478503391212137, 
***EVAL EPOCH 0***
iter: 6481, loss: 5.181563643499797, 
button acc: 0.7683513584869721, coarse acc: 0.3861696779583575, fine acc: 0.36971979134141625, stick acc: 0.5093937351791283, cstick acc: 0.9475634999379136, trigger acc: 0.8653297391526591, 
***TRAIN EPOCH 1***
iter: 2000, loss: 5.183003975391388, 
button acc: 0.77489453125, coarse acc: 0.39026953125, fine acc: 0.3714921875, stick acc: 0.5071328125, cstick acc: 0.947251953125, trigger acc: 0.864771484375, 
iter: 4000, loss: 5.178577654242516, 
button acc: 0.7747666015625, coarse acc: 0.3910478515625, fine acc: 0.3718212890625, stick acc: 0.5075078125, cstick acc: 0.9470244140625, trigger acc: 0.8655361328125, 
iter: 6000, loss: 5.168258969465891, 
button acc: 0.7747819010416667, coarse acc: 0.3919752604166667, fine acc: 0.372609375, stick acc: 0.5085227864583334, cstick acc: 0.9471848958333333, trigger acc: 0.865666015625, 
iter: 8000, loss: 5.160984911501408, 
button acc: 0.77529052734375, coarse acc: 0.39274072265625, fine acc: 0.37313427734375, stick acc: 0.50895947265625, cstick acc: 0.947078125, trigger acc: 0.86617529296875, 
iter: 10000, loss: 5.151187044239045, 
button acc: 0.7754578125, coarse acc: 0.393628125, fine acc: 0.3740015625, stick acc: 0.50973984375, cstick acc: 0.94715859375, trigger acc: 0.86652578125, 
iter: 12000, loss: 5.141656135439873, 
button acc: 0.7758040364583333, coarse acc: 0.3946376953125, fine acc: 0.3748883463541667, stick acc: 0.5105455729166667, cstick acc: 0.9472838541666667, trigger acc: 0.8669143880208333, 
iter: 14000, loss: 5.133546044588089, 
button acc: 0.7761799665178571, coarse acc: 0.39544140625, fine acc: 0.37552650669642856, stick acc: 0.5111928013392857, cstick acc: 0.9473138950892858, trigger acc: 0.8671537388392857, 
iter: 16000, loss: 5.125408246904612, 
button acc: 0.776490966796875, coarse acc: 0.396269287109375, fine acc: 0.3762431640625, stick acc: 0.51194921875, cstick acc: 0.947343505859375, trigger acc: 0.867437744140625, 
iter: 18000, loss: 5.117493332121107, 
button acc: 0.7766931423611111, coarse acc: 0.3969850260416667, fine acc: 0.37688020833333336, stick acc: 0.5125149739583333, cstick acc: 0.9473682725694444, trigger acc: 0.8676569010416667, 
iter: 20000, loss: 5.1090821881055835, 
button acc: 0.777045703125, coarse acc: 0.3977830078125, fine acc: 0.377630859375, stick acc: 0.5132310546875, cstick acc: 0.94737734375, trigger acc: 0.8679478515625, 
iter: 22000, loss: 5.102014827511527, 
button acc: 0.7773425071022727, coarse acc: 0.3984287997159091, fine acc: 0.3781642400568182, stick acc: 0.5136857244318181, cstick acc: 0.947421875, trigger acc: 0.8682420099431818, 
iter: 24000, loss: 5.094551439066728, 
button acc: 0.77756640625, coarse acc: 0.3989921875, fine acc: 0.37871158854166664, stick acc: 0.51425048828125, cstick acc: 0.9474265950520834, trigger acc: 0.86852001953125, 
iter: 26000, loss: 5.087502431814487, 
button acc: 0.7777728365384615, coarse acc: 0.3995773737980769, fine acc: 0.37918419471153847, stick acc: 0.5147369290865385, cstick acc: 0.9474376502403846, trigger acc: 0.8687581129807692, 
iter: 26342, loss: 5.086247790711461, 
button acc: 0.7778175859006483, coarse acc: 0.3996982854051608, fine acc: 0.3792891748878432, stick acc: 0.5148363769988072, cstick acc: 0.947430094851915, trigger acc: 0.8687793608591674, 
***EVAL EPOCH 1***
iter: 6481, loss: 5.313795988877198, 
button acc: 0.7720301293929154, coarse acc: 0.39597692073071494, fine acc: 0.3762328373251484, stick acc: 0.5137319482235448, cstick acc: 0.9479667602584242, trigger acc: 0.8666275261034203, 
***TRAIN EPOCH 2***
iter: 2000, loss: 4.966861882686615, 
button acc: 0.782240234375, coarse acc: 0.408837890625, fine acc: 0.38730078125, stick acc: 0.522416015625, cstick acc: 0.947541015625, trigger acc: 0.873056640625, 
iter: 4000, loss: 4.953022988080979, 
button acc: 0.7824619140625, coarse acc: 0.409669921875, fine acc: 0.3879716796875, stick acc: 0.5231650390625, cstick acc: 0.9478662109375, trigger acc: 0.8731689453125, 
iter: 6000, loss: 4.944113547881444, 
button acc: 0.782666015625, coarse acc: 0.41060286458333334, fine acc: 0.3888125, stick acc: 0.523818359375, cstick acc: 0.9478203125, trigger acc: 0.8733619791666667, 
iter: 8000, loss: 4.935498374760151, 
button acc: 0.78288671875, coarse acc: 0.41119775390625, fine acc: 0.38947314453125, stick acc: 0.52442236328125, cstick acc: 0.947955078125, trigger acc: 0.87356298828125, 
iter: 10000, loss: 4.931048982572555, 
button acc: 0.783008984375, coarse acc: 0.411312890625, fine acc: 0.389580859375, stick acc: 0.524714453125, cstick acc: 0.94789296875, trigger acc: 0.87359453125, 
iter: 12000, loss: 4.923923197865486, 
button acc: 0.7832288411458334, coarse acc: 0.4117747395833333, fine acc: 0.38994466145833334, stick acc: 0.52499609375, cstick acc: 0.9478997395833333, trigger acc: 0.873830078125, 
iter: 14000, loss: 4.916890603780747, 
button acc: 0.7833680245535715, coarse acc: 0.41220563616071426, fine acc: 0.390330078125, stick acc: 0.5253590959821428, cstick acc: 0.947923828125, trigger acc: 0.8740050223214286, 
iter: 16000, loss: 4.911852841973305, 
button acc: 0.78356884765625, coarse acc: 0.4126494140625, fine acc: 0.390667724609375, stick acc: 0.52567333984375, cstick acc: 0.947925537109375, trigger acc: 0.874135986328125, 
iter: 18000, loss: 4.9067513292365605, 
button acc: 0.7837317708333333, coarse acc: 0.4129867621527778, fine acc: 0.39101236979166665, stick acc: 0.5259952256944445, cstick acc: 0.9479622395833334, trigger acc: 0.8743394097222222, 
iter: 20000, loss: 4.90138195707798, 
button acc: 0.783848046875, coarse acc: 0.4132939453125, fine acc: 0.391282421875, stick acc: 0.526299609375, cstick acc: 0.947981640625, trigger acc: 0.8745265625, 
iter: 22000, loss: 4.897101863059131, 
button acc: 0.7840930397727273, coarse acc: 0.4136109730113636, fine acc: 0.39157049005681815, stick acc: 0.5265458096590909, cstick acc: 0.9479715909090909, trigger acc: 0.8746658380681818, 
iter: 24000, loss: 4.891948659161726, 
button acc: 0.7843987630208333, coarse acc: 0.41409716796875, fine acc: 0.39200569661458334, stick acc: 0.5269664713541666, cstick acc: 0.9480148111979166, trigger acc: 0.87485693359375, 
iter: 26000, loss: 4.886899002845471, 
button acc: 0.7845341045673077, coarse acc: 0.4143680889423077, fine acc: 0.39225180288461536, stick acc: 0.5272322716346154, cstick acc: 0.9480718149038462, trigger acc: 0.8750271935096153, 
iter: 26342, loss: 4.886367027584508, 
button acc: 0.7845632337944073, coarse acc: 0.4144251488738939, fine acc: 0.3923047504255605, stick acc: 0.5272756904134807, cstick acc: 0.948072198555667, trigger acc: 0.8750608552673043, 
***EVAL EPOCH 2***
iter: 6481, loss: 4.9449413428610445, 
button acc: 0.7735105589103652, coarse acc: 0.4014869395495299, fine acc: 0.38246438469949573, stick acc: 0.5188610096095306, cstick acc: 0.9483296342688089, trigger acc: 0.8699024339081048, 
***TRAIN EPOCH 0***
iter: 2000, loss: 7.124289118766785, 
button acc: 0.732115234375, coarse acc: 0.267126953125, fine acc: 0.262033203125, stick acc: 0.37937890625, cstick acc: 0.94438671875, trigger acc: 0.805029296875, 
iter: 4000, loss: 6.751088954687119, 
button acc: 0.7385830078125, coarse acc: 0.2889013671875, fine acc: 0.280251953125, stick acc: 0.4064716796875, cstick acc: 0.9450185546875, trigger acc: 0.8146982421875, 
iter: 6000, loss: 6.455568088769913, 
button acc: 0.742822265625, coarse acc: 0.30409765625, fine acc: 0.293974609375, stick acc: 0.42338997395833333, cstick acc: 0.945361328125, trigger acc: 0.823759765625, 
iter: 8000, loss: 6.262425588190555, 
button acc: 0.7458779296875, coarse acc: 0.31472021484375, fine acc: 0.30346533203125, stick acc: 0.4343740234375, cstick acc: 0.94550732421875, trigger acc: 0.8294697265625, 
iter: 10000, loss: 6.122342711353302, 
button acc: 0.74856640625, coarse acc: 0.323209765625, fine acc: 0.310919921875, stick acc: 0.442914453125, cstick acc: 0.9457375, trigger acc: 0.8339375, 
iter: 12000, loss: 6.014413278102875, 
button acc: 0.7508776041666667, coarse acc: 0.33016796875, fine acc: 0.31710514322916666, stick acc: 0.44973079427083335, cstick acc: 0.9459150390625, trigger acc: 0.8374036458333334, 
iter: 14000, loss: 5.92641318324634, 
button acc: 0.7530318080357142, coarse acc: 0.3361104910714286, fine acc: 0.3223602120535714, stick acc: 0.4553934151785714, cstick acc: 0.9460290178571429, trigger acc: 0.8403663504464286, 
iter: 16000, loss: 5.851536093503237, 
button acc: 0.7549033203125, coarse acc: 0.341387451171875, fine acc: 0.327114013671875, stick acc: 0.460423828125, cstick acc: 0.946152099609375, trigger acc: 0.84282763671875, 
iter: 18000, loss: 5.7880800349447465, 
button acc: 0.75661328125, coarse acc: 0.3459806857638889, fine acc: 0.3311953125, stick acc: 0.46482248263888887, cstick acc: 0.9462769097222222, trigger acc: 0.8449212239583334, 
iter: 20000, loss: 5.733192938280106, 
button acc: 0.7582455078125, coarse acc: 0.35007109375, fine acc: 0.33485390625, stick acc: 0.46863359375, cstick acc: 0.94635078125, trigger acc: 0.8468115234375, 
iter: 22000, loss: 5.685132517597892, 
button acc: 0.7595727982954545, coarse acc: 0.3537024147727273, fine acc: 0.33806107954545456, stick acc: 0.4719241832386364, cstick acc: 0.9464360795454545, trigger acc: 0.8484527698863636, 
iter: 24000, loss: 5.641218325297038, 
button acc: 0.7609415690104167, coarse acc: 0.35691536458333334, fine acc: 0.34094384765625, stick acc: 0.47488395182291665, cstick acc: 0.9464861653645833, trigger acc: 0.8500252278645833, 
iter: 26000, loss: 5.602473262731846, 
button acc: 0.7621771334134615, coarse acc: 0.3598796574519231, fine acc: 0.3435779747596154, stick acc: 0.47761868990384615, cstick acc: 0.9465563401442307, trigger acc: 0.8513692908653846, 
iter: 26342, loss: 5.596044057196288, 
button acc: 0.7624199984014138, coarse acc: 0.3604062840746863, fine acc: 0.34404316835024873, stick acc: 0.4780840218647433, cstick acc: 0.9465860176505856, trigger acc: 0.8516076096851779, 
***EVAL EPOCH 0***
iter: 6481, loss: 5.160121260776764, 
button acc: 0.7686599822300235, coarse acc: 0.38955429185920487, fine acc: 0.37206038898647237, stick acc: 0.5118856307919695, cstick acc: 0.9488540535196971, trigger acc: 0.8642688450359197, 
***TRAIN EPOCH 1***
iter: 2000, loss: 5.07325907087326, 
button acc: 0.77839453125, coarse acc: 0.399923828125, fine acc: 0.379529296875, stick acc: 0.5155234375, cstick acc: 0.94789453125, trigger acc: 0.86989453125, 
iter: 4000, loss: 5.059418439984322, 
button acc: 0.7792734375, coarse acc: 0.4016630859375, fine acc: 0.380794921875, stick acc: 0.5160498046875, cstick acc: 0.9477470703125, trigger acc: 0.870068359375, 
iter: 6000, loss: 5.047487555980682, 
button acc: 0.779625, coarse acc: 0.40282421875, fine acc: 0.38194596354166666, stick acc: 0.5171901041666667, cstick acc: 0.9476712239583334, trigger acc: 0.87067578125, 
iter: 8000, loss: 5.037928637742996, 
button acc: 0.7799873046875, coarse acc: 0.40379345703125, fine acc: 0.38278857421875, stick acc: 0.51794189453125, cstick acc: 0.94765771484375, trigger acc: 0.8710458984375, 
iter: 10000, loss: 5.026951655387879, 
button acc: 0.78053203125, coarse acc: 0.40484609375, fine acc: 0.3837484375, stick acc: 0.518646875, cstick acc: 0.947632421875, trigger acc: 0.87149765625, 
iter: 12000, loss: 5.013174061894417, 
button acc: 0.7810856119791667, coarse acc: 0.40587467447916664, fine acc: 0.384650390625, stick acc: 0.5194729817708333, cstick acc: 0.9477587890625, trigger acc: 0.8718854166666666, 
iter: 14000, loss: 4.999944743020194, 
button acc: 0.7815027901785714, coarse acc: 0.4068939732142857, fine acc: 0.38558258928571426, stick acc: 0.5204430803571428, cstick acc: 0.9478311941964286, trigger acc: 0.8721732700892857, 
iter: 16000, loss: 4.987752661585808, 
button acc: 0.78194384765625, coarse acc: 0.40762744140625, fine acc: 0.386236572265625, stick acc: 0.52110400390625, cstick acc: 0.947935546875, trigger acc: 0.872581787109375, 
iter: 18000, loss: 4.975960439138943, 
button acc: 0.7823116319444444, coarse acc: 0.408501953125, fine acc: 0.38699956597222224, stick acc: 0.5218142361111111, cstick acc: 0.9479444444444445, trigger acc: 0.8729796006944445, 
iter: 20000, loss: 4.963758590304852, 
button acc: 0.7827388671875, coarse acc: 0.409375, fine acc: 0.3877890625, stick acc: 0.52255625, cstick acc: 0.9480025390625, trigger acc: 0.873341015625, 
iter: 22000, loss: 4.952156114740805, 
button acc: 0.7832334872159091, coarse acc: 0.410365234375, fine acc: 0.3886532315340909, stick acc: 0.5233313210227273, cstick acc: 0.9480126065340909, trigger acc: 0.8737959872159091, 
iter: 24000, loss: 4.94146437789003, 
button acc: 0.7837535807291667, coarse acc: 0.4111896158854167, fine acc: 0.3893741861979167, stick acc: 0.52401220703125, cstick acc: 0.9480338541666666, trigger acc: 0.8742138671875, 
iter: 26000, loss: 4.931391330398046, 
button acc: 0.7841819411057692, coarse acc: 0.4120193810096154, fine acc: 0.39014408052884614, stick acc: 0.5247157451923077, cstick acc: 0.9480739182692308, trigger acc: 0.8745940504807692, 
iter: 26342, loss: 4.929950578918165, 
button acc: 0.7842346190582608, coarse acc: 0.41214264074268114, fine acc: 0.3902437903159195, stick acc: 0.5248183461929553, cstick acc: 0.9480821341095126, trigger acc: 0.8746398547095786, 
***EVAL EPOCH 1***
iter: 6481, loss: 4.984187852267663, 
button acc: 0.7708221567736281, coarse acc: 0.3982753237234008, fine acc: 0.3783268976442123, stick acc: 0.5170888342099774, cstick acc: 0.9479890631461056, trigger acc: 0.865419553484133, 
***TRAIN EPOCH 2***
iter: 2000, loss: 4.755525372743606, 
button acc: 0.791064453125, coarse acc: 0.4279375, fine acc: 0.4046640625, stick acc: 0.53873828125, cstick acc: 0.94920703125, trigger acc: 0.88054296875, 
iter: 4000, loss: 4.750785952329635, 
button acc: 0.7916826171875, coarse acc: 0.428814453125, fine acc: 0.4054345703125, stick acc: 0.53933984375, cstick acc: 0.949134765625, trigger acc: 0.8814150390625, 
iter: 6000, loss: 4.748053454995155, 
button acc: 0.7919772135416666, coarse acc: 0.4289537760416667, fine acc: 0.40558984375, stick acc: 0.5392890625, cstick acc: 0.9491634114583334, trigger acc: 0.881693359375, 
iter: 8000, loss: 4.746022820800543, 
button acc: 0.7923740234375, coarse acc: 0.42934130859375, fine acc: 0.40589599609375, stick acc: 0.53957666015625, cstick acc: 0.94907421875, trigger acc: 0.8820546875, 
iter: 10000, loss: 4.7410325639486315, 
button acc: 0.79266640625, coarse acc: 0.429925390625, fine acc: 0.406369921875, stick acc: 0.53999609375, cstick acc: 0.949051171875, trigger acc: 0.88233515625, 
iter: 12000, loss: 4.734816114028295, 
button acc: 0.7930113932291667, coarse acc: 0.430455078125, fine acc: 0.4068333333333333, stick acc: 0.5405302734375, cstick acc: 0.949083984375, trigger acc: 0.8825436197916666, 
iter: 14000, loss: 4.729678942254611, 
button acc: 0.7932965959821429, coarse acc: 0.4307859933035714, fine acc: 0.40709095982142857, stick acc: 0.540826171875, cstick acc: 0.9491752232142857, trigger acc: 0.8827237723214286, 
iter: 16000, loss: 4.724053039997816, 
button acc: 0.793583251953125, coarse acc: 0.431329345703125, fine acc: 0.407596435546875, stick acc: 0.54141162109375, cstick acc: 0.949181884765625, trigger acc: 0.8830234375, 
iter: 18000, loss: 4.719119264443715, 
button acc: 0.7937769097222223, coarse acc: 0.4318391927083333, fine acc: 0.4080618489583333, stick acc: 0.541888671875, cstick acc: 0.9492445746527778, trigger acc: 0.8832326388888889, 
iter: 20000, loss: 4.714061041069031, 
button acc: 0.7940697265625, coarse acc: 0.4324912109375, fine acc: 0.4086078125, stick acc: 0.5425140625, cstick acc: 0.949236328125, trigger acc: 0.883497265625, 
iter: 22000, loss: 4.708508715304461, 
button acc: 0.7943405539772728, coarse acc: 0.4331651278409091, fine acc: 0.4092041903409091, stick acc: 0.5431313920454546, cstick acc: 0.9492817826704546, trigger acc: 0.8838290127840909, 
iter: 24000, loss: 4.703716202974319, 
button acc: 0.7945341796875, coarse acc: 0.4336953125, fine acc: 0.40969482421875, stick acc: 0.54361083984375, cstick acc: 0.9492664388020833, trigger acc: 0.8841328125, 
iter: 26000, loss: 4.699582775418575, 
button acc: 0.7948509615384616, coarse acc: 0.4342618689903846, fine acc: 0.41020763221153844, stick acc: 0.5440327524038462, cstick acc: 0.9492868088942308, trigger acc: 0.8844448617788462, 
iter: 26342, loss: 4.698839167809669, 
button acc: 0.7948813806089723, coarse acc: 0.4343604669354407, fine acc: 0.4102857302164957, stick acc: 0.5441106707996594, cstick acc: 0.9492896746313724, trigger acc: 0.8844766461841023, 
***EVAL EPOCH 2***
iter: 6481, loss: 5.027491231517206, 
button acc: 0.767700355278973, coarse acc: 0.39672075217392877, fine acc: 0.37622861785991135, stick acc: 0.5146186387040697, cstick acc: 0.9476165446437506, trigger acc: 0.8658650084570139, 
***TRAIN EPOCH 0***
iter: 2000, loss: 7.370148138284684, 
button acc: 0.727603515625, coarse acc: 0.2599921875, fine acc: 0.25651171875, stick acc: 0.37044140625, cstick acc: 0.9445625, trigger acc: 0.799505859375, 
iter: 4000, loss: 7.017253024458885, 
button acc: 0.73576171875, coarse acc: 0.2696201171875, fine acc: 0.2644462890625, stick acc: 0.3814150390625, cstick acc: 0.9450244140625, trigger acc: 0.809619140625, 
iter: 6000, loss: 6.726904181718826, 
button acc: 0.7407845052083334, coarse acc: 0.2859596354166667, fine acc: 0.27875520833333334, stick acc: 0.4015520833333333, cstick acc: 0.9452291666666667, trigger acc: 0.8183671875, 
iter: 8000, loss: 6.5071424801945685, 
button acc: 0.74390234375, coarse acc: 0.2979580078125, fine acc: 0.2893623046875, stick acc: 0.415294921875, cstick acc: 0.94518603515625, trigger acc: 0.8243837890625, 
iter: 10000, loss: 6.3473478332996365, 
button acc: 0.74666015625, coarse acc: 0.307385546875, fine acc: 0.297669921875, stick acc: 0.42525, cstick acc: 0.94535, trigger acc: 0.829137109375, 
iter: 12000, loss: 6.22596585937341, 
button acc: 0.7488984375, coarse acc: 0.3150634765625, fine acc: 0.3044039713541667, stick acc: 0.4330055338541667, cstick acc: 0.9456171875, trigger acc: 0.8327835286458334, 
iter: 14000, loss: 6.130133691004344, 
button acc: 0.7506794084821429, coarse acc: 0.321470703125, fine acc: 0.3100580357142857, stick acc: 0.4395200892857143, cstick acc: 0.9456902901785714, trigger acc: 0.8357075892857143, 
iter: 16000, loss: 6.051188079744578, 
button acc: 0.75230810546875, coarse acc: 0.326851806640625, fine acc: 0.31477734375, stick acc: 0.444918701171875, cstick acc: 0.94579150390625, trigger acc: 0.8381787109375, 
iter: 18000, loss: 5.983252231227027, 
button acc: 0.7537888454861111, coarse acc: 0.33152039930555555, fine acc: 0.3189210069444444, stick acc: 0.4495251736111111, cstick acc: 0.9458385416666667, trigger acc: 0.8402330729166667, 
iter: 20000, loss: 5.924969214200973, 
button acc: 0.7550279296875, coarse acc: 0.335731640625, fine acc: 0.3226236328125, stick acc: 0.4536083984375, cstick acc: 0.9458994140625, trigger acc: 0.8420060546875, 
iter: 22000, loss: 5.873141157757153, 
button acc: 0.7563014914772728, coarse acc: 0.33947975852272727, fine acc: 0.32591938920454544, stick acc: 0.45740838068181816, cstick acc: 0.9459453125, trigger acc: 0.8436273082386364, 
iter: 24000, loss: 5.8269402870734535, 
button acc: 0.7574480794270834, coarse acc: 0.34288899739583334, fine acc: 0.32893798828125, stick acc: 0.46070475260416666, cstick acc: 0.9460611979166667, trigger acc: 0.8450960286458333, 
iter: 26000, loss: 5.784946301808724, 
button acc: 0.7585360576923077, coarse acc: 0.34598091947115384, fine acc: 0.3316612079326923, stick acc: 0.4637713341346154, cstick acc: 0.9461284555288462, trigger acc: 0.8464797175480769, 
iter: 26342, loss: 5.777977154019771, 
button acc: 0.7587247138300982, coarse acc: 0.3465046647425305, fine acc: 0.33213029099754293, stick acc: 0.46428279611398243, cstick acc: 0.9461485566976829, trigger acc: 0.8467058226349415, 
***EVAL EPOCH 0***
iter: 6481, loss: 5.243430352619337, 
button acc: 0.7665044382746486, coarse acc: 0.37927326341880363, fine acc: 0.3631904702774841, stick acc: 0.5026239045966854, cstick acc: 0.9478914126649057, trigger acc: 0.8608004446110799, 
***TRAIN EPOCH 1***
iter: 2000, loss: 5.220306934118271, 
button acc: 0.773865234375, coarse acc: 0.389310546875, fine acc: 0.3708125, stick acc: 0.50596484375, cstick acc: 0.94770703125, trigger acc: 0.864453125, 
iter: 4000, loss: 5.211930449128151, 
button acc: 0.7743583984375, coarse acc: 0.390841796875, fine acc: 0.371767578125, stick acc: 0.5065400390625, cstick acc: 0.947658203125, trigger acc: 0.864806640625, 
iter: 6000, loss: 5.2006514775753026, 
button acc: 0.7747486979166667, coarse acc: 0.3913352864583333, fine acc: 0.372044921875, stick acc: 0.5070572916666667, cstick acc: 0.9475501302083333, trigger acc: 0.8655065104166667, 
iter: 8000, loss: 5.190138012349606, 
button acc: 0.775046875, coarse acc: 0.39245166015625, fine acc: 0.37294384765625, stick acc: 0.50803955078125, cstick acc: 0.947521484375, trigger acc: 0.86600732421875, 
iter: 10000, loss: 5.177229107570648, 
button acc: 0.775710546875, coarse acc: 0.393815625, fine acc: 0.374151953125, stick acc: 0.50935859375, cstick acc: 0.947347265625, trigger acc: 0.8667375, 
iter: 12000, loss: 5.163948955496152, 
button acc: 0.7763997395833333, coarse acc: 0.3949886067708333, fine acc: 0.3751630859375, stick acc: 0.510373046875, cstick acc: 0.9473844401041667, trigger acc: 0.8673411458333333, 
iter: 14000, loss: 5.152511915513448, 
button acc: 0.7769112723214285, coarse acc: 0.39615708705357144, fine acc: 0.376154296875, stick acc: 0.5113415178571429, cstick acc: 0.9475011160714286, trigger acc: 0.8677173549107143, 
iter: 16000, loss: 5.140952293008566, 
button acc: 0.7773427734375, coarse acc: 0.3973720703125, fine acc: 0.37725732421875, stick acc: 0.512386474609375, cstick acc: 0.947569580078125, trigger acc: 0.868283447265625, 
iter: 18000, loss: 5.130164305660459, 
button acc: 0.7777567274305556, coarse acc: 0.39842230902777775, fine acc: 0.3782146267361111, stick acc: 0.513388671875, cstick acc: 0.9475783420138889, trigger acc: 0.8687784288194444, 
iter: 20000, loss: 5.120110487413406, 
button acc: 0.77825625, coarse acc: 0.399365625, fine acc: 0.3790521484375, stick acc: 0.5142302734375, cstick acc: 0.947589453125, trigger acc: 0.869225, 
iter: 22000, loss: 5.110286713990298, 
button acc: 0.7786896306818182, coarse acc: 0.40024644886363636, fine acc: 0.37981924715909093, stick acc: 0.51508203125, cstick acc: 0.947583984375, trigger acc: 0.8696184303977272, 
iter: 24000, loss: 5.100376298924287, 
button acc: 0.77907470703125, coarse acc: 0.40116569010416664, fine acc: 0.3806306966145833, stick acc: 0.5158722330729166, cstick acc: 0.9476272786458333, trigger acc: 0.8699384765625, 
iter: 26000, loss: 5.091186217473103, 
button acc: 0.7794699519230769, coarse acc: 0.4020958533653846, fine acc: 0.38148843149038464, stick acc: 0.516760516826923, cstick acc: 0.9476514423076923, trigger acc: 0.8702869591346154, 
iter: 26342, loss: 5.0894526340325905, 
button acc: 0.7795521556518694, coarse acc: 0.4022594339195953, fine acc: 0.38164879478024555, stick acc: 0.5169145389628675, cstick acc: 0.9476602438006964, trigger acc: 0.8703690494744611, 
***EVAL EPOCH 1***
iter: 6481, loss: 5.154987356725656, 
button acc: 0.7716365135643751, coarse acc: 0.39641032008863286, fine acc: 0.3773377344365025, stick acc: 0.5141563058702406, cstick acc: 0.9481903919159869, trigger acc: 0.8669457943384421, 
***TRAIN EPOCH 2***
iter: 2000, loss: 4.935677690029144, 
button acc: 0.786640625, coarse acc: 0.418130859375, fine acc: 0.39559375, stick acc: 0.530263671875, cstick acc: 0.948654296875, trigger acc: 0.87733203125, 
iter: 4000, loss: 4.932546620368957, 
button acc: 0.7868525390625, coarse acc: 0.418728515625, fine acc: 0.3961484375, stick acc: 0.5312236328125, cstick acc: 0.9484677734375, trigger acc: 0.87696875, 
iter: 6000, loss: 4.924950040658315, 
button acc: 0.787005859375, coarse acc: 0.4190475260416667, fine acc: 0.3964596354166667, stick acc: 0.5315748697916667, cstick acc: 0.9482552083333333, trigger acc: 0.8770911458333334, 
iter: 8000, loss: 4.919895525455475, 
button acc: 0.78712744140625, coarse acc: 0.4194365234375, fine acc: 0.39683154296875, stick acc: 0.53198388671875, cstick acc: 0.94828125, trigger acc: 0.87726123046875, 
iter: 10000, loss: 4.9143315480709076, 
button acc: 0.7875765625, coarse acc: 0.420055859375, fine acc: 0.397426953125, stick acc: 0.532540234375, cstick acc: 0.948402734375, trigger acc: 0.877513671875, 
iter: 12000, loss: 4.908903385917346, 
button acc: 0.7878323567708333, coarse acc: 0.42064713541666665, fine acc: 0.3979837239583333, stick acc: 0.5331246744791667, cstick acc: 0.94840234375, trigger acc: 0.8777770182291667, 
iter: 14000, loss: 4.902423182759966, 
button acc: 0.7882173549107143, coarse acc: 0.421236328125, fine acc: 0.39851646205357144, stick acc: 0.5335613839285714, cstick acc: 0.9484274553571429, trigger acc: 0.8782611607142857, 
iter: 16000, loss: 4.895537310898304, 
button acc: 0.788456787109375, coarse acc: 0.42180810546875, fine acc: 0.399016357421875, stick acc: 0.534044677734375, cstick acc: 0.948514892578125, trigger acc: 0.878474365234375, 
iter: 18000, loss: 4.88931194559733, 
button acc: 0.7887591145833334, coarse acc: 0.4224296875, fine acc: 0.39957703993055554, stick acc: 0.5345603298611111, cstick acc: 0.94858203125, trigger acc: 0.8786744791666666, 
iter: 20000, loss: 4.8834129304885865, 
button acc: 0.789099609375, coarse acc: 0.42308203125, fine acc: 0.40015703125, stick acc: 0.5350982421875, cstick acc: 0.9486197265625, trigger acc: 0.87898515625, 
iter: 22000, loss: 4.876993712707, 
button acc: 0.7894318181818182, coarse acc: 0.4237432528409091, fine acc: 0.400748046875, stick acc: 0.5357043678977272, cstick acc: 0.9486141690340909, trigger acc: 0.8792958096590909, 
iter: 24000, loss: 4.871943230569363, 
button acc: 0.78975048828125, coarse acc: 0.424296875, fine acc: 0.4012490234375, stick acc: 0.5361783854166666, cstick acc: 0.94861328125, trigger acc: 0.8795625, 
iter: 26000, loss: 4.866076866259942, 
button acc: 0.790071063701923, coarse acc: 0.4249442608173077, fine acc: 0.40186283052884614, stick acc: 0.5367288161057693, cstick acc: 0.9486221454326923, trigger acc: 0.8798100961538462, 
iter: 26342, loss: 4.865203680060609, 
button acc: 0.790105196754366, coarse acc: 0.4250329096684654, fine acc: 0.40194950395635237, stick acc: 0.5368032933840037, cstick acc: 0.9486253271503542, trigger acc: 0.8798675872426895, 
***EVAL EPOCH 2***
iter: 6481, loss: 5.157908896534665, 
button acc: 0.7685930735669791, coarse acc: 0.39472072565157584, fine acc: 0.376530008233985, stick acc: 0.515577662874372, cstick acc: 0.9481120304187277, trigger acc: 0.8639746880308238, 
***TRAIN EPOCH 0***
iter: 2000, loss: 7.299915051221848, 
button acc: 0.728669921875, coarse acc: 0.262814453125, fine acc: 0.258384765625, stick acc: 0.375896484375, cstick acc: 0.94481640625, trigger acc: 0.800494140625, 
iter: 4000, loss: 6.902484766125679, 
button acc: 0.738177734375, coarse acc: 0.2727724609375, fine acc: 0.266953125, stick acc: 0.3851630859375, cstick acc: 0.94483984375, trigger acc: 0.8129736328125, 
iter: 6000, loss: 6.587760471185049, 
button acc: 0.7429205729166667, coarse acc: 0.2897708333333333, fine acc: 0.28210611979166667, stick acc: 0.404384765625, cstick acc: 0.945259765625, trigger acc: 0.8224889322916666, 
iter: 8000, loss: 6.371419301331043, 
button acc: 0.74639599609375, coarse acc: 0.30355126953125, fine acc: 0.29431298828125, stick acc: 0.41929736328125, cstick acc: 0.9455947265625, trigger acc: 0.829029296875, 
iter: 10000, loss: 6.216614455604553, 
button acc: 0.74914453125, coarse acc: 0.31375390625, fine acc: 0.3032046875, stick acc: 0.42995625, cstick acc: 0.9458796875, trigger acc: 0.8334125, 
iter: 12000, loss: 6.096650331894557, 
button acc: 0.7516640625, coarse acc: 0.32221647135416664, fine acc: 0.3106585286458333, stick acc: 0.43852799479166665, cstick acc: 0.9460289713541666, trigger acc: 0.8370579427083333, 
iter: 14000, loss: 6.000361483573913, 
button acc: 0.7536693638392857, coarse acc: 0.3294224330357143, fine acc: 0.31699135044642857, stick acc: 0.4458992745535714, cstick acc: 0.9460189732142857, trigger acc: 0.8399734933035714, 
iter: 16000, loss: 5.918370700150728, 
button acc: 0.75570751953125, coarse acc: 0.335641357421875, fine acc: 0.32247265625, stick acc: 0.452134765625, cstick acc: 0.94609619140625, trigger acc: 0.842577880859375, 
iter: 18000, loss: 5.849013568613264, 
button acc: 0.7575703125, coarse acc: 0.34106901041666665, fine acc: 0.32731532118055556, stick acc: 0.45760546875, cstick acc: 0.9461297743055556, trigger acc: 0.8449329427083333, 
iter: 20000, loss: 5.787052166628838, 
button acc: 0.759173046875, coarse acc: 0.345866796875, fine acc: 0.3315791015625, stick acc: 0.4623548828125, cstick acc: 0.9462208984375, trigger acc: 0.8468763671875, 
iter: 22000, loss: 5.731128394668753, 
button acc: 0.7607865767045454, coarse acc: 0.35023171164772726, fine acc: 0.3354815340909091, stick acc: 0.46665571732954547, cstick acc: 0.9463332741477273, trigger acc: 0.84869921875, 
iter: 24000, loss: 5.681078683574994, 
button acc: 0.7622117513020833, coarse acc: 0.35434212239583335, fine acc: 0.3391267903645833, stick acc: 0.47064534505208333, cstick acc: 0.9464656575520833, trigger acc: 0.8503546549479166, 
iter: 26000, loss: 5.635512931511952, 
button acc: 0.7635794771634615, coarse acc: 0.35808743990384617, fine acc: 0.3424579326923077, stick acc: 0.4742518028846154, cstick acc: 0.9466062199519231, trigger acc: 0.8518832632211538, 
iter: 26342, loss: 5.6282989380526365, 
button acc: 0.7637839868233796, coarse acc: 0.3586837259631889, fine acc: 0.3429934103551308, stick acc: 0.47486030537147184, cstick acc: 0.9466106340974269, trigger acc: 0.8521085395492135, 
***EVAL EPOCH 0***
iter: 6481, loss: 5.2184505728250885, 
button acc: 0.7683718530324091, coarse acc: 0.38863324287603573, fine acc: 0.3712122764738291, stick acc: 0.5102086947506236, cstick acc: 0.9478232984403651, trigger acc: 0.8626588176576181, 
***TRAIN EPOCH 1***
iter: 2000, loss: 5.026604777574539, 
button acc: 0.783478515625, coarse acc: 0.409826171875, fine acc: 0.3879296875, stick acc: 0.52251171875, cstick acc: 0.948146484375, trigger acc: 0.873822265625, 
iter: 4000, loss: 5.009658715844155, 
button acc: 0.7845107421875, coarse acc: 0.41140625, fine acc: 0.3894580078125, stick acc: 0.52416015625, cstick acc: 0.947798828125, trigger acc: 0.874591796875, 
iter: 6000, loss: 4.9910686865647635, 
button acc: 0.785046875, coarse acc: 0.413341796875, fine acc: 0.3912506510416667, stick acc: 0.5261829427083333, cstick acc: 0.9478795572916666, trigger acc: 0.8751022135416666, 
iter: 8000, loss: 4.976898892581463, 
button acc: 0.78580126953125, coarse acc: 0.4148486328125, fine acc: 0.392671875, stick acc: 0.52751611328125, cstick acc: 0.94806884765625, trigger acc: 0.8756572265625, 
iter: 10000, loss: 4.960143495607376, 
button acc: 0.786493359375, coarse acc: 0.416431640625, fine acc: 0.39416328125, stick acc: 0.52901875, cstick acc: 0.9481328125, trigger acc: 0.876295703125, 
iter: 12000, loss: 4.9450532699823375, 
button acc: 0.7872347005208333, coarse acc: 0.4179765625, fine acc: 0.3955393880208333, stick acc: 0.53032421875, cstick acc: 0.9482268880208333, trigger acc: 0.8771061197916666, 
iter: 14000, loss: 4.930523986475809, 
button acc: 0.7879213169642857, coarse acc: 0.41953738839285715, fine acc: 0.396974609375, stick acc: 0.5316796875, cstick acc: 0.9482594866071429, trigger acc: 0.877744140625, 
iter: 16000, loss: 4.915619192540645, 
button acc: 0.788697021484375, coarse acc: 0.4209931640625, fine acc: 0.398267822265625, stick acc: 0.53291796875, cstick acc: 0.94833349609375, trigger acc: 0.8783310546875, 
iter: 18000, loss: 4.900905754062864, 
button acc: 0.7894275173611112, coarse acc: 0.42245789930555555, fine acc: 0.39961393229166664, stick acc: 0.5341506076388889, cstick acc: 0.9484429253472222, trigger acc: 0.878939453125, 
iter: 20000, loss: 4.887056343579292, 
button acc: 0.790175, coarse acc: 0.423948828125, fine acc: 0.400984375, stick acc: 0.53546328125, cstick acc: 0.9485140625, trigger acc: 0.879542578125, 
iter: 22000, loss: 4.873190268538215, 
button acc: 0.7909012784090909, coarse acc: 0.42531498579545457, fine acc: 0.4022127130681818, stick acc: 0.5366949573863636, cstick acc: 0.9485767045454545, trigger acc: 0.8801688565340909, 
iter: 24000, loss: 4.8591267910699045, 
button acc: 0.7915782877604167, coarse acc: 0.426775390625, fine acc: 0.4035625, stick acc: 0.5379557291666667, cstick acc: 0.9486809895833334, trigger acc: 0.8808196614583333, 
iter: 26000, loss: 4.845797306968616, 
button acc: 0.7922797475961538, coarse acc: 0.42818765024038463, fine acc: 0.404859375, stick acc: 0.5391554987980769, cstick acc: 0.94874609375, trigger acc: 0.881458984375, 
iter: 26342, loss: 4.843585093276085, 
button acc: 0.7923970472720305, coarse acc: 0.42844199097228886, fine acc: 0.4050981847743124, stick acc: 0.5393941002681265, cstick acc: 0.9487687253677971, trigger acc: 0.8815428402545341, 
***EVAL EPOCH 1***
iter: 6481, loss: 5.289465059157673, 
button acc: 0.7652964656553614, coarse acc: 0.3890160086511093, fine acc: 0.3694557733737277, stick acc: 0.507678221169901, cstick acc: 0.9469221412218848, trigger acc: 0.8630861892080546, 
***TRAIN EPOCH 2***
iter: 2000, loss: 4.610870699286461, 
button acc: 0.8048203125, coarse acc: 0.454849609375, fine acc: 0.4284921875, stick acc: 0.56178515625, cstick acc: 0.949859375, trigger acc: 0.892345703125, 
iter: 4000, loss: 4.595583296179772, 
button acc: 0.8053212890625, coarse acc: 0.45609765625, fine acc: 0.429857421875, stick acc: 0.562923828125, cstick acc: 0.9505029296875, trigger acc: 0.893359375, 
iter: 6000, loss: 4.582046401937802, 
button acc: 0.8056315104166667, coarse acc: 0.45709765625, fine acc: 0.43091080729166664, stick acc: 0.5642591145833333, cstick acc: 0.950623046875, trigger acc: 0.8939622395833333, 
iter: 8000, loss: 4.57146194717288, 
button acc: 0.8062138671875, coarse acc: 0.45823095703125, fine acc: 0.4318251953125, stick acc: 0.5652021484375, cstick acc: 0.95058349609375, trigger acc: 0.8944453125, 
iter: 10000, loss: 4.561781334781647, 
button acc: 0.8065359375, coarse acc: 0.459237109375, fine acc: 0.432685546875, stick acc: 0.566151953125, cstick acc: 0.95060703125, trigger acc: 0.8948546875, 
iter: 12000, loss: 4.5520923378666245, 
button acc: 0.8071533203125, coarse acc: 0.46034765625, fine acc: 0.4337138671875, stick acc: 0.5670426432291666, cstick acc: 0.9507317708333334, trigger acc: 0.8952421875, 
iter: 14000, loss: 4.541656857745988, 
button acc: 0.807515625, coarse acc: 0.46144112723214287, fine acc: 0.4347723214285714, stick acc: 0.5680962611607143, cstick acc: 0.9507703683035714, trigger acc: 0.8956671316964285, 
iter: 16000, loss: 4.532806204378605, 
button acc: 0.80805517578125, coarse acc: 0.462554443359375, fine acc: 0.435768798828125, stick acc: 0.568998779296875, cstick acc: 0.950884765625, trigger acc: 0.896067626953125, 
iter: 18000, loss: 4.523388241251309, 
button acc: 0.8085581597222222, coarse acc: 0.4636213107638889, fine acc: 0.43675, stick acc: 0.5699340277777778, cstick acc: 0.9509644097222222, trigger acc: 0.8965023871527777, 
iter: 20000, loss: 4.514080622553825, 
button acc: 0.8089970703125, coarse acc: 0.464565625, fine acc: 0.437649609375, stick acc: 0.5708693359375, cstick acc: 0.9510193359375, trigger acc: 0.896887109375, 
iter: 22000, loss: 4.505027298038656, 
button acc: 0.8093742897727273, coarse acc: 0.46556587357954543, fine acc: 0.4385481178977273, stick acc: 0.571810546875, cstick acc: 0.9510873579545455, trigger acc: 0.8972622514204546, 
iter: 24000, loss: 4.4947795578837395, 
button acc: 0.8098388671875, coarse acc: 0.46662630208333333, fine acc: 0.4395087890625, stick acc: 0.5727654622395834, cstick acc: 0.9511686197916667, trigger acc: 0.8976847330729166, 
iter: 26000, loss: 4.48423165674393, 
button acc: 0.8103500600961538, coarse acc: 0.46774459134615387, fine acc: 0.44057166466346154, stick acc: 0.5738365384615385, cstick acc: 0.9512699819711539, trigger acc: 0.898084735576923, 
iter: 26342, loss: 4.482558483985496, 
button acc: 0.8104241458278311, coarse acc: 0.46792484391170763, fine acc: 0.440725746237947, stick acc: 0.5739846568356092, cstick acc: 0.9512699639754613, trigger acc: 0.898157607245777, 
***EVAL EPOCH 2***
iter: 6481, loss: 5.531255922904631, 
button acc: 0.7615357165676699, coarse acc: 0.3792835106915221, fine acc: 0.3595767996923407, stick acc: 0.49830377497471334, cstick acc: 0.9455580483888273, trigger acc: 0.8575990760576693, 
***TRAIN EPOCH 0***
iter: 2000, loss: 8.421647531986237, 
button acc: 0.71697265625, coarse acc: 0.252271484375, fine acc: 0.24898046875, stick acc: 0.362740234375, cstick acc: 0.94046484375, trigger acc: 0.7861640625, 
iter: 4000, loss: 7.697801442503929, 
button acc: 0.7250615234375, coarse acc: 0.2637978515625, fine acc: 0.2588681640625, stick acc: 0.37745703125, cstick acc: 0.94281640625, trigger acc: 0.797416015625, 
iter: 6000, loss: 7.333224062363307, 
button acc: 0.7312102864583333, coarse acc: 0.27855859375, fine acc: 0.271171875, stick acc: 0.3958912760416667, cstick acc: 0.9436028645833333, trigger acc: 0.8050559895833334, 
iter: 8000, loss: 7.065172309219837, 
button acc: 0.73570068359375, coarse acc: 0.28902392578125, fine acc: 0.28054443359375, stick acc: 0.4080869140625, cstick acc: 0.94410205078125, trigger acc: 0.8116474609375, 
iter: 10000, loss: 6.861414062309265, 
button acc: 0.738603515625, coarse acc: 0.29661015625, fine acc: 0.2873859375, stick acc: 0.41674296875, cstick acc: 0.94444140625, trigger acc: 0.81654140625, 
iter: 12000, loss: 6.704507468104363, 
button acc: 0.7411409505208333, coarse acc: 0.30284765625, fine acc: 0.2930260416666667, stick acc: 0.42338671875, cstick acc: 0.9446998697916666, trigger acc: 0.820587890625, 
iter: 14000, loss: 6.579560999086925, 
button acc: 0.7432142857142857, coarse acc: 0.30837751116071427, fine acc: 0.2979907924107143, stick acc: 0.429064453125, cstick acc: 0.944818359375, trigger acc: 0.8240181361607143, 
iter: 16000, loss: 6.477219710439444, 
button acc: 0.744954345703125, coarse acc: 0.313054443359375, fine acc: 0.302200927734375, stick acc: 0.4337626953125, cstick acc: 0.944992431640625, trigger acc: 0.8269326171875, 
iter: 18000, loss: 6.391419694450167, 
button acc: 0.7463810763888888, coarse acc: 0.3170056423611111, fine acc: 0.30573589409722224, stick acc: 0.4377478298611111, cstick acc: 0.9450160590277777, trigger acc: 0.8293676215277778, 
iter: 20000, loss: 6.317093581104278, 
button acc: 0.7477595703125, coarse acc: 0.3206849609375, fine acc: 0.3089982421875, stick acc: 0.441358984375, cstick acc: 0.9451462890625, trigger acc: 0.8314068359375, 
iter: 22000, loss: 6.250900935844942, 
button acc: 0.7489996448863636, coarse acc: 0.32410866477272726, fine acc: 0.31204083806818184, stick acc: 0.4446471946022727, cstick acc: 0.9452556818181819, trigger acc: 0.8333071732954546, 
iter: 24000, loss: 6.1946892403960225, 
button acc: 0.75013525390625, coarse acc: 0.3269129231770833, fine acc: 0.31454215494791665, stick acc: 0.4473359375, cstick acc: 0.94533447265625, trigger acc: 0.83489208984375, 
iter: 26000, loss: 6.142221669857318, 
button acc: 0.7511929086538461, coarse acc: 0.32970147235576924, fine acc: 0.317033203125, stick acc: 0.4500018028846154, cstick acc: 0.9454371995192308, trigger acc: 0.83646875, 
iter: 26342, loss: 6.13381801653665, 
button acc: 0.7513681035207599, coarse acc: 0.3301703176366906, fine acc: 0.31745325358988613, stick acc: 0.4504532466201693, cstick acc: 0.9454515850100075, trigger acc: 0.836707244753768, 
***EVAL EPOCH 0***
iter: 6481, loss: 5.451134732541727, 
button acc: 0.7609606637339374, coarse acc: 0.36559194877810314, fine acc: 0.3511891055818703, stick acc: 0.48606672300657394, cstick acc: 0.9475068385475878, trigger acc: 0.8557153862197088, 
***TRAIN EPOCH 1***
iter: 2000, loss: 5.474074746131897, 
button acc: 0.76534765625, coarse acc: 0.36743359375, fine acc: 0.3506953125, stick acc: 0.4859921875, cstick acc: 0.9465390625, trigger acc: 0.856140625, 
iter: 4000, loss: 5.459193004727363, 
button acc: 0.76594140625, coarse acc: 0.3682939453125, fine acc: 0.3513076171875, stick acc: 0.486890625, cstick acc: 0.946646484375, trigger acc: 0.8566708984375, 
iter: 6000, loss: 5.448216083526611, 
button acc: 0.76621484375, coarse acc: 0.36941145833333333, fine acc: 0.35240299479166665, stick acc: 0.48794010416666667, cstick acc: 0.9463873697916667, trigger acc: 0.8572591145833334, 
iter: 8000, loss: 5.436656835258007, 
button acc: 0.766771484375, coarse acc: 0.37037548828125, fine acc: 0.353318359375, stick acc: 0.488640625, cstick acc: 0.94641748046875, trigger acc: 0.85773779296875, 
iter: 10000, loss: 5.426282803010941, 
button acc: 0.7670625, coarse acc: 0.37104921875, fine acc: 0.35386328125, stick acc: 0.489084765625, cstick acc: 0.94641171875, trigger acc: 0.85804375, 
iter: 12000, loss: 5.413966253797213, 
button acc: 0.7675348307291666, coarse acc: 0.37202994791666666, fine acc: 0.35472005208333335, stick acc: 0.4899296875, cstick acc: 0.9464677734375, trigger acc: 0.8585960286458333, 
iter: 14000, loss: 5.404389728171485, 
button acc: 0.7679483816964285, coarse acc: 0.37305552455357144, fine acc: 0.35557589285714286, stick acc: 0.4908314732142857, cstick acc: 0.9464907924107143, trigger acc: 0.8590530133928571, 
iter: 16000, loss: 5.3942810921669, 
button acc: 0.768393798828125, coarse acc: 0.37410888671875, fine acc: 0.35653369140625, stick acc: 0.491728515625, cstick acc: 0.946539306640625, trigger acc: 0.85944580078125, 
iter: 18000, loss: 5.383936285230848, 
button acc: 0.7687298177083334, coarse acc: 0.37518880208333333, fine acc: 0.35747591145833335, stick acc: 0.49257942708333335, cstick acc: 0.94662109375, trigger acc: 0.8598878038194444, 
iter: 20000, loss: 5.373584008193016, 
button acc: 0.7690734375, coarse acc: 0.37604453125, fine acc: 0.3582642578125, stick acc: 0.4933861328125, cstick acc: 0.946630859375, trigger acc: 0.8602853515625, 
iter: 22000, loss: 5.362300786646929, 
button acc: 0.769459872159091, coarse acc: 0.377048828125, fine acc: 0.35919691051136365, stick acc: 0.49431960227272725, cstick acc: 0.9466715198863637, trigger acc: 0.8606590909090909, 
iter: 24000, loss: 5.353346205532551, 
button acc: 0.7699295247395833, coarse acc: 0.3778671875, fine acc: 0.35991015625, stick acc: 0.49502327473958335, cstick acc: 0.946677734375, trigger acc: 0.8609996744791667, 
iter: 26000, loss: 5.343134457313098, 
button acc: 0.7703544170673077, coarse acc: 0.37878260216346155, fine acc: 0.3607264122596154, stick acc: 0.4958121995192308, cstick acc: 0.9467122896634615, trigger acc: 0.8614089543269231, 
iter: 26342, loss: 5.341708038727738, 
button acc: 0.7704016588519335, coarse acc: 0.3789237837732831, fine acc: 0.3608520493711017, stick acc: 0.4959229380648715, cstick acc: 0.9467165144772142, trigger acc: 0.8614590820526973, 
***EVAL EPOCH 1***
iter: 6481, loss: 5.299844971889148, 
button acc: 0.7655279334626499, coarse acc: 0.3797681464130326, fine acc: 0.3626841344490403, stick acc: 0.5015901356136128, cstick acc: 0.9476906866757727, trigger acc: 0.8604466123119173, 
***TRAIN EPOCH 2***
iter: 2000, loss: 5.191977177143097, 
button acc: 0.776017578125, coarse acc: 0.3935390625, fine acc: 0.37427734375, stick acc: 0.509193359375, cstick acc: 0.946734375, trigger acc: 0.867384765625, 
iter: 4000, loss: 5.188441029548645, 
button acc: 0.776236328125, coarse acc: 0.3933701171875, fine acc: 0.3738193359375, stick acc: 0.50899609375, cstick acc: 0.9469736328125, trigger acc: 0.867384765625, 
iter: 6000, loss: 5.184377539237341, 
button acc: 0.776236328125, coarse acc: 0.3938704427083333, fine acc: 0.374099609375, stick acc: 0.509365234375, cstick acc: 0.94715234375, trigger acc: 0.86757421875, 
iter: 8000, loss: 5.177798257827758, 
button acc: 0.77680224609375, coarse acc: 0.394537109375, fine acc: 0.3747080078125, stick acc: 0.51002734375, cstick acc: 0.94717578125, trigger acc: 0.86790771484375, 
iter: 10000, loss: 5.171530458211898, 
button acc: 0.77700390625, coarse acc: 0.395238671875, fine acc: 0.37533984375, stick acc: 0.510552734375, cstick acc: 0.947219140625, trigger acc: 0.868094921875, 
iter: 12000, loss: 5.165878927350044, 
button acc: 0.7773098958333333, coarse acc: 0.3957763671875, fine acc: 0.3757994791666667, stick acc: 0.5108971354166667, cstick acc: 0.9471930338541666, trigger acc: 0.8683294270833334, 
iter: 14000, loss: 5.16001796228545, 
button acc: 0.7776989397321429, coarse acc: 0.39639146205357145, fine acc: 0.37636049107142855, stick acc: 0.5113959263392858, cstick acc: 0.9472059151785714, trigger acc: 0.8686272321428572, 
iter: 16000, loss: 5.154266063213348, 
button acc: 0.777856201171875, coarse acc: 0.396810791015625, fine acc: 0.376732666015625, stick acc: 0.511923828125, cstick acc: 0.9472236328125, trigger acc: 0.86891845703125, 
iter: 18000, loss: 5.148102868053648, 
button acc: 0.7782489149305556, coarse acc: 0.3974765625, fine acc: 0.37733572048611114, stick acc: 0.5124251302083334, cstick acc: 0.9472404513888889, trigger acc: 0.8692384982638889, 
iter: 20000, loss: 5.141441547298432, 
button acc: 0.7785494140625, coarse acc: 0.3981484375, fine acc: 0.37794765625, stick acc: 0.512969140625, cstick acc: 0.9473287109375, trigger acc: 0.8695220703125, 
iter: 22000, loss: 5.135568044532429, 
button acc: 0.7788023792613636, coarse acc: 0.39872425426136365, fine acc: 0.37847088068181817, stick acc: 0.5135227272727273, cstick acc: 0.9473338068181818, trigger acc: 0.8697347301136363, 
iter: 24000, loss: 5.1291948488156, 
button acc: 0.77905322265625, coarse acc: 0.39935302734375, fine acc: 0.37905013020833334, stick acc: 0.51404931640625, cstick acc: 0.9473732096354167, trigger acc: 0.8699969075520834, 
iter: 26000, loss: 5.123004036793342, 
button acc: 0.7793587740384615, coarse acc: 0.3999909855769231, fine acc: 0.3796427283653846, stick acc: 0.5146484375, cstick acc: 0.9474085036057692, trigger acc: 0.8702454927884615, 
iter: 26342, loss: 5.1219482968367815, 
button acc: 0.7794355982589943, coarse acc: 0.40012165863246146, fine acc: 0.37976697122352193, stick acc: 0.5147474018897423, cstick acc: 0.9474142276241317, trigger acc: 0.8702920860051199, 
***EVAL EPOCH 2***
iter: 6481, loss: 5.2501690938431915, 
button acc: 0.766055969398027, coarse acc: 0.3865108518618089, fine acc: 0.3673466435359601, stick acc: 0.5043327880176832, cstick acc: 0.947855848600765, trigger acc: 0.8629945665343361, 
***TRAIN EPOCH 0***
iter: 2000, loss: 8.407680075883865, 
button acc: 0.72061328125, coarse acc: 0.253560546875, fine acc: 0.24909375, stick acc: 0.36262109375, cstick acc: 0.941482421875, trigger acc: 0.78812890625, 
iter: 4000, loss: 7.633423785448074, 
button acc: 0.731169921875, coarse acc: 0.266615234375, fine acc: 0.260689453125, stick acc: 0.378923828125, cstick acc: 0.943392578125, trigger acc: 0.80225390625, 
iter: 6000, loss: 7.219343285640081, 
button acc: 0.737892578125, coarse acc: 0.28313671875, fine acc: 0.27520052083333335, stick acc: 0.398818359375, cstick acc: 0.9440559895833334, trigger acc: 0.8123671875, 
iter: 8000, loss: 6.927356936752796, 
button acc: 0.74197607421875, coarse acc: 0.2950458984375, fine acc: 0.28586669921875, stick acc: 0.41241455078125, cstick acc: 0.944375, trigger acc: 0.81920654296875, 
iter: 10000, loss: 6.71921132311821, 
button acc: 0.7447625, coarse acc: 0.304026953125, fine acc: 0.293907421875, stick acc: 0.42219453125, cstick acc: 0.944702734375, trigger acc: 0.824332421875, 
iter: 12000, loss: 6.560020437876384, 
button acc: 0.7473929036458333, coarse acc: 0.311455078125, fine acc: 0.30060221354166666, stick acc: 0.429763671875, cstick acc: 0.9449820963541666, trigger acc: 0.8283639322916667, 
iter: 14000, loss: 6.433054695129394, 
button acc: 0.7492689732142858, coarse acc: 0.31755775669642855, fine acc: 0.3060577566964286, stick acc: 0.43600809151785713, cstick acc: 0.9452971540178572, trigger acc: 0.8316040736607143, 
iter: 16000, loss: 6.329825395762921, 
button acc: 0.75104150390625, coarse acc: 0.3230712890625, fine acc: 0.31100048828125, stick acc: 0.4416240234375, cstick acc: 0.945441162109375, trigger acc: 0.83440380859375, 
iter: 18000, loss: 6.243359626028273, 
button acc: 0.7525844184027778, coarse acc: 0.32773936631944445, fine acc: 0.3151831597222222, stick acc: 0.446267578125, cstick acc: 0.9455970052083333, trigger acc: 0.8367296006944445, 
iter: 20000, loss: 6.169400878930092, 
button acc: 0.7540130859375, coarse acc: 0.331897265625, fine acc: 0.318894921875, stick acc: 0.4504111328125, cstick acc: 0.9457142578125, trigger acc: 0.83872421875, 
iter: 22000, loss: 6.104222721511667, 
button acc: 0.7553286576704545, coarse acc: 0.33572105823863635, fine acc: 0.32231747159090907, stick acc: 0.4540946377840909, cstick acc: 0.9458041548295455, trigger acc: 0.8405470525568182, 
iter: 24000, loss: 6.045142240484555, 
button acc: 0.7566233723958333, coarse acc: 0.33929215494791665, fine acc: 0.32549169921875, stick acc: 0.457501953125, cstick acc: 0.9459319661458333, trigger acc: 0.8422688802083333, 
iter: 26000, loss: 5.9935096496985505, 
button acc: 0.7578123497596154, coarse acc: 0.34249368990384615, fine acc: 0.328375, stick acc: 0.46067803485576925, cstick acc: 0.9459900841346154, trigger acc: 0.8437965745192307, 
iter: 26342, loss: 5.984875069130853, 
button acc: 0.758013061249427, coarse acc: 0.3430608831461717, fine acc: 0.32888433072700524, stick acc: 0.46121597239636214, cstick acc: 0.9460116833215714, trigger acc: 0.844054660968503, 
***EVAL EPOCH 0***
iter: 6481, loss: 5.413787598338434, 
button acc: 0.7636255574214968, coarse acc: 0.3735245434237223, fine acc: 0.3562771778769821, stick acc: 0.4935701377595122, cstick acc: 0.9467985711685146, trigger acc: 0.8586485173401938, 
***TRAIN EPOCH 1***
iter: 2000, loss: 5.304473224163055, 
button acc: 0.775435546875, coarse acc: 0.38603515625, fine acc: 0.36733984375, stick acc: 0.5020703125, cstick acc: 0.947, trigger acc: 0.863607421875, 
iter: 4000, loss: 5.287154404163361, 
button acc: 0.77556640625, coarse acc: 0.3882998046875, fine acc: 0.3692119140625, stick acc: 0.5042548828125, cstick acc: 0.9470068359375, trigger acc: 0.865396484375, 
iter: 6000, loss: 5.272631779591243, 
button acc: 0.7759147135416666, coarse acc: 0.389578125, fine acc: 0.37036393229166664, stick acc: 0.5052447916666667, cstick acc: 0.947431640625, trigger acc: 0.8657233072916667, 
iter: 8000, loss: 5.2583763030171395, 
button acc: 0.776505859375, coarse acc: 0.39081787109375, fine acc: 0.37159716796875, stick acc: 0.5067236328125, cstick acc: 0.94731494140625, trigger acc: 0.866107421875, 
iter: 10000, loss: 5.245586219072342, 
button acc: 0.777013671875, coarse acc: 0.392059375, fine acc: 0.372730078125, stick acc: 0.50771328125, cstick acc: 0.947392578125, trigger acc: 0.8668625, 
iter: 12000, loss: 5.231744737148285, 
button acc: 0.7777005208333333, coarse acc: 0.39344921875, fine acc: 0.3739876302083333, stick acc: 0.5089983723958333, cstick acc: 0.9474075520833334, trigger acc: 0.867451171875, 
iter: 14000, loss: 5.218595772027969, 
button acc: 0.7782784598214286, coarse acc: 0.3945859375, fine acc: 0.3749916294642857, stick acc: 0.5100616629464285, cstick acc: 0.9474740513392857, trigger acc: 0.8680237165178571, 
iter: 16000, loss: 5.204659176439047, 
button acc: 0.778929443359375, coarse acc: 0.395863525390625, fine acc: 0.3761494140625, stick acc: 0.511097412109375, cstick acc: 0.947520263671875, trigger acc: 0.868650390625, 
iter: 18000, loss: 5.1909081538783175, 
button acc: 0.7795757378472222, coarse acc: 0.39715668402777776, fine acc: 0.3773229166666667, stick acc: 0.5122230902777778, cstick acc: 0.9475562065972222, trigger acc: 0.8692588975694444, 
iter: 20000, loss: 5.178068852329254, 
button acc: 0.780071484375, coarse acc: 0.3983375, fine acc: 0.37838359375, stick acc: 0.51336640625, cstick acc: 0.947608984375, trigger acc: 0.869774609375, 
iter: 22000, loss: 5.166706330906261, 
button acc: 0.7806090198863637, coarse acc: 0.3995871803977273, fine acc: 0.37948206676136365, stick acc: 0.514426669034091, cstick acc: 0.9475971235795455, trigger acc: 0.8703870738636363, 
iter: 24000, loss: 5.154316746890545, 
button acc: 0.7812301432291666, coarse acc: 0.40090966796875, fine acc: 0.38064762369791666, stick acc: 0.5155322265625, cstick acc: 0.9476974283854167, trigger acc: 0.8709153645833333, 
iter: 26000, loss: 5.141357727894416, 
button acc: 0.7818209134615385, coarse acc: 0.4021455829326923, fine acc: 0.38174954927884613, stick acc: 0.5165686598557693, cstick acc: 0.9477782451923077, trigger acc: 0.8715238882211539, 
iter: 26342, loss: 5.139712325750619, 
button acc: 0.7819295705660848, coarse acc: 0.40235419241074943, fine acc: 0.3819258039531344, stick acc: 0.516720573225106, cstick acc: 0.947794447923536, trigger acc: 0.8716262677655489, 
***EVAL EPOCH 1***
iter: 6481, loss: 5.412074230019279, 
button acc: 0.7617834594551586, coarse acc: 0.37921720480922594, fine acc: 0.3600632437560956, stick acc: 0.4978745950820324, cstick acc: 0.9468130379064701, trigger acc: 0.8594351462165261, 
***TRAIN EPOCH 2***
iter: 2000, loss: 4.924184810400009, 
button acc: 0.792728515625, coarse acc: 0.42418359375, fine acc: 0.40121875, stick acc: 0.53555078125, cstick acc: 0.948640625, trigger acc: 0.88118359375, 
iter: 4000, loss: 4.920250060796738, 
button acc: 0.79307421875, coarse acc: 0.4249140625, fine acc: 0.4017607421875, stick acc: 0.5360029296875, cstick acc: 0.94890625, trigger acc: 0.8817958984375, 
iter: 6000, loss: 4.911637711763382, 
button acc: 0.7935592447916666, coarse acc: 0.42578450520833333, fine acc: 0.4027161458333333, stick acc: 0.5370208333333333, cstick acc: 0.9488404947916667, trigger acc: 0.882146484375, 
iter: 8000, loss: 4.90297895348072, 
button acc: 0.793865234375, coarse acc: 0.4269072265625, fine acc: 0.40373193359375, stick acc: 0.538033203125, cstick acc: 0.9490078125, trigger acc: 0.88259912109375, 
iter: 10000, loss: 4.893519244766235, 
button acc: 0.7944734375, coarse acc: 0.42781796875, fine acc: 0.40453515625, stick acc: 0.53865625, cstick acc: 0.949044921875, trigger acc: 0.8831484375, 
iter: 12000, loss: 4.882610635677973, 
button acc: 0.7948639322916666, coarse acc: 0.4288427734375, fine acc: 0.4055390625, stick acc: 0.5395953776041666, cstick acc: 0.9490442708333333, trigger acc: 0.8835439453125, 
iter: 14000, loss: 4.872891916070666, 
button acc: 0.7952893415178571, coarse acc: 0.4298325892857143, fine acc: 0.4064073660714286, stick acc: 0.5405119977678572, cstick acc: 0.9490583147321429, trigger acc: 0.8840725446428571, 
iter: 16000, loss: 4.863985305756331, 
button acc: 0.79583203125, coarse acc: 0.430802978515625, fine acc: 0.40726123046875, stick acc: 0.541311767578125, cstick acc: 0.9490517578125, trigger acc: 0.884548828125, 
iter: 18000, loss: 4.855134330272675, 
button acc: 0.7962858072916666, coarse acc: 0.4317239583333333, fine acc: 0.40810611979166667, stick acc: 0.5421423611111111, cstick acc: 0.9490796440972222, trigger acc: 0.885037109375, 
iter: 20000, loss: 4.845365989279747, 
button acc: 0.796827734375, coarse acc: 0.43275234375, fine acc: 0.4090708984375, stick acc: 0.5430626953125, cstick acc: 0.949144921875, trigger acc: 0.8855484375, 
iter: 22000, loss: 4.8366563226092945, 
button acc: 0.7972814275568182, coarse acc: 0.4336368963068182, fine acc: 0.409876953125, stick acc: 0.5438764204545454, cstick acc: 0.9491619318181819, trigger acc: 0.8859227627840909, 
iter: 24000, loss: 4.8271821561455726, 
button acc: 0.7977265625, coarse acc: 0.4346271158854167, fine acc: 0.41076692708333334, stick acc: 0.54474462890625, cstick acc: 0.9492286783854167, trigger acc: 0.8863751627604166, 
iter: 26000, loss: 4.818257466783891, 
button acc: 0.7981953125, coarse acc: 0.43556415264423076, fine acc: 0.41162259615384617, stick acc: 0.5456298076923077, cstick acc: 0.9492579627403847, trigger acc: 0.8867726862980769, 
iter: 26342, loss: 4.8166869517095305, 
button acc: 0.7982783019812236, coarse acc: 0.4357437332977038, fine acc: 0.4117849608042401, stick acc: 0.5457700565837206, cstick acc: 0.9492543811714433, trigger acc: 0.8868386387460797, 
***EVAL EPOCH 2***
iter: 6481, loss: 5.532549295394514, 
button acc: 0.7567586791386022, coarse acc: 0.3731984390389746, fine acc: 0.35317285702402323, stick acc: 0.49000167573047987, cstick acc: 0.9451367046458723, trigger acc: 0.8558986315671455, 
***TRAIN EPOCH 0***
iter: 2000, loss: 9.68269528579712, 
button acc: 0.71135546875, coarse acc: 0.247828125, fine acc: 0.24419921875, stick acc: 0.35428515625, cstick acc: 0.941201171875, trigger acc: 0.781388671875, 
iter: 4000, loss: 8.540276479959488, 
button acc: 0.7189384765625, coarse acc: 0.254408203125, fine acc: 0.251009765625, stick acc: 0.3628505859375, cstick acc: 0.9433046875, trigger acc: 0.7877978515625, 
iter: 6000, loss: 8.026351486444474, 
button acc: 0.7240266927083333, coarse acc: 0.25999609375, fine acc: 0.255751953125, stick acc: 0.37070638020833335, cstick acc: 0.94408203125, trigger acc: 0.7951236979166667, 
iter: 8000, loss: 7.704504038751125, 
button acc: 0.72874072265625, coarse acc: 0.26923095703125, fine acc: 0.26337841796875, stick acc: 0.382927734375, cstick acc: 0.94434716796875, trigger acc: 0.8005791015625, 
iter: 10000, loss: 7.4609175218582156, 
button acc: 0.7324734375, coarse acc: 0.277166015625, fine acc: 0.270319921875, stick acc: 0.392961328125, cstick acc: 0.944483203125, trigger acc: 0.805617578125, 
iter: 12000, loss: 7.2634869119326275, 
button acc: 0.7353024088541666, coarse acc: 0.28345703125, fine acc: 0.27589713541666666, stick acc: 0.40062532552083335, cstick acc: 0.9446715494791667, trigger acc: 0.8098385416666667, 
iter: 14000, loss: 7.104124451875687, 
button acc: 0.7375382254464286, coarse acc: 0.28857421875, fine acc: 0.2804520089285714, stick acc: 0.40672739955357146, cstick acc: 0.9446450892857143, trigger acc: 0.8133071986607143, 
iter: 16000, loss: 6.971810256481171, 
button acc: 0.73927001953125, coarse acc: 0.29293896484375, fine acc: 0.284388916015625, stick acc: 0.411918212890625, cstick acc: 0.94470849609375, trigger acc: 0.8161083984375, 
iter: 18000, loss: 6.861000761429469, 
button acc: 0.7407775607638889, coarse acc: 0.2968404947916667, fine acc: 0.28786414930555554, stick acc: 0.4163671875, cstick acc: 0.944802734375, trigger acc: 0.8185084635416666, 
iter: 20000, loss: 6.765896304488182, 
button acc: 0.7421408203125, coarse acc: 0.300389453125, fine acc: 0.2910158203125, stick acc: 0.4202009765625, cstick acc: 0.9449267578125, trigger acc: 0.8208087890625, 
iter: 22000, loss: 6.68519662250172, 
button acc: 0.743140625, coarse acc: 0.303359375, fine acc: 0.2936644176136364, stick acc: 0.4234318181818182, cstick acc: 0.9449689275568182, trigger acc: 0.8227176846590909, 
iter: 24000, loss: 6.613189060747623, 
button acc: 0.7441043294270834, coarse acc: 0.30615771484375, fine acc: 0.29613802083333335, stick acc: 0.42634130859375, cstick acc: 0.9450281575520834, trigger acc: 0.8244025065104167, 
iter: 26000, loss: 6.548807491669288, 
button acc: 0.7450249399038461, coarse acc: 0.30882752403846153, fine acc: 0.2985178786057692, stick acc: 0.42903786057692306, cstick acc: 0.9451215444711538, trigger acc: 0.8259816706730769, 
iter: 26342, loss: 6.538403409387752, 
button acc: 0.7451730632602646, coarse acc: 0.30926843330700166, fine acc: 0.2989093579422667, stick acc: 0.4295028708560399, cstick acc: 0.9451133313037122, trigger acc: 0.8262390265885802, 
***EVAL EPOCH 0***
iter: 6481, loss: 5.674379019508427, 
button acc: 0.7554464254498854, coarse acc: 0.3461365973508992, fine acc: 0.33297789361884245, stick acc: 0.46888325221913735, cstick acc: 0.9468630687085664, trigger acc: 0.8492005318937321, 
***TRAIN EPOCH 1***
iter: 2000, loss: 5.736578732013703, 
button acc: 0.75767578125, coarse acc: 0.343048828125, fine acc: 0.32929296875, stick acc: 0.46366015625, cstick acc: 0.946017578125, trigger acc: 0.84678515625, 
iter: 4000, loss: 5.725932021737099, 
button acc: 0.757939453125, coarse acc: 0.3440888671875, fine acc: 0.33005859375, stick acc: 0.464783203125, cstick acc: 0.9459287109375, trigger acc: 0.8473779296875, 
iter: 6000, loss: 5.714629015445709, 
button acc: 0.758205078125, coarse acc: 0.345236328125, fine acc: 0.330962890625, stick acc: 0.4654720052083333, cstick acc: 0.9459609375, trigger acc: 0.8477220052083333, 
iter: 8000, loss: 5.702585423707962, 
button acc: 0.75843701171875, coarse acc: 0.34617333984375, fine acc: 0.33181005859375, stick acc: 0.4663984375, cstick acc: 0.9459423828125, trigger acc: 0.84793408203125, 
iter: 10000, loss: 5.688011805677414, 
button acc: 0.75853671875, coarse acc: 0.34715625, fine acc: 0.33271796875, stick acc: 0.46743203125, cstick acc: 0.94593515625, trigger acc: 0.8480578125, 
iter: 12000, loss: 5.673664450844129, 
button acc: 0.75885546875, coarse acc: 0.3481669921875, fine acc: 0.33359440104166665, stick acc: 0.4682919921875, cstick acc: 0.9459602864583333, trigger acc: 0.8483294270833334, 
iter: 14000, loss: 5.661632073913302, 
button acc: 0.7591102120535714, coarse acc: 0.34906752232142857, fine acc: 0.3343588169642857, stick acc: 0.46911300223214286, cstick acc: 0.9459793526785715, trigger acc: 0.8487541852678572, 
iter: 16000, loss: 5.651044550508261, 
button acc: 0.759456298828125, coarse acc: 0.349913818359375, fine acc: 0.335100830078125, stick acc: 0.469791748046875, cstick acc: 0.9459853515625, trigger acc: 0.849099853515625, 
iter: 18000, loss: 5.64012344262335, 
button acc: 0.7597356770833333, coarse acc: 0.35073111979166666, fine acc: 0.3358381076388889, stick acc: 0.47061328125, cstick acc: 0.9459676649305555, trigger acc: 0.8493493923611111, 
iter: 20000, loss: 5.6290642929792405, 
button acc: 0.7599619140625, coarse acc: 0.3515859375, fine acc: 0.33659765625, stick acc: 0.471444140625, cstick acc: 0.94597578125, trigger acc: 0.84968671875, 
iter: 22000, loss: 5.618499578324231, 
button acc: 0.7602721946022727, coarse acc: 0.35238671875, fine acc: 0.3372761008522727, stick acc: 0.47211629971590907, cstick acc: 0.9459660866477273, trigger acc: 0.8500422585227273, 
iter: 24000, loss: 5.608298813025157, 
button acc: 0.7606017252604167, coarse acc: 0.35324609375, fine acc: 0.33807584635416665, stick acc: 0.47292610677083335, cstick acc: 0.9459822591145833, trigger acc: 0.85034521484375, 
iter: 26000, loss: 5.598804210699521, 
button acc: 0.7607575120192308, coarse acc: 0.35393704927884617, fine acc: 0.33864483173076926, stick acc: 0.4735802283653846, cstick acc: 0.9460043569711538, trigger acc: 0.8506494891826923, 
iter: 26342, loss: 5.597178611367269, 
button acc: 0.760837279502997, coarse acc: 0.35408756841259065, fine acc: 0.33877910431426955, stick acc: 0.4737089674601714, cstick acc: 0.9459944814671521, trigger acc: 0.8507313531527366, 
***EVAL EPOCH 1***
iter: 6481, loss: 5.445465127768073, 
button acc: 0.7607382376378711, coarse acc: 0.36382519840528327, fine acc: 0.34859895670708113, stick acc: 0.4852806969109898, cstick acc: 0.9472982764087288, trigger acc: 0.8562006247219673, 
***TRAIN EPOCH 2***
iter: 2000, loss: 5.45165238237381, 
button acc: 0.765443359375, coarse acc: 0.364990234375, fine acc: 0.34845703125, stick acc: 0.484580078125, cstick acc: 0.946693359375, trigger acc: 0.85462890625, 
iter: 4000, loss: 5.446601831674576, 
button acc: 0.76598046875, coarse acc: 0.365751953125, fine acc: 0.3489814453125, stick acc: 0.48459375, cstick acc: 0.9464658203125, trigger acc: 0.85533984375, 
iter: 6000, loss: 5.439062947193782, 
button acc: 0.766150390625, coarse acc: 0.366607421875, fine acc: 0.3499010416666667, stick acc: 0.48534375, cstick acc: 0.94618359375, trigger acc: 0.8558704427083333, 
iter: 8000, loss: 5.43054794549942, 
button acc: 0.76641357421875, coarse acc: 0.36753125, fine acc: 0.350716796875, stick acc: 0.48605078125, cstick acc: 0.94628076171875, trigger acc: 0.85636962890625, 
iter: 10000, loss: 5.4249965693950655, 
button acc: 0.766612109375, coarse acc: 0.368251171875, fine acc: 0.35135234375, stick acc: 0.486637890625, cstick acc: 0.9462625, trigger acc: 0.856650390625, 
iter: 12000, loss: 5.418915466547013, 
button acc: 0.7668108723958333, coarse acc: 0.3689156901041667, fine acc: 0.35189127604166665, stick acc: 0.4871627604166667, cstick acc: 0.9462991536458333, trigger acc: 0.8569192708333333, 
iter: 14000, loss: 5.41332906133788, 
button acc: 0.7668811383928571, coarse acc: 0.36944140625, fine acc: 0.3523423549107143, stick acc: 0.48761802455357145, cstick acc: 0.9463219866071428, trigger acc: 0.857177734375, 
iter: 16000, loss: 5.40711093378067, 
button acc: 0.767069091796875, coarse acc: 0.3698935546875, fine acc: 0.35273779296875, stick acc: 0.487997314453125, cstick acc: 0.946318115234375, trigger acc: 0.85740966796875, 
iter: 18000, loss: 5.40008447154363, 
button acc: 0.7673470052083333, coarse acc: 0.37047178819444443, fine acc: 0.35328233506944445, stick acc: 0.48852690972222224, cstick acc: 0.9463177083333333, trigger acc: 0.8577365451388889, 
iter: 20000, loss: 5.394680936717987, 
button acc: 0.76760234375, coarse acc: 0.3711041015625, fine acc: 0.3538125, stick acc: 0.4890193359375, cstick acc: 0.946352734375, trigger acc: 0.8580203125, 
iter: 22000, loss: 5.388489495125684, 
button acc: 0.7677613636363636, coarse acc: 0.3716200284090909, fine acc: 0.35426225142045453, stick acc: 0.4895126065340909, cstick acc: 0.9463877840909091, trigger acc: 0.8583251065340909, 
iter: 24000, loss: 5.383165624241034, 
button acc: 0.7680213216145834, coarse acc: 0.37221500651041667, fine acc: 0.35480029296875, stick acc: 0.49001643880208334, cstick acc: 0.9463634440104167, trigger acc: 0.8585768229166667, 
iter: 26000, loss: 5.377900691050749, 
button acc: 0.7682881610576923, coarse acc: 0.3727457932692308, fine acc: 0.35529041466346156, stick acc: 0.49052899639423075, cstick acc: 0.9463889723557692, trigger acc: 0.8588010817307692, 
iter: 26342, loss: 5.377008799403831, 
button acc: 0.7683074813682415, coarse acc: 0.3728478218670863, fine acc: 0.35538690158863573, stick acc: 0.4906338127065057, cstick acc: 0.9463724773888297, trigger acc: 0.8588306090390703, 
***EVAL EPOCH 2***
iter: 6481, loss: 5.3725139808919655, 
button acc: 0.7626592998822166, coarse acc: 0.3722984873819906, fine acc: 0.3561433605508934, stick acc: 0.4938160723047563, cstick acc: 0.9471747063553585, trigger acc: 0.8598721622589329, 
***TRAIN EPOCH 0***
iter: 2000, loss: 9.169398881435395, 
button acc: 0.715451171875, coarse acc: 0.246125, fine acc: 0.2418671875, stick acc: 0.35055859375, cstick acc: 0.93630078125, trigger acc: 0.780974609375, 
iter: 4000, loss: 8.185153772115708, 
button acc: 0.7245087890625, coarse acc: 0.2568056640625, fine acc: 0.2513544921875, stick acc: 0.3653212890625, cstick acc: 0.94095703125, trigger acc: 0.794271484375, 
iter: 6000, loss: 7.720269684076309, 
button acc: 0.731103515625, coarse acc: 0.27003125, fine acc: 0.2628606770833333, stick acc: 0.38226106770833335, cstick acc: 0.9423782552083333, trigger acc: 0.8029596354166667, 
iter: 8000, loss: 7.4153659522533415, 
button acc: 0.73574755859375, coarse acc: 0.2810693359375, fine acc: 0.2725634765625, stick acc: 0.39578466796875, cstick acc: 0.943080078125, trigger acc: 0.80951611328125, 
iter: 10000, loss: 7.185929900026322, 
button acc: 0.73896171875, coarse acc: 0.289437109375, fine acc: 0.280097265625, stick acc: 0.40586328125, cstick acc: 0.943529296875, trigger acc: 0.8144734375, 
iter: 12000, loss: 7.006789997378985, 
button acc: 0.7413528645833334, coarse acc: 0.2960576171875, fine acc: 0.28608854166666664, stick acc: 0.41351725260416666, cstick acc: 0.9437799479166666, trigger acc: 0.8183912760416666, 
iter: 14000, loss: 6.859952876806259, 
button acc: 0.7433236607142857, coarse acc: 0.3016459263392857, fine acc: 0.29119140625, stick acc: 0.41967661830357145, cstick acc: 0.9441135602678571, trigger acc: 0.8216509486607143, 
iter: 16000, loss: 6.73827864125371, 
button acc: 0.744970947265625, coarse acc: 0.30658056640625, fine acc: 0.2957236328125, stick acc: 0.425140625, cstick acc: 0.94429736328125, trigger acc: 0.824391845703125, 
iter: 18000, loss: 6.637267272472382, 
button acc: 0.7463860677083334, coarse acc: 0.310658203125, fine acc: 0.2993756510416667, stick acc: 0.42946462673611113, cstick acc: 0.9444772135416667, trigger acc: 0.8268109809027778, 
iter: 20000, loss: 6.549155843830109, 
button acc: 0.747652734375, coarse acc: 0.314553515625, fine acc: 0.3029142578125, stick acc: 0.4335896484375, cstick acc: 0.9446509765625, trigger acc: 0.828878515625, 
iter: 22000, loss: 6.4735310856862505, 
button acc: 0.7487679332386363, coarse acc: 0.3179959161931818, fine acc: 0.30603071732954545, stick acc: 0.43709996448863636, cstick acc: 0.9448503196022727, trigger acc: 0.8306867897727273, 
iter: 24000, loss: 6.406479994634787, 
button acc: 0.74981005859375, coarse acc: 0.32116975911458334, fine acc: 0.3088984375, stick acc: 0.44034847005208333, cstick acc: 0.9449915364583333, trigger acc: 0.8323151041666667, 
iter: 26000, loss: 6.346932450422874, 
button acc: 0.750818359375, coarse acc: 0.3240775240384615, fine acc: 0.311515625, stick acc: 0.44326487379807694, cstick acc: 0.9450928485576923, trigger acc: 0.8337803485576923, 
iter: 26342, loss: 6.337314644957555, 
button acc: 0.7509635633582112, coarse acc: 0.3245629579715692, fine acc: 0.3119566679355506, stick acc: 0.4437639496288181, cstick acc: 0.9451082893808652, trigger acc: 0.8340228657132785, 
***EVAL EPOCH 0***
iter: 6481, loss: 5.585236974785936, 
button acc: 0.7570721251276388, coarse acc: 0.35897040225970445, fine acc: 0.34469775970507144, stick acc: 0.4799382511401598, cstick acc: 0.9473043042162103, trigger acc: 0.8531035372379863, 
***TRAIN EPOCH 1***
iter: 2000, loss: 5.576443652391434, 
button acc: 0.76340625, coarse acc: 0.362912109375, fine acc: 0.346318359375, stick acc: 0.4821484375, cstick acc: 0.946734375, trigger acc: 0.85303125, 
iter: 4000, loss: 5.557644776940346, 
button acc: 0.764125, coarse acc: 0.363974609375, fine acc: 0.3472412109375, stick acc: 0.483134765625, cstick acc: 0.9465947265625, trigger acc: 0.8542294921875, 
iter: 6000, loss: 5.542298662265142, 
button acc: 0.76453515625, coarse acc: 0.3651080729166667, fine acc: 0.34839127604166664, stick acc: 0.48427734375, cstick acc: 0.9466848958333334, trigger acc: 0.8547708333333334, 
iter: 8000, loss: 5.530195530593395, 
button acc: 0.7650107421875, coarse acc: 0.36624560546875, fine acc: 0.34940673828125, stick acc: 0.48528173828125, cstick acc: 0.94671630859375, trigger acc: 0.85518017578125, 
iter: 10000, loss: 5.513990700483322, 
button acc: 0.76532265625, coarse acc: 0.36748359375, fine acc: 0.35051875, stick acc: 0.4862140625, cstick acc: 0.946819140625, trigger acc: 0.8555890625, 
iter: 12000, loss: 5.499396083513895, 
button acc: 0.7659231770833334, coarse acc: 0.3687073567708333, fine acc: 0.3516748046875, stick acc: 0.4873460286458333, cstick acc: 0.9467919921875, trigger acc: 0.8559368489583333, 
iter: 14000, loss: 5.487271685395922, 
button acc: 0.76648046875, coarse acc: 0.36975613839285715, fine acc: 0.35258426339285714, stick acc: 0.4883814174107143, cstick acc: 0.946765625, trigger acc: 0.8564581473214286, 
iter: 16000, loss: 5.475292446017265, 
button acc: 0.7670009765625, coarse acc: 0.370801025390625, fine acc: 0.353517822265625, stick acc: 0.4892783203125, cstick acc: 0.9467666015625, trigger acc: 0.8569091796875, 
iter: 18000, loss: 5.462845221572453, 
button acc: 0.7675203993055556, coarse acc: 0.3719320746527778, fine acc: 0.3545329861111111, stick acc: 0.49026085069444447, cstick acc: 0.9467821180555556, trigger acc: 0.8576024305555555, 
iter: 20000, loss: 5.451614341068268, 
button acc: 0.7679224609375, coarse acc: 0.372798828125, fine acc: 0.3552814453125, stick acc: 0.49103671875, cstick acc: 0.9468107421875, trigger acc: 0.8580775390625, 
iter: 22000, loss: 5.440801827734167, 
button acc: 0.7684002130681818, coarse acc: 0.37372620738636364, fine acc: 0.35609321732954546, stick acc: 0.4917958096590909, cstick acc: 0.9467903053977272, trigger acc: 0.8584975142045455, 
iter: 24000, loss: 5.430509934643904, 
button acc: 0.7688990885416667, coarse acc: 0.37460319010416665, fine acc: 0.35689599609375, stick acc: 0.4925851236979167, cstick acc: 0.9467869466145833, trigger acc: 0.8589119466145834, 
iter: 26000, loss: 5.419766267501391, 
button acc: 0.7693375901442308, coarse acc: 0.37555498798076925, fine acc: 0.3577411358173077, stick acc: 0.49336868990384614, cstick acc: 0.9468099459134616, trigger acc: 0.8593348858173077, 
iter: 26342, loss: 5.417700652643177, 
button acc: 0.7694207082744924, coarse acc: 0.375744851418241, fine acc: 0.3579037108403862, stick acc: 0.4935246140000258, cstick acc: 0.9468148319727309, trigger acc: 0.8593926351446639, 
***EVAL EPOCH 1***
iter: 6481, loss: 5.420344611704856, 
button acc: 0.7609232913275522, coarse acc: 0.3710676090942737, fine acc: 0.3528756861151866, stick acc: 0.48924819979529566, cstick acc: 0.9474085852856398, trigger acc: 0.8575659231165211, 
***TRAIN EPOCH 2***
iter: 2000, loss: 5.2489640166759495, 
button acc: 0.775755859375, coarse acc: 0.39028515625, fine acc: 0.370892578125, stick acc: 0.50615234375, cstick acc: 0.94730859375, trigger acc: 0.866388671875, 
iter: 4000, loss: 5.237390795707703, 
button acc: 0.7766220703125, coarse acc: 0.392115234375, fine acc: 0.37250390625, stick acc: 0.5077685546875, cstick acc: 0.9474462890625, trigger acc: 0.8669736328125, 
iter: 6000, loss: 5.227706142981847, 
button acc: 0.7772467447916667, coarse acc: 0.392845703125, fine acc: 0.37326302083333335, stick acc: 0.5085670572916666, cstick acc: 0.9474700520833333, trigger acc: 0.8671634114583333, 
iter: 8000, loss: 5.220605679094791, 
button acc: 0.7774560546875, coarse acc: 0.39333837890625, fine acc: 0.37367041015625, stick acc: 0.509072265625, cstick acc: 0.94738720703125, trigger acc: 0.86755419921875, 
iter: 10000, loss: 5.213318130350113, 
button acc: 0.77796796875, coarse acc: 0.394145703125, fine acc: 0.3744453125, stick acc: 0.509825, cstick acc: 0.947396484375, trigger acc: 0.868096484375, 
iter: 12000, loss: 5.203970856229464, 
button acc: 0.7784332682291667, coarse acc: 0.39500260416666666, fine acc: 0.3752848307291667, stick acc: 0.5106018880208333, cstick acc: 0.9474541015625, trigger acc: 0.8685911458333333, 
iter: 14000, loss: 5.196042115994862, 
button acc: 0.7787979910714286, coarse acc: 0.3957114955357143, fine acc: 0.37592578125, stick acc: 0.5112854352678572, cstick acc: 0.9474966517857143, trigger acc: 0.8689221540178571, 
iter: 16000, loss: 5.189439621597528, 
button acc: 0.779069091796875, coarse acc: 0.396280517578125, fine acc: 0.376436767578125, stick acc: 0.51173974609375, cstick acc: 0.947508056640625, trigger acc: 0.869089111328125, 
iter: 18000, loss: 5.182967079639435, 
button acc: 0.7793760850694444, coarse acc: 0.3968893229166667, fine acc: 0.376935546875, stick acc: 0.5122339409722222, cstick acc: 0.9475075954861111, trigger acc: 0.869396484375, 
iter: 20000, loss: 5.175601708650589, 
button acc: 0.7797166015625, coarse acc: 0.3975984375, fine acc: 0.3776029296875, stick acc: 0.5128390625, cstick acc: 0.947553125, trigger acc: 0.869676953125, 
iter: 22000, loss: 5.168400859009136, 
button acc: 0.7800262784090909, coarse acc: 0.39834126420454546, fine acc: 0.3782443181818182, stick acc: 0.5134611150568181, cstick acc: 0.9475923295454546, trigger acc: 0.8699557883522727, 
iter: 24000, loss: 5.160951590677103, 
button acc: 0.7804012044270834, coarse acc: 0.39906852213541666, fine acc: 0.37885400390625, stick acc: 0.5141297200520833, cstick acc: 0.9475914713541667, trigger acc: 0.8702838541666666, 
iter: 26000, loss: 5.153432565652407, 
button acc: 0.780786358173077, coarse acc: 0.3998595252403846, fine acc: 0.3795868389423077, stick acc: 0.5147369290865385, cstick acc: 0.947655048076923, trigger acc: 0.8706678185096154, 
iter: 26342, loss: 5.1521093585244815, 
button acc: 0.780850302493127, coarse acc: 0.39998256087862327, fine acc: 0.3796980155139966, stick acc: 0.5148595105271642, cstick acc: 0.9476615784273323, trigger acc: 0.8707064134296657, 
***EVAL EPOCH 2***
iter: 6481, loss: 5.409993258657104, 
button acc: 0.7592584109011693, coarse acc: 0.37474457165797254, fine acc: 0.3574887671807583, stick acc: 0.4946237985072738, cstick acc: 0.9468009822915072, trigger acc: 0.8581602649341944, 
