Training on device: cuda
***TRAIN EPOCH 0***
iter: 2000, loss: 7.4514890286922455, 
button acc: 0.72430078125, coarse acc: 0.25910546875, fine acc: 0.256357421875, stick acc: 0.368830078125, cstick acc: 0.94454296875, trigger acc: 0.79169140625, 
iter: 4000, loss: 7.160111617922783, 
button acc: 0.7265478515625, coarse acc: 0.2619921875, fine acc: 0.258654296875, stick acc: 0.3731044921875, cstick acc: 0.945046875, trigger acc: 0.798107421875, 
iter: 6000, loss: 6.8595411422252655, 
button acc: 0.7321627604166666, coarse acc: 0.2761015625, fine acc: 0.270751953125, stick acc: 0.3909270833333333, cstick acc: 0.9450423177083334, trigger acc: 0.8080709635416666, 
iter: 8000, loss: 6.592267885565758, 
button acc: 0.73715087890625, coarse acc: 0.29140869140625, fine acc: 0.28396728515625, stick acc: 0.4078525390625, cstick acc: 0.9452451171875, trigger acc: 0.8170478515625, 
iter: 10000, loss: 6.396910409021378, 
button acc: 0.741300390625, coarse acc: 0.303577734375, fine acc: 0.29450390625, stick acc: 0.420694140625, cstick acc: 0.945455078125, trigger acc: 0.823684765625, 
iter: 12000, loss: 6.2515047039190925, 
button acc: 0.74463671875, coarse acc: 0.31293294270833333, fine acc: 0.30264713541666666, stick acc: 0.43028092447916666, cstick acc: 0.9455677083333334, trigger acc: 0.8286865234375, 
iter: 14000, loss: 6.136119085720607, 
button acc: 0.7475125558035715, coarse acc: 0.32088197544642855, fine acc: 0.30957533482142857, stick acc: 0.43825418526785714, cstick acc: 0.945654296875, trigger acc: 0.8327494419642857, 
iter: 16000, loss: 6.0419044747948645, 
button acc: 0.749774169921875, coarse acc: 0.3271748046875, fine acc: 0.315060302734375, stick acc: 0.44459716796875, cstick acc: 0.94573291015625, trigger acc: 0.8359638671875, 
iter: 18000, loss: 5.963291205936008, 
button acc: 0.7517081163194445, coarse acc: 0.332587890625, fine acc: 0.319873046875, stick acc: 0.45016124131944446, cstick acc: 0.9458897569444444, trigger acc: 0.8386089409722223, 
iter: 20000, loss: 5.896142153382302, 
button acc: 0.7534451171875, coarse acc: 0.33718515625, fine acc: 0.323907421875, stick acc: 0.4547775390625, cstick acc: 0.9459771484375, trigger acc: 0.84080234375, 
iter: 22000, loss: 5.837369206016714, 
button acc: 0.7550227272727272, coarse acc: 0.34135901988636363, fine acc: 0.32759801136363637, stick acc: 0.45897816051136364, cstick acc: 0.9460623224431818, trigger acc: 0.8427768110795455, 
iter: 24000, loss: 5.785218838433424, 
button acc: 0.7564078776041666, coarse acc: 0.34512939453125, fine acc: 0.33090380859375, stick acc: 0.46268570963541666, cstick acc: 0.9461943359375, trigger acc: 0.8445309244791667, 
iter: 26000, loss: 5.739337618626081, 
button acc: 0.757694110576923, coarse acc: 0.34852584134615383, fine acc: 0.33390970552884613, stick acc: 0.46598978365384613, cstick acc: 0.9462874098557692, trigger acc: 0.846139423076923, 
iter: 26342, loss: 5.732050963192465, 
button acc: 0.7578511265509288, coarse acc: 0.3490269607926733, fine acc: 0.33434621608880544, stick acc: 0.4664890822350963, cstick acc: 0.9463011490097293, trigger acc: 0.8463640099242836, 
***EVAL EPOCH 0***
iter: 6481, loss: 5.166099468364224, 
button acc: 0.7680843266155428, coarse acc: 0.388863505121828, fine acc: 0.37063420973635575, stick acc: 0.5089597330404623, cstick acc: 0.947679836622306, trigger acc: 0.8644062790464973, 
***TRAIN EPOCH 1***
iter: 2000, loss: 5.151369139671326, 
button acc: 0.774708984375, coarse acc: 0.393529296875, fine acc: 0.37366015625, stick acc: 0.509453125, cstick acc: 0.947587890625, trigger acc: 0.866369140625, 
iter: 4000, loss: 5.141999667644501, 
button acc: 0.7745927734375, coarse acc: 0.393796875, fine acc: 0.3739833984375, stick acc: 0.509970703125, cstick acc: 0.947330078125, trigger acc: 0.867107421875, 
iter: 6000, loss: 5.131636221329371, 
button acc: 0.7752591145833333, coarse acc: 0.39503971354166667, fine acc: 0.375173828125, stick acc: 0.510841796875, cstick acc: 0.947271484375, trigger acc: 0.867642578125, 
iter: 8000, loss: 5.123305847942829, 
button acc: 0.775765625, coarse acc: 0.39595166015625, fine acc: 0.37592919921875, stick acc: 0.51148486328125, cstick acc: 0.94742724609375, trigger acc: 0.86780908203125, 
iter: 10000, loss: 5.110906304740905, 
button acc: 0.7762296875, coarse acc: 0.396923046875, fine acc: 0.37676796875, stick acc: 0.51214453125, cstick acc: 0.947416015625, trigger acc: 0.86821875, 
iter: 12000, loss: 5.099459872086843, 
button acc: 0.7766907552083333, coarse acc: 0.3979306640625, fine acc: 0.3776484375, stick acc: 0.5129306640625, cstick acc: 0.9474977213541667, trigger acc: 0.868484375, 
iter: 14000, loss: 5.088483278002058, 
button acc: 0.7770758928571428, coarse acc: 0.39871512276785714, fine acc: 0.3783646763392857, stick acc: 0.5137313058035714, cstick acc: 0.9474827008928571, trigger acc: 0.868705078125, 
iter: 16000, loss: 5.075739765644074, 
button acc: 0.77749365234375, coarse acc: 0.399620361328125, fine acc: 0.379161865234375, stick acc: 0.51443115234375, cstick acc: 0.947526123046875, trigger acc: 0.8690615234375, 
iter: 18000, loss: 5.061750307162603, 
button acc: 0.777830078125, coarse acc: 0.4003630642361111, fine acc: 0.3798587239583333, stick acc: 0.5151200086805555, cstick acc: 0.9475583767361111, trigger acc: 0.8692925347222222, 
iter: 20000, loss: 5.049787506508827, 
button acc: 0.7780927734375, coarse acc: 0.4008849609375, fine acc: 0.3803205078125, stick acc: 0.5156130859375, cstick acc: 0.9475732421875, trigger acc: 0.8694966796875, 
iter: 22000, loss: 5.038856879169291, 
button acc: 0.7783453480113637, coarse acc: 0.40156960227272726, fine acc: 0.3809025213068182, stick acc: 0.5161901633522727, cstick acc: 0.9475466974431819, trigger acc: 0.8697743252840909, 
iter: 24000, loss: 5.027370022495588, 
button acc: 0.77871826171875, coarse acc: 0.4023076171875, fine acc: 0.381552734375, stick acc: 0.5167418619791667, cstick acc: 0.9475719401041667, trigger acc: 0.8701502278645833, 
iter: 26000, loss: 5.017146341048754, 
button acc: 0.7790737680288462, coarse acc: 0.40297716346153845, fine acc: 0.38213025841346154, stick acc: 0.5172983774038461, cstick acc: 0.9475640024038462, trigger acc: 0.8704765625, 
iter: 26342, loss: 5.01560635856702, 
button acc: 0.7790954167586694, coarse acc: 0.40304078366903395, fine acc: 0.3821967331602372, stick acc: 0.5173902592126681, cstick acc: 0.947560739970392, trigger acc: 0.8705206037435684, 
***EVAL EPOCH 1***
iter: 6481, loss: 4.944613004536416, 
button acc: 0.7724092784835, coarse acc: 0.3978226353815421, fine acc: 0.3776831278051909, stick acc: 0.5157518665105867, cstick acc: 0.9483748428249199, trigger acc: 0.867325546209775, 
***TRAIN EPOCH 2***
iter: 2000, loss: 4.874907695770264, 
button acc: 0.783451171875, coarse acc: 0.413416015625, fine acc: 0.391048828125, stick acc: 0.525931640625, cstick acc: 0.94753125, trigger acc: 0.8746484375, 
iter: 4000, loss: 4.863429320096969, 
button acc: 0.7836748046875, coarse acc: 0.414208984375, fine acc: 0.3920810546875, stick acc: 0.5268623046875, cstick acc: 0.947845703125, trigger acc: 0.8751015625, 
iter: 6000, loss: 4.861375041802725, 
button acc: 0.7836881510416667, coarse acc: 0.414296875, fine acc: 0.3922265625, stick acc: 0.5272434895833333, cstick acc: 0.9480462239583334, trigger acc: 0.8750442708333334, 
iter: 8000, loss: 4.85610823136568, 
button acc: 0.7840078125, coarse acc: 0.41482470703125, fine acc: 0.3926787109375, stick acc: 0.52771533203125, cstick acc: 0.9480791015625, trigger acc: 0.87533544921875, 
iter: 10000, loss: 4.8517149097442624, 
button acc: 0.78455859375, coarse acc: 0.415352734375, fine acc: 0.393175390625, stick acc: 0.5280390625, cstick acc: 0.94813984375, trigger acc: 0.87563359375, 
iter: 12000, loss: 4.848025485316913, 
button acc: 0.7847900390625, coarse acc: 0.4158079427083333, fine acc: 0.39352897135416665, stick acc: 0.5283544921875, cstick acc: 0.9482835286458333, trigger acc: 0.8756907552083333, 
iter: 14000, loss: 4.843992465598243, 
button acc: 0.78496484375, coarse acc: 0.4161721540178571, fine acc: 0.3938705357142857, stick acc: 0.5286612723214286, cstick acc: 0.948275390625, trigger acc: 0.8759235491071429, 
iter: 16000, loss: 4.840435459360481, 
button acc: 0.785194580078125, coarse acc: 0.4166640625, fine acc: 0.3943603515625, stick acc: 0.52923486328125, cstick acc: 0.94830126953125, trigger acc: 0.87613818359375, 
iter: 18000, loss: 4.8370599692265195, 
button acc: 0.7854069010416667, coarse acc: 0.41708680555555555, fine acc: 0.3947408854166667, stick acc: 0.529595703125, cstick acc: 0.9482879774305556, trigger acc: 0.8763029513888889, 
iter: 20000, loss: 4.833764466750622, 
button acc: 0.7855587890625, coarse acc: 0.417471875, fine acc: 0.3951056640625, stick acc: 0.52995546875, cstick acc: 0.9482724609375, trigger acc: 0.876420703125, 
iter: 22000, loss: 4.829584903251041, 
button acc: 0.7857576349431818, coarse acc: 0.41796413352272727, fine acc: 0.39555859375, stick acc: 0.5303874289772728, cstick acc: 0.9483146306818182, trigger acc: 0.8766546519886363, 
iter: 24000, loss: 4.825303675224384, 
button acc: 0.7860192057291666, coarse acc: 0.4184119466145833, fine acc: 0.395974609375, stick acc: 0.5307679036458334, cstick acc: 0.94833251953125, trigger acc: 0.8768211263020833, 
iter: 26000, loss: 4.8203706927758, 
button acc: 0.7862477463942308, coarse acc: 0.418890625, fine acc: 0.3964232271634615, stick acc: 0.5311594050480769, cstick acc: 0.9483464543269231, trigger acc: 0.8770286959134616, 
iter: 26342, loss: 4.819461590128131, 
button acc: 0.7862596925405789, coarse acc: 0.4189636208954485, fine acc: 0.3964938468521867, stick acc: 0.531248577325079, cstick acc: 0.9483495043122528, trigger acc: 0.8770558255043888, 
***EVAL EPOCH 2***
iter: 6481, loss: 4.899781737646154, 
button acc: 0.7732218269320027, coarse acc: 0.4032705677832979, fine acc: 0.3834939342173314, stick acc: 0.5208622416933799, cstick acc: 0.9487322918085713, trigger acc: 0.8692869947642464, 
***TRAIN EPOCH 0***
iter: 2000, loss: 7.562526651144028, 
button acc: 0.72428515625, coarse acc: 0.257162109375, fine acc: 0.254333984375, stick acc: 0.3664296875, cstick acc: 0.94421875, trigger acc: 0.78975, 
iter: 4000, loss: 7.14464766228199, 
button acc: 0.7314794921875, coarse acc: 0.2663466796875, fine acc: 0.261763671875, stick acc: 0.3782138671875, cstick acc: 0.94484765625, trigger acc: 0.8030263671875, 
iter: 6000, loss: 6.8215248580773675, 
button acc: 0.73755859375, coarse acc: 0.2847604166666667, fine acc: 0.277392578125, stick acc: 0.4004296875, cstick acc: 0.9451217447916667, trigger acc: 0.8136419270833334, 
iter: 8000, loss: 6.5613262475132945, 
button acc: 0.7421015625, coarse acc: 0.29941259765625, fine acc: 0.29034716796875, stick acc: 0.41617041015625, cstick acc: 0.9454365234375, trigger acc: 0.82216552734375, 
iter: 10000, loss: 6.37560952167511, 
button acc: 0.745428125, coarse acc: 0.310873046875, fine acc: 0.3004140625, stick acc: 0.428158203125, cstick acc: 0.94560390625, trigger acc: 0.828091015625, 
iter: 12000, loss: 6.234194342573484, 
button acc: 0.7481197916666666, coarse acc: 0.3197249348958333, fine acc: 0.308296875, stick acc: 0.4374716796875, cstick acc: 0.9458125, trigger acc: 0.8325393880208334, 
iter: 14000, loss: 6.121829534224101, 
button acc: 0.7504888392857143, coarse acc: 0.32703934151785713, fine acc: 0.3147497209821429, stick acc: 0.4448794642857143, cstick acc: 0.9459461495535715, trigger acc: 0.8359910714285714, 
iter: 16000, loss: 6.028391117185354, 
button acc: 0.752649658203125, coarse acc: 0.33333447265625, fine acc: 0.320347412109375, stick acc: 0.4510966796875, cstick acc: 0.94609130859375, trigger acc: 0.839102783203125, 
iter: 18000, loss: 5.94714242998759, 
button acc: 0.7545818142361111, coarse acc: 0.33884483506944446, fine acc: 0.3252380642361111, stick acc: 0.45653645833333334, cstick acc: 0.9462135416666667, trigger acc: 0.8417194010416666, 
iter: 20000, loss: 5.878422925424576, 
button acc: 0.7563748046875, coarse acc: 0.3438212890625, fine acc: 0.329653515625, stick acc: 0.4614341796875, cstick acc: 0.94629296875, trigger acc: 0.844048828125, 
iter: 22000, loss: 5.8164183710921895, 
button acc: 0.7580104758522728, coarse acc: 0.34840465198863635, fine acc: 0.3337391690340909, stick acc: 0.4658792613636364, cstick acc: 0.9463874289772727, trigger acc: 0.8460463423295455, 
iter: 24000, loss: 5.762644700447718, 
button acc: 0.75955908203125, coarse acc: 0.35257161458333336, fine acc: 0.33740771484375, stick acc: 0.4697962239583333, cstick acc: 0.9465048828125, trigger acc: 0.8478883463541667, 
iter: 26000, loss: 5.713900762741383, 
button acc: 0.7609809194711539, coarse acc: 0.3562531550480769, fine acc: 0.34067803485576925, stick acc: 0.47338671875, cstick acc: 0.9465638521634615, trigger acc: 0.8495432692307693, 
iter: 26342, loss: 5.705966645932199, 
button acc: 0.7611946628577411, coarse acc: 0.35684060657890854, fine acc: 0.34119626144386733, stick acc: 0.4739450480828904, cstick acc: 0.9465704470064992, trigger acc: 0.8497991905934328, 
***EVAL EPOCH 0***
iter: 6481, loss: 5.174599079525851, 
button acc: 0.7694665028710447, coarse acc: 0.3920968210548904, fine acc: 0.3731538332636117, stick acc: 0.5098416012750019, cstick acc: 0.9484749044291124, trigger acc: 0.8657968942324732, 
***TRAIN EPOCH 1***
iter: 2000, loss: 5.076168169260025, 
button acc: 0.781625, coarse acc: 0.408689453125, fine acc: 0.387587890625, stick acc: 0.522892578125, cstick acc: 0.947369140625, trigger acc: 0.87224609375, 
iter: 4000, loss: 5.053835208535195, 
button acc: 0.7815693359375, coarse acc: 0.4096748046875, fine acc: 0.388291015625, stick acc: 0.52359765625, cstick acc: 0.947798828125, trigger acc: 0.8730126953125, 
iter: 6000, loss: 5.0377824548085535, 
button acc: 0.78230078125, coarse acc: 0.410841796875, fine acc: 0.3891966145833333, stick acc: 0.52456640625, cstick acc: 0.9479368489583333, trigger acc: 0.8734576822916666, 
iter: 8000, loss: 5.020892763137818, 
button acc: 0.78310498046875, coarse acc: 0.41262255859375, fine acc: 0.3907646484375, stick acc: 0.5260478515625, cstick acc: 0.94810400390625, trigger acc: 0.87446923828125, 
iter: 10000, loss: 5.005873611545563, 
button acc: 0.783667578125, coarse acc: 0.41376953125, fine acc: 0.39175, stick acc: 0.527159765625, cstick acc: 0.94819453125, trigger acc: 0.8748171875, 
iter: 12000, loss: 4.9906518963178, 
button acc: 0.7843388671875, coarse acc: 0.41522265625, fine acc: 0.39304817708333334, stick acc: 0.5284794921875, cstick acc: 0.9481979166666666, trigger acc: 0.8755006510416666, 
iter: 14000, loss: 4.976534776721682, 
button acc: 0.7850340401785715, coarse acc: 0.4168046875, fine acc: 0.3944271763392857, stick acc: 0.5298239397321428, cstick acc: 0.9481858258928572, trigger acc: 0.8760415736607143, 
iter: 16000, loss: 4.964148703604937, 
button acc: 0.785751953125, coarse acc: 0.41826806640625, fine acc: 0.395719970703125, stick acc: 0.53106787109375, cstick acc: 0.94827734375, trigger acc: 0.876695068359375, 
iter: 18000, loss: 4.950052820152707, 
button acc: 0.7865045572916667, coarse acc: 0.41975390625, fine acc: 0.3970802951388889, stick acc: 0.5323272569444445, cstick acc: 0.9483728298611112, trigger acc: 0.8771955295138889, 
iter: 20000, loss: 4.9364756636857985, 
button acc: 0.787166796875, coarse acc: 0.4211615234375, fine acc: 0.3984162109375, stick acc: 0.533664453125, cstick acc: 0.9484189453125, trigger acc: 0.8778513671875, 
iter: 22000, loss: 4.924285635514693, 
button acc: 0.7879298650568182, coarse acc: 0.4225349786931818, fine acc: 0.39963227982954547, stick acc: 0.5347615411931819, cstick acc: 0.9484595170454545, trigger acc: 0.8785147372159091, 
iter: 24000, loss: 4.911214080750942, 
button acc: 0.7885888671875, coarse acc: 0.4239095052083333, fine acc: 0.4009244791666667, stick acc: 0.5360227864583333, cstick acc: 0.9485289713541667, trigger acc: 0.8791057942708334, 
iter: 26000, loss: 4.898483942435338, 
button acc: 0.7892633713942308, coarse acc: 0.42522536057692306, fine acc: 0.40212439903846153, stick acc: 0.5371595552884615, cstick acc: 0.9485890925480769, trigger acc: 0.8797327223557693, 
iter: 26342, loss: 4.896480389512416, 
button acc: 0.789366703349127, coarse acc: 0.4254285523201075, fine acc: 0.40230036246976514, stick acc: 0.5373479693433296, cstick acc: 0.9485806913039733, trigger acc: 0.8798274001517619, 
***EVAL EPOCH 1***
iter: 6481, loss: 5.18954151196532, 
button acc: 0.7677618389152839, coarse acc: 0.39399618319230273, fine acc: 0.37445885358335074, stick acc: 0.5139549771003594, cstick acc: 0.9474085852856398, trigger acc: 0.8651669883506593, 
***TRAIN EPOCH 2***
iter: 2000, loss: 4.678035522222519, 
button acc: 0.801646484375, coarse acc: 0.450248046875, fine acc: 0.42465625, stick acc: 0.558607421875, cstick acc: 0.949328125, trigger acc: 0.890361328125, 
iter: 4000, loss: 4.662855612099171, 
button acc: 0.8020537109375, coarse acc: 0.4516357421875, fine acc: 0.4258349609375, stick acc: 0.5600654296875, cstick acc: 0.94989453125, trigger acc: 0.890931640625, 
iter: 6000, loss: 4.65302916932106, 
button acc: 0.8024563802083333, coarse acc: 0.45273697916666666, fine acc: 0.42692578125, stick acc: 0.560859375, cstick acc: 0.9500279947916667, trigger acc: 0.89156640625, 
iter: 8000, loss: 4.644731465727091, 
button acc: 0.80274853515625, coarse acc: 0.45360791015625, fine acc: 0.4278212890625, stick acc: 0.5618330078125, cstick acc: 0.9500673828125, trigger acc: 0.8919833984375, 
iter: 10000, loss: 4.637772206377983, 
button acc: 0.803320703125, coarse acc: 0.454482421875, fine acc: 0.428636328125, stick acc: 0.5626265625, cstick acc: 0.950107421875, trigger acc: 0.89226796875, 
iter: 12000, loss: 4.627931153396766, 
button acc: 0.8037197265625, coarse acc: 0.45557486979166667, fine acc: 0.4296806640625, stick acc: 0.5637314453125, cstick acc: 0.9503255208333333, trigger acc: 0.8928030598958333, 
iter: 14000, loss: 4.620108489768846, 
button acc: 0.8042028459821429, coarse acc: 0.45657784598214285, fine acc: 0.4305482700892857, stick acc: 0.5644751674107142, cstick acc: 0.9504319196428571, trigger acc: 0.8932243303571429, 
iter: 16000, loss: 4.611093736618757, 
button acc: 0.804703369140625, coarse acc: 0.457593017578125, fine acc: 0.431415771484375, stick acc: 0.5654365234375, cstick acc: 0.950516357421875, trigger acc: 0.89364794921875, 
iter: 18000, loss: 4.601357299394078, 
button acc: 0.8052159288194445, coarse acc: 0.45864431423611113, fine acc: 0.43232421875, stick acc: 0.5663756510416667, cstick acc: 0.9505909288194444, trigger acc: 0.8941671006944445, 
iter: 20000, loss: 4.59261395714283, 
button acc: 0.8057021484375, coarse acc: 0.4596849609375, fine acc: 0.4332923828125, stick acc: 0.5672708984375, cstick acc: 0.9506658203125, trigger acc: 0.8946203125, 
iter: 22000, loss: 4.583620116613128, 
button acc: 0.8062320667613636, coarse acc: 0.46084055397727275, fine acc: 0.4343155184659091, stick acc: 0.56823828125, cstick acc: 0.9507833806818182, trigger acc: 0.8950191761363636, 
iter: 24000, loss: 4.574391400982936, 
button acc: 0.8066770833333333, coarse acc: 0.46185498046875, fine acc: 0.4352596028645833, stick acc: 0.56915380859375, cstick acc: 0.9508562825520833, trigger acc: 0.8954749348958333, 
iter: 26000, loss: 4.5647348640056755, 
button acc: 0.807201171875, coarse acc: 0.4629071514423077, fine acc: 0.43620853365384615, stick acc: 0.5700611478365385, cstick acc: 0.9509417067307693, trigger acc: 0.8959692007211538, 
iter: 26342, loss: 4.563122275089061, 
button acc: 0.8072702747951755, coarse acc: 0.4630650234545802, fine acc: 0.4363468362453157, stick acc: 0.5701827504252639, cstick acc: 0.950978718785122, trigger acc: 0.896045634740272, 
***EVAL EPOCH 2***
iter: 6481, loss: 5.423274583791513, 
button acc: 0.7613801991346479, coarse acc: 0.3854047491889585, fine acc: 0.3638842709186017, stick acc: 0.502061510158664, cstick acc: 0.9437563367326149, trigger acc: 0.8591819783023041, 
***TRAIN EPOCH 0***
iter: 2000, loss: 8.498919937610626, 
button acc: 0.722041015625, coarse acc: 0.25287109375, fine acc: 0.24956640625, stick acc: 0.35983203125, cstick acc: 0.940611328125, trigger acc: 0.785630859375, 
iter: 4000, loss: 7.7630052062273025, 
button acc: 0.7278544921875, coarse acc: 0.2603095703125, fine acc: 0.2563046875, stick acc: 0.3700458984375, cstick acc: 0.9426962890625, trigger acc: 0.7964287109375, 
iter: 6000, loss: 7.353343871593475, 
button acc: 0.734341796875, coarse acc: 0.27527018229166667, fine acc: 0.269080078125, stick acc: 0.38995442708333333, cstick acc: 0.9436412760416667, trigger acc: 0.8061764322916667, 
iter: 8000, loss: 7.033975525438786, 
button acc: 0.7390556640625, coarse acc: 0.2884990234375, fine acc: 0.28072705078125, stick acc: 0.40523046875, cstick acc: 0.94405126953125, trigger acc: 0.8145859375, 
iter: 10000, loss: 6.8013499207019805, 
button acc: 0.742673828125, coarse acc: 0.29888203125, fine acc: 0.289935546875, stick acc: 0.416685546875, cstick acc: 0.944369140625, trigger acc: 0.82076875, 
iter: 12000, loss: 6.6254843638340635, 
button acc: 0.7452838541666666, coarse acc: 0.30731477864583334, fine acc: 0.29739680989583334, stick acc: 0.42572298177083334, cstick acc: 0.9446969401041667, trigger acc: 0.8256207682291666, 
iter: 14000, loss: 6.486335112265178, 
button acc: 0.7476090959821429, coarse acc: 0.31449079241071426, fine acc: 0.30373130580357144, stick acc: 0.433048828125, cstick acc: 0.9448883928571429, trigger acc: 0.8294391741071429, 
iter: 16000, loss: 6.373097217321396, 
button acc: 0.749599365234375, coarse acc: 0.320578125, fine acc: 0.309097900390625, stick acc: 0.43925634765625, cstick acc: 0.945011474609375, trigger acc: 0.8324267578125, 
iter: 18000, loss: 6.27769559844335, 
button acc: 0.7513231336805556, coarse acc: 0.32598893229166664, fine acc: 0.3139333767361111, stick acc: 0.4448068576388889, cstick acc: 0.9451490885416667, trigger acc: 0.8350670572916666, 
iter: 20000, loss: 6.195397895789147, 
button acc: 0.7529455078125, coarse acc: 0.3306994140625, fine acc: 0.318119140625, stick acc: 0.4495912109375, cstick acc: 0.9452625, trigger acc: 0.8374767578125, 
iter: 22000, loss: 6.123396923455325, 
button acc: 0.7544046519886364, coarse acc: 0.33501012073863634, fine acc: 0.32194495738636364, stick acc: 0.4538687855113636, cstick acc: 0.9454291548295455, trigger acc: 0.8395413707386363, 
iter: 24000, loss: 6.059170140862465, 
button acc: 0.7558063151041666, coarse acc: 0.33903352864583336, fine acc: 0.32552408854166665, stick acc: 0.45781803385416664, cstick acc: 0.9455948893229167, trigger acc: 0.8414591471354167, 
iter: 26000, loss: 6.001281420029127, 
button acc: 0.7570990084134616, coarse acc: 0.34273873197115384, fine acc: 0.32880018028846153, stick acc: 0.46132106370192305, cstick acc: 0.9457774939903846, trigger acc: 0.8432333233173077, 
iter: 26342, loss: 5.9917268870170295, 
button acc: 0.7573100095959655, coarse acc: 0.3433454552033311, fine acc: 0.3293364725729036, stick acc: 0.4619079021611906, cstick acc: 0.9458055576522375, trigger acc: 0.8435036084596941, 
***EVAL EPOCH 0***
iter: 6481, loss: 5.348220639198655, 
button acc: 0.7642470243728368, coarse acc: 0.3786493853444711, fine acc: 0.3611934576588719, stick acc: 0.49932850224656383, cstick acc: 0.9473585544835434, trigger acc: 0.8611024377659017, 
***TRAIN EPOCH 1***
iter: 2000, loss: 5.245616974592209, 
button acc: 0.7761171875, coarse acc: 0.3929453125, fine acc: 0.3737890625, stick acc: 0.510916015625, cstick acc: 0.94693359375, trigger acc: 0.8674296875, 
iter: 4000, loss: 5.233630027651786, 
button acc: 0.7765341796875, coarse acc: 0.3946904296875, fine acc: 0.375091796875, stick acc: 0.5116513671875, cstick acc: 0.9472021484375, trigger acc: 0.868025390625, 
iter: 6000, loss: 5.217908939838409, 
button acc: 0.7776334635416666, coarse acc: 0.39623763020833336, fine acc: 0.376365234375, stick acc: 0.5128059895833333, cstick acc: 0.9471380208333333, trigger acc: 0.8686783854166666, 
iter: 8000, loss: 5.202953172326088, 
button acc: 0.778345703125, coarse acc: 0.397826171875, fine acc: 0.37771728515625, stick acc: 0.51400390625, cstick acc: 0.9471552734375, trigger acc: 0.869263671875, 
iter: 10000, loss: 5.187958728456497, 
button acc: 0.77912265625, coarse acc: 0.399462109375, fine acc: 0.3792484375, stick acc: 0.515642578125, cstick acc: 0.947315234375, trigger acc: 0.869894921875, 
iter: 12000, loss: 5.169609719514847, 
button acc: 0.7799892578125, coarse acc: 0.40118880208333335, fine acc: 0.38082454427083334, stick acc: 0.5170966796875, cstick acc: 0.9474111328125, trigger acc: 0.8707161458333333, 
iter: 14000, loss: 5.1532084000791825, 
button acc: 0.7807801339285714, coarse acc: 0.4030231584821429, fine acc: 0.38247154017857143, stick acc: 0.5187156808035714, cstick acc: 0.9474695870535714, trigger acc: 0.8713914620535714, 
iter: 16000, loss: 5.137214963942766, 
button acc: 0.781514404296875, coarse acc: 0.40481787109375, fine acc: 0.384090576171875, stick acc: 0.520275390625, cstick acc: 0.947587890625, trigger acc: 0.872056640625, 
iter: 18000, loss: 5.122584618488948, 
button acc: 0.7822235243055555, coarse acc: 0.40634657118055556, fine acc: 0.3854939236111111, stick acc: 0.5216297743055556, cstick acc: 0.9476907552083333, trigger acc: 0.8727309027777778, 
iter: 20000, loss: 5.106435010266304, 
button acc: 0.782969140625, coarse acc: 0.4080283203125, fine acc: 0.3869943359375, stick acc: 0.52313046875, cstick acc: 0.947771484375, trigger acc: 0.873389453125, 
iter: 22000, loss: 5.092207285360857, 
button acc: 0.783724609375, coarse acc: 0.4096008522727273, fine acc: 0.38841352982954547, stick acc: 0.5244575639204545, cstick acc: 0.9478474786931819, trigger acc: 0.8740550426136363, 
iter: 24000, loss: 5.077095943073432, 
button acc: 0.7844215494791666, coarse acc: 0.4111904296875, fine acc: 0.389865234375, stick acc: 0.5258943684895834, cstick acc: 0.9479306640625, trigger acc: 0.8746671549479167, 
iter: 26000, loss: 5.062784295118772, 
button acc: 0.785134014423077, coarse acc: 0.4126963641826923, fine acc: 0.3912137920673077, stick acc: 0.5271948617788461, cstick acc: 0.9479915865384615, trigger acc: 0.8752388822115384, 
iter: 26342, loss: 5.060231587743988, 
button acc: 0.7852627264435063, coarse acc: 0.4129497932737487, fine acc: 0.39143590848554133, stick acc: 0.5273937307248402, cstick acc: 0.9480124369407451, trigger acc: 0.8753377161483447, 
***EVAL EPOCH 1***
iter: 6481, loss: 5.3485849122540525, 
button acc: 0.7636267629829931, coarse acc: 0.38204062983354814, fine acc: 0.3624592972299813, stick acc: 0.5011145416033245, cstick acc: 0.9468214768369442, trigger acc: 0.8609396869639019, 
***TRAIN EPOCH 2***
iter: 2000, loss: 4.813611084699631, 
button acc: 0.798462890625, coarse acc: 0.440435546875, fine acc: 0.416033203125, stick acc: 0.55080078125, cstick acc: 0.94917578125, trigger acc: 0.887193359375, 
iter: 4000, loss: 4.803414732992649, 
button acc: 0.7986474609375, coarse acc: 0.4418291015625, fine acc: 0.4175615234375, stick acc: 0.5521806640625, cstick acc: 0.949248046875, trigger acc: 0.887478515625, 
iter: 6000, loss: 4.790496793548266, 
button acc: 0.7992884114583333, coarse acc: 0.44326106770833335, fine acc: 0.418703125, stick acc: 0.5534993489583333, cstick acc: 0.9493385416666666, trigger acc: 0.88809765625, 
iter: 8000, loss: 4.778226273357868, 
button acc: 0.8000029296875, coarse acc: 0.44471484375, fine acc: 0.4200068359375, stick acc: 0.554900390625, cstick acc: 0.94941943359375, trigger acc: 0.88859521484375, 
iter: 10000, loss: 4.7656475502491, 
button acc: 0.800693359375, coarse acc: 0.446268359375, fine acc: 0.42135, stick acc: 0.556123046875, cstick acc: 0.949678125, trigger acc: 0.889260546875, 
iter: 12000, loss: 4.753891223748525, 
button acc: 0.8012646484375, coarse acc: 0.447576171875, fine acc: 0.4225390625, stick acc: 0.5572526041666667, cstick acc: 0.9497978515625, trigger acc: 0.8897786458333333, 
iter: 14000, loss: 4.743444872975349, 
button acc: 0.8018219866071429, coarse acc: 0.4487946428571429, fine acc: 0.42358984375, stick acc: 0.5582315848214285, cstick acc: 0.9498800223214285, trigger acc: 0.8903381696428572, 
iter: 16000, loss: 4.730061783835292, 
button acc: 0.802356689453125, coarse acc: 0.450359619140625, fine acc: 0.425007568359375, stick acc: 0.559708251953125, cstick acc: 0.94999462890625, trigger acc: 0.89090966796875, 
iter: 18000, loss: 4.717673156751527, 
button acc: 0.80307421875, coarse acc: 0.45178255208333334, fine acc: 0.42625, stick acc: 0.560845703125, cstick acc: 0.9501529947916667, trigger acc: 0.8914852430555555, 
iter: 20000, loss: 4.705728267025948, 
button acc: 0.8036125, coarse acc: 0.4531291015625, fine acc: 0.42749765625, stick acc: 0.5621783203125, cstick acc: 0.9502693359375, trigger acc: 0.892040234375, 
iter: 22000, loss: 4.694451164429838, 
button acc: 0.8042372159090909, coarse acc: 0.45438618607954545, fine acc: 0.4286067116477273, stick acc: 0.5632732599431818, cstick acc: 0.9503696732954545, trigger acc: 0.892543856534091, 
iter: 24000, loss: 4.682473415424426, 
button acc: 0.8048474934895833, coarse acc: 0.45580045572916666, fine acc: 0.429912109375, stick acc: 0.56456298828125, cstick acc: 0.9504669596354167, trigger acc: 0.8930869140625, 
iter: 26000, loss: 4.670776017051477, 
button acc: 0.8054094050480769, coarse acc: 0.4570770733173077, fine acc: 0.43107587139423076, stick acc: 0.5657454927884615, cstick acc: 0.9505883413461539, trigger acc: 0.8935788762019231, 
iter: 26342, loss: 4.669001146461994, 
button acc: 0.805521765610201, coarse acc: 0.4573311708427381, fine acc: 0.43129482955260795, stick acc: 0.5659699273028871, cstick acc: 0.9506102135417447, trigger acc: 0.8936639193624518, 
***EVAL EPOCH 2***
iter: 6481, loss: 5.611004288559655, 
button acc: 0.7544741401031237, coarse acc: 0.3700669930523491, fine acc: 0.3506713169192117, stick acc: 0.4905393561578273, cstick acc: 0.9446309715981767, trigger acc: 0.8546201336003251, 
***TRAIN EPOCH 0***
iter: 2000, loss: 9.071422657489776, 
button acc: 0.72303515625, coarse acc: 0.245599609375, fine acc: 0.2416171875, stick acc: 0.351916015625, cstick acc: 0.938603515625, trigger acc: 0.78097265625, 
iter: 4000, loss: 8.209556527495383, 
button acc: 0.7249326171875, coarse acc: 0.2527373046875, fine acc: 0.24862890625, stick acc: 0.361287109375, cstick acc: 0.94183203125, trigger acc: 0.7881630859375, 
iter: 6000, loss: 7.775957723538081, 
button acc: 0.7298470052083333, coarse acc: 0.2619296875, fine acc: 0.25664713541666667, stick acc: 0.373052734375, cstick acc: 0.9429622395833334, trigger acc: 0.7974466145833333, 
iter: 8000, loss: 7.463976304829121, 
button acc: 0.73457470703125, coarse acc: 0.2740673828125, fine acc: 0.26716064453125, stick acc: 0.38812939453125, cstick acc: 0.9436171875, trigger acc: 0.80516162109375, 
iter: 10000, loss: 7.214878075551987, 
button acc: 0.7379296875, coarse acc: 0.283698828125, fine acc: 0.275676953125, stick acc: 0.399769921875, cstick acc: 0.943926171875, trigger acc: 0.81167890625, 
iter: 12000, loss: 7.01986474442482, 
button acc: 0.7405686848958334, coarse acc: 0.29136686197916667, fine acc: 0.282572265625, stick acc: 0.40853678385416664, cstick acc: 0.9442158203125, trigger acc: 0.816583984375, 
iter: 14000, loss: 6.863950628042221, 
button acc: 0.7427681361607142, coarse acc: 0.2979115513392857, fine acc: 0.2884893973214286, stick acc: 0.4156515066964286, cstick acc: 0.9445454799107142, trigger acc: 0.820548828125, 
iter: 16000, loss: 6.736156304061413, 
button acc: 0.744649169921875, coarse acc: 0.303712890625, fine acc: 0.293694091796875, stick acc: 0.421905517578125, cstick acc: 0.944678955078125, trigger acc: 0.823929443359375, 
iter: 18000, loss: 6.628119264152315, 
button acc: 0.7461890190972222, coarse acc: 0.30867230902777776, fine acc: 0.2981087239583333, stick acc: 0.42716710069444447, cstick acc: 0.9448752170138889, trigger acc: 0.82657421875, 
iter: 20000, loss: 6.535786336278916, 
button acc: 0.74773125, coarse acc: 0.313133203125, fine acc: 0.302098046875, stick acc: 0.431815625, cstick acc: 0.9449392578125, trigger acc: 0.829059375, 
iter: 22000, loss: 6.454759625825015, 
button acc: 0.7490376420454545, coarse acc: 0.3171178977272727, fine acc: 0.30564399857954544, stick acc: 0.4358995028409091, cstick acc: 0.945064453125, trigger acc: 0.8311500355113637, 
iter: 24000, loss: 6.3838308643301325, 
button acc: 0.7501695963541667, coarse acc: 0.32066178385416666, fine acc: 0.3088243815104167, stick acc: 0.43951432291666664, cstick acc: 0.9451852213541667, trigger acc: 0.8330162760416666, 
iter: 26000, loss: 6.320793196843221, 
button acc: 0.7512411358173077, coarse acc: 0.32402478966346154, fine acc: 0.31178515625, stick acc: 0.44286268028846154, cstick acc: 0.9453070913461539, trigger acc: 0.8347157451923077, 
iter: 26342, loss: 6.310740896730667, 
button acc: 0.7514555957113405, coarse acc: 0.32456963110474907, fine acc: 0.3122747539504578, stick acc: 0.44340790090070986, cstick acc: 0.9453178257627132, trigger acc: 0.8349990709515696, 
***EVAL EPOCH 0***
iter: 6481, loss: 5.521639985115582, 
button acc: 0.760656259456123, coarse acc: 0.3628492963740327, fine acc: 0.3466158080456763, stick acc: 0.48292382418573365, cstick acc: 0.9467859127728036, trigger acc: 0.8560607795883972, 
***TRAIN EPOCH 1***
iter: 2000, loss: 5.500560497760772, 
button acc: 0.766626953125, coarse acc: 0.3687734375, fine acc: 0.35168359375, stick acc: 0.487859375, cstick acc: 0.9457734375, trigger acc: 0.85730078125, 
iter: 4000, loss: 5.4861811063289645, 
button acc: 0.767630859375, coarse acc: 0.3706806640625, fine acc: 0.35325390625, stick acc: 0.488978515625, cstick acc: 0.9463447265625, trigger acc: 0.8576650390625, 
iter: 6000, loss: 5.470594017426173, 
button acc: 0.7682955729166666, coarse acc: 0.37224088541666667, fine acc: 0.35468684895833336, stick acc: 0.490529296875, cstick acc: 0.946349609375, trigger acc: 0.8586490885416667, 
iter: 8000, loss: 5.455491019189358, 
button acc: 0.7687236328125, coarse acc: 0.37373193359375, fine acc: 0.35602197265625, stick acc: 0.49196044921875, cstick acc: 0.946408203125, trigger acc: 0.859333984375, 
iter: 10000, loss: 5.440330525302887, 
button acc: 0.7691359375, coarse acc: 0.375066015625, fine acc: 0.357274609375, stick acc: 0.493135546875, cstick acc: 0.946510546875, trigger acc: 0.859789453125, 
iter: 12000, loss: 5.424581965049108, 
button acc: 0.7696643880208334, coarse acc: 0.37632096354166666, fine acc: 0.3583977864583333, stick acc: 0.4942565104166667, cstick acc: 0.946560546875, trigger acc: 0.86029296875, 
iter: 14000, loss: 5.4089898638044085, 
button acc: 0.7702502790178571, coarse acc: 0.37749972098214285, fine acc: 0.3595047433035714, stick acc: 0.495392578125, cstick acc: 0.94660546875, trigger acc: 0.8609132254464286, 
iter: 16000, loss: 5.395550418794155, 
button acc: 0.77090673828125, coarse acc: 0.378663330078125, fine acc: 0.360525390625, stick acc: 0.49644677734375, cstick acc: 0.94662646484375, trigger acc: 0.8615791015625, 
iter: 18000, loss: 5.381168768617842, 
button acc: 0.7715824652777777, coarse acc: 0.38001171875, fine acc: 0.3617504340277778, stick acc: 0.4976399739583333, cstick acc: 0.9466966145833333, trigger acc: 0.862146484375, 
iter: 20000, loss: 5.367357566022873, 
button acc: 0.7721853515625, coarse acc: 0.381246875, fine acc: 0.3628642578125, stick acc: 0.498768359375, cstick acc: 0.946715625, trigger acc: 0.8627005859375, 
iter: 22000, loss: 5.354347501538016, 
button acc: 0.7727024147727273, coarse acc: 0.3823936434659091, fine acc: 0.363900390625, stick acc: 0.49984605823863637, cstick acc: 0.9467292258522727, trigger acc: 0.8632329545454546, 
iter: 24000, loss: 5.341370450695356, 
button acc: 0.7732683919270833, coarse acc: 0.3836534830729167, fine acc: 0.36502750651041665, stick acc: 0.5009319661458334, cstick acc: 0.9467736002604167, trigger acc: 0.8637978515625, 
iter: 26000, loss: 5.328815578534053, 
button acc: 0.7737734375, coarse acc: 0.3847893629807692, fine acc: 0.3660342548076923, stick acc: 0.501918719951923, cstick acc: 0.9467932692307692, trigger acc: 0.8643207632211538, 
iter: 26342, loss: 5.32702222171636, 
button acc: 0.7738713915217694, coarse acc: 0.38497171852012446, fine acc: 0.3661978222155722, stick acc: 0.5020898028741629, cstick acc: 0.9467899189421928, trigger acc: 0.8643804314669964, 
***EVAL EPOCH 1***
iter: 6481, loss: 5.3766849415847835, 
button acc: 0.7635767321808969, coarse acc: 0.3758518798923193, fine acc: 0.3590764916713784, stick acc: 0.49932850224656383, cstick acc: 0.9474375187615508, trigger acc: 0.8602808476061768, 
***TRAIN EPOCH 2***
iter: 2000, loss: 5.129678265333176, 
button acc: 0.7826796875, coarse acc: 0.4048125, fine acc: 0.38405078125, stick acc: 0.51962890625, cstick acc: 0.947619140625, trigger acc: 0.87264453125, 
iter: 4000, loss: 5.116543725609779, 
button acc: 0.7831826171875, coarse acc: 0.406166015625, fine acc: 0.3854638671875, stick acc: 0.5211259765625, cstick acc: 0.9475556640625, trigger acc: 0.8731826171875, 
iter: 6000, loss: 5.106990732828776, 
button acc: 0.7839192708333333, coarse acc: 0.4068125, fine acc: 0.38603645833333333, stick acc: 0.52158203125, cstick acc: 0.947833984375, trigger acc: 0.8734388020833334, 
iter: 8000, loss: 5.099432419359684, 
button acc: 0.78430859375, coarse acc: 0.40750439453125, fine acc: 0.38658154296875, stick acc: 0.52200048828125, cstick acc: 0.94776611328125, trigger acc: 0.87384912109375, 
iter: 10000, loss: 5.091219641399384, 
button acc: 0.784601953125, coarse acc: 0.40838203125, fine acc: 0.38721875, stick acc: 0.522831640625, cstick acc: 0.947783984375, trigger acc: 0.8741859375, 
iter: 12000, loss: 5.083201968550682, 
button acc: 0.7850218098958334, coarse acc: 0.40917447916666666, fine acc: 0.3878932291666667, stick acc: 0.5236253255208333, cstick acc: 0.9478160807291667, trigger acc: 0.874640625, 
iter: 14000, loss: 5.072393056835447, 
button acc: 0.7854338727678571, coarse acc: 0.41034626116071427, fine acc: 0.38898856026785716, stick acc: 0.5247723214285714, cstick acc: 0.9479517299107143, trigger acc: 0.8751183035714286, 
iter: 16000, loss: 5.0637438265681265, 
button acc: 0.785894287109375, coarse acc: 0.4112724609375, fine acc: 0.3898271484375, stick acc: 0.525473388671875, cstick acc: 0.947923095703125, trigger acc: 0.875638427734375, 
iter: 18000, loss: 5.054936597241296, 
button acc: 0.7863576388888889, coarse acc: 0.41230316840277775, fine acc: 0.39076410590277777, stick acc: 0.5263999565972223, cstick acc: 0.9479594184027778, trigger acc: 0.876044921875, 
iter: 20000, loss: 5.045798126745224, 
button acc: 0.786787109375, coarse acc: 0.4131609375, fine acc: 0.3915099609375, stick acc: 0.5272291015625, cstick acc: 0.9479087890625, trigger acc: 0.87649765625, 
iter: 22000, loss: 5.035709908312017, 
button acc: 0.7872666903409091, coarse acc: 0.41419655539772726, fine acc: 0.39246839488636365, stick acc: 0.5282034801136364, cstick acc: 0.9479156605113637, trigger acc: 0.8769694602272727, 
iter: 24000, loss: 5.025357561707497, 
button acc: 0.78777099609375, coarse acc: 0.41540087890625, fine acc: 0.3935305989583333, stick acc: 0.5292381184895834, cstick acc: 0.9479925130208333, trigger acc: 0.87742529296875, 
iter: 26000, loss: 5.015585712524561, 
button acc: 0.7882976262019231, coarse acc: 0.4163924278846154, fine acc: 0.3944368990384615, stick acc: 0.5300725661057692, cstick acc: 0.9480208834134616, trigger acc: 0.877908203125, 
iter: 26342, loss: 5.014196527075744, 
button acc: 0.7883764103852341, coarse acc: 0.416583833311658, fine acc: 0.3946056467459801, stick acc: 0.5302047510038987, cstick acc: 0.9480417987267366, trigger acc: 0.8780043001670211, 
***EVAL EPOCH 2***
iter: 6481, loss: 5.463132079783238, 
button acc: 0.7590932489761769, coarse acc: 0.3737765057764479, fine acc: 0.3543531017288957, stick acc: 0.4923838652471582, cstick acc: 0.9464839196179817, trigger acc: 0.8570891235447365, 
