Training on device: cuda
***TRAIN EPOCH 0***
iter: 2000, loss: 6.9347529036998745, 
button acc: 0.7315, coarse acc: 0.279412109375, fine acc: 0.271884765625, stick acc: 0.399216796875, cstick acc: 0.945298828125, trigger acc: 0.805509765625, 
iter: 4000, loss: 6.683187916398048, 
button acc: 0.733736328125, coarse acc: 0.2921611328125, fine acc: 0.2827490234375, stick acc: 0.4160419921875, cstick acc: 0.9452021484375, trigger acc: 0.812318359375, 
iter: 6000, loss: 6.4698875892957055, 
button acc: 0.7353697916666667, coarse acc: 0.30028450520833333, fine acc: 0.2902135416666667, stick acc: 0.4251673177083333, cstick acc: 0.9452018229166667, trigger acc: 0.8186263020833333, 
iter: 8000, loss: 6.331447301566601, 
button acc: 0.7370205078125, coarse acc: 0.30595703125, fine acc: 0.295361328125, stick acc: 0.43131298828125, cstick acc: 0.94530615234375, trigger acc: 0.8224931640625, 
iter: 10000, loss: 6.2365823822021484, 
button acc: 0.738458984375, coarse acc: 0.31011953125, fine acc: 0.299174609375, stick acc: 0.4356796875, cstick acc: 0.9453828125, trigger acc: 0.825496484375, 
iter: 12000, loss: 6.167039469162623, 
button acc: 0.7395699869791666, coarse acc: 0.313349609375, fine acc: 0.30207682291666665, stick acc: 0.43901204427083335, cstick acc: 0.9453421223958334, trigger acc: 0.8274951171875, 
iter: 14000, loss: 6.113591515132359, 
button acc: 0.7403150111607143, coarse acc: 0.3156981026785714, fine acc: 0.304095703125, stick acc: 0.44140931919642856, cstick acc: 0.9453956473214286, trigger acc: 0.8292047991071428, 
iter: 16000, loss: 6.0705271995961665, 
button acc: 0.7409970703125, coarse acc: 0.317746337890625, fine acc: 0.305904541015625, stick acc: 0.4435576171875, cstick acc: 0.945423828125, trigger acc: 0.830590576171875, 
iter: 18000, loss: 6.035735617664125, 
button acc: 0.7414800347222222, coarse acc: 0.31944618055555557, fine acc: 0.30740603298611113, stick acc: 0.44528515625, cstick acc: 0.9454184027777778, trigger acc: 0.8317986111111111, 
iter: 20000, loss: 6.007336132621766, 
button acc: 0.742053515625, coarse acc: 0.32088671875, fine acc: 0.308638671875, stick acc: 0.4465455078125, cstick acc: 0.9454365234375, trigger acc: 0.832793359375, 
iter: 22000, loss: 5.981554505088113, 
button acc: 0.7424644886363636, coarse acc: 0.3222404119318182, fine acc: 0.3098368252840909, stick acc: 0.44784215198863636, cstick acc: 0.945490234375, trigger acc: 0.8336395596590909, 
iter: 24000, loss: 5.959753467837969, 
button acc: 0.74282470703125, coarse acc: 0.3234091796875, fine acc: 0.31088232421875, stick acc: 0.4489456380208333, cstick acc: 0.94548974609375, trigger acc: 0.8343720703125, 
iter: 26000, loss: 5.94088907617789, 
button acc: 0.7431676682692308, coarse acc: 0.32444245793269233, fine acc: 0.3117881610576923, stick acc: 0.4498771033653846, cstick acc: 0.9455339543269231, trigger acc: 0.8349924879807692, 
iter: 26342, loss: 5.937587618040392, 
button acc: 0.7432374097625566, coarse acc: 0.3246197537495223, fine acc: 0.311950439677916, stick acc: 0.4500513757108926, cstick acc: 0.9455561307631588, trigger acc: 0.835081817803, 
***EVAL EPOCH 0***
iter: 6481, loss: 5.510158811191629, 
button acc: 0.7514373306939574, coarse acc: 0.3516538495386919, fine acc: 0.3393854529716488, stick acc: 0.4808683418345511, cstick acc: 0.9470770558741587, trigger acc: 0.8501294170266273, 
***TRAIN EPOCH 1***
iter: 2000, loss: 5.693990079402924, 
button acc: 0.747455078125, coarse acc: 0.337830078125, fine acc: 0.32358984375, stick acc: 0.462158203125, cstick acc: 0.945939453125, trigger acc: 0.84255859375, 
iter: 4000, loss: 5.698388825654984, 
button acc: 0.7476904296875, coarse acc: 0.3374970703125, fine acc: 0.323359375, stick acc: 0.4619482421875, cstick acc: 0.94589453125, trigger acc: 0.842896484375, 
iter: 6000, loss: 5.696527170737585, 
button acc: 0.7474967447916666, coarse acc: 0.337232421875, fine acc: 0.32305924479166664, stick acc: 0.46172005208333333, cstick acc: 0.9459296875, trigger acc: 0.84305078125, 
iter: 8000, loss: 5.694376209795475, 
button acc: 0.74770263671875, coarse acc: 0.337595703125, fine acc: 0.3233916015625, stick acc: 0.462166015625, cstick acc: 0.94600244140625, trigger acc: 0.84307861328125, 
iter: 10000, loss: 5.6929589307308195, 
button acc: 0.74786015625, coarse acc: 0.337709765625, fine acc: 0.323444921875, stick acc: 0.46216015625, cstick acc: 0.945865625, trigger acc: 0.843369140625, 
iter: 12000, loss: 5.690211696505546, 
button acc: 0.7479625651041667, coarse acc: 0.33785384114583333, fine acc: 0.32363444010416664, stick acc: 0.4622548828125, cstick acc: 0.9459153645833334, trigger acc: 0.8435100911458333, 
iter: 14000, loss: 5.685778005838394, 
button acc: 0.748126953125, coarse acc: 0.3381983816964286, fine acc: 0.3239193638392857, stick acc: 0.46252176339285717, cstick acc: 0.9459093191964286, trigger acc: 0.8436135602678572, 
iter: 16000, loss: 5.683602883130312, 
button acc: 0.748193359375, coarse acc: 0.33826806640625, fine acc: 0.323984619140625, stick acc: 0.462590087890625, cstick acc: 0.9458564453125, trigger acc: 0.84364794921875, 
iter: 18000, loss: 5.681080851316452, 
button acc: 0.7481323784722222, coarse acc: 0.3382751736111111, fine acc: 0.32397352430555554, stick acc: 0.46276649305555556, cstick acc: 0.9458580729166667, trigger acc: 0.8436158854166667, 
iter: 20000, loss: 5.678608224368095, 
button acc: 0.748141796875, coarse acc: 0.3383365234375, fine acc: 0.3240484375, stick acc: 0.4628375, cstick acc: 0.945851953125, trigger acc: 0.843629296875, 
iter: 22000, loss: 5.67753356571631, 
button acc: 0.7481819957386364, coarse acc: 0.33843394886363637, fine acc: 0.3241264204545454, stick acc: 0.46294353693181817, cstick acc: 0.9458343394886364, trigger acc: 0.8436303267045454, 
iter: 24000, loss: 5.676331360816955, 
button acc: 0.74817529296875, coarse acc: 0.33850618489583334, fine acc: 0.32421175130208335, stick acc: 0.4630322265625, cstick acc: 0.9458248697916667, trigger acc: 0.8436175130208333, 
iter: 26000, loss: 5.674674762322352, 
button acc: 0.7482244591346154, coarse acc: 0.3386090745192308, fine acc: 0.32429462139423076, stick acc: 0.463107421875, cstick acc: 0.9458553185096154, trigger acc: 0.8435975060096154, 
iter: 26342, loss: 5.674376500059248, 
button acc: 0.7482358830979768, coarse acc: 0.338618059366862, fine acc: 0.32429825702210097, stick acc: 0.46309749936938893, cstick acc: 0.9458688782715221, trigger acc: 0.8436112683416627, 
***EVAL EPOCH 1***
iter: 6481, loss: 5.485668042066233, 
button acc: 0.7508170693041137, coarse acc: 0.35229279713172806, fine acc: 0.3364294161827342, stick acc: 0.47987857584609317, cstick acc: 0.9473663906332694, trigger acc: 0.8463198426983359, 
***TRAIN EPOCH 2***
iter: 2000, loss: 5.64410723400116, 
button acc: 0.748771484375, coarse acc: 0.340099609375, fine acc: 0.32598046875, stick acc: 0.466271484375, cstick acc: 0.9454609375, trigger acc: 0.8441953125, 
iter: 4000, loss: 5.6481162927150725, 
button acc: 0.748267578125, coarse acc: 0.34011328125, fine acc: 0.32595703125, stick acc: 0.4659072265625, cstick acc: 0.945619140625, trigger acc: 0.8439658203125, 
iter: 6000, loss: 5.644553807576497, 
button acc: 0.7484427083333334, coarse acc: 0.34043033854166665, fine acc: 0.326125, stick acc: 0.46584830729166665, cstick acc: 0.9459016927083334, trigger acc: 0.844318359375, 
iter: 8000, loss: 5.645013054847717, 
button acc: 0.7485888671875, coarse acc: 0.340435546875, fine acc: 0.3260703125, stick acc: 0.46552587890625, cstick acc: 0.9459873046875, trigger acc: 0.84428125, 
iter: 10000, loss: 5.644620391082763, 
button acc: 0.7486296875, coarse acc: 0.340636328125, fine acc: 0.326225390625, stick acc: 0.46565, cstick acc: 0.946016015625, trigger acc: 0.84414921875, 
iter: 12000, loss: 5.64272861623764, 
button acc: 0.74877734375, coarse acc: 0.34077180989583333, fine acc: 0.3263525390625, stick acc: 0.46568196614583335, cstick acc: 0.9460540364583333, trigger acc: 0.8441783854166667, 
iter: 14000, loss: 5.642545152630125, 
button acc: 0.7489321986607143, coarse acc: 0.34072628348214284, fine acc: 0.3263016183035714, stick acc: 0.4654556361607143, cstick acc: 0.9460320870535714, trigger acc: 0.84426953125, 
iter: 16000, loss: 5.641424032360315, 
button acc: 0.748963134765625, coarse acc: 0.3408056640625, fine acc: 0.326390625, stick acc: 0.465502197265625, cstick acc: 0.945985595703125, trigger acc: 0.84431689453125, 
iter: 18000, loss: 5.640408616330888, 
button acc: 0.7490221354166666, coarse acc: 0.3409683159722222, fine acc: 0.3265336371527778, stick acc: 0.46563736979166664, cstick acc: 0.9459487847222222, trigger acc: 0.8444620225694445, 
iter: 20000, loss: 5.639391494703293, 
button acc: 0.748934765625, coarse acc: 0.34096796875, fine acc: 0.326515234375, stick acc: 0.465646484375, cstick acc: 0.9459068359375, trigger acc: 0.8444369140625, 
iter: 22000, loss: 5.637791013197465, 
button acc: 0.7488904474431818, coarse acc: 0.34105522017045453, fine acc: 0.3265994318181818, stick acc: 0.4657059659090909, cstick acc: 0.9459177911931819, trigger acc: 0.84447265625, 
iter: 24000, loss: 5.637222295045853, 
button acc: 0.7488216145833333, coarse acc: 0.3410348307291667, fine acc: 0.32654720052083336, stick acc: 0.46566389973958333, cstick acc: 0.94591455078125, trigger acc: 0.84442236328125, 
iter: 26000, loss: 5.6358453095876255, 
button acc: 0.7488497596153846, coarse acc: 0.34094966947115385, fine acc: 0.3264657451923077, stick acc: 0.4655869891826923, cstick acc: 0.9459139122596154, trigger acc: 0.8444471153846154, 
iter: 26342, loss: 5.635559074681926, 
button acc: 0.7488634542005816, coarse acc: 0.34097708609187066, fine acc: 0.32649312467088476, stick acc: 0.46559888626890145, cstick acc: 0.945913514117903, trigger acc: 0.84444793095057, 
***EVAL EPOCH 2***
iter: 6481, loss: 5.470014816926339, 
button acc: 0.7509551060954395, coarse acc: 0.35241335328135753, fine acc: 0.3383908647372057, stick acc: 0.48148920600514294, cstick acc: 0.9477425258201133, trigger acc: 0.8504326157429454, 
***TRAIN EPOCH 0***
iter: 2000, loss: 6.990479518413544, 
button acc: 0.731185546875, coarse acc: 0.28787890625, fine acc: 0.277708984375, stick acc: 0.41038671875, cstick acc: 0.944423828125, trigger acc: 0.8071015625, 
iter: 4000, loss: 6.622207231163978, 
button acc: 0.7361611328125, coarse acc: 0.3022666015625, fine acc: 0.2915419921875, stick acc: 0.4264638671875, cstick acc: 0.9449189453125, trigger acc: 0.8171640625, 
iter: 6000, loss: 6.4059534760316215, 
button acc: 0.7390377604166667, coarse acc: 0.3115944010416667, fine acc: 0.3001751302083333, stick acc: 0.436109375, cstick acc: 0.945130859375, trigger acc: 0.8228255208333334, 
iter: 8000, loss: 6.265836429059505, 
button acc: 0.74146142578125, coarse acc: 0.317990234375, fine acc: 0.30601953125, stick acc: 0.44221435546875, cstick acc: 0.94529541015625, trigger acc: 0.82688671875, 
iter: 10000, loss: 6.163102591657639, 
button acc: 0.7433921875, coarse acc: 0.3231796875, fine acc: 0.3107109375, stick acc: 0.44712890625, cstick acc: 0.945545703125, trigger acc: 0.8301375, 
iter: 12000, loss: 6.086254508495331, 
button acc: 0.7450504557291666, coarse acc: 0.32717903645833335, fine acc: 0.3142900390625, stick acc: 0.4509287109375, cstick acc: 0.9456311848958333, trigger acc: 0.8324596354166667, 
iter: 14000, loss: 6.0221985441276, 
button acc: 0.7465128348214286, coarse acc: 0.33075920758928573, fine acc: 0.31754464285714284, stick acc: 0.45419754464285716, cstick acc: 0.9457424665178571, trigger acc: 0.834458984375, 
iter: 16000, loss: 5.968476371943951, 
button acc: 0.747729248046875, coarse acc: 0.33380859375, fine acc: 0.3203134765625, stick acc: 0.45696240234375, cstick acc: 0.94585009765625, trigger acc: 0.836320068359375, 
iter: 18000, loss: 5.922126489241918, 
button acc: 0.7488713107638889, coarse acc: 0.33646809895833335, fine acc: 0.3226929253472222, stick acc: 0.4593279079861111, cstick acc: 0.9459346788194445, trigger acc: 0.8379537760416667, 
iter: 20000, loss: 5.880446600461006, 
button acc: 0.7498783203125, coarse acc: 0.3389240234375, fine acc: 0.3249310546875, stick acc: 0.4615162109375, cstick acc: 0.9460125, trigger acc: 0.839284375, 
iter: 22000, loss: 5.84429783281413, 
button acc: 0.7508313210227273, coarse acc: 0.34104865056818184, fine acc: 0.32681747159090907, stick acc: 0.46335014204545455, cstick acc: 0.9460962357954545, trigger acc: 0.8405046164772727, 
iter: 24000, loss: 5.812052181939284, 
button acc: 0.75173046875, coarse acc: 0.34303645833333335, fine acc: 0.3285763346354167, stick acc: 0.4650817057291667, cstick acc: 0.9461399739583334, trigger acc: 0.8416013997395834, 
iter: 26000, loss: 5.781686849942574, 
button acc: 0.7525404146634616, coarse acc: 0.3448426983173077, fine acc: 0.33021634615384615, stick acc: 0.46667262620192307, cstick acc: 0.9462097355769231, trigger acc: 0.8425366586538462, 
iter: 26342, loss: 5.776788373478959, 
button acc: 0.7526392612456011, coarse acc: 0.34512391934169095, fine acc: 0.3304688291276035, stick acc: 0.46692090809775816, cstick acc: 0.9462271513773569, trigger acc: 0.84268281307857, 
***EVAL EPOCH 0***
iter: 6481, loss: 5.306646775250228, 
button acc: 0.7610112973167817, coarse acc: 0.37356553251459634, fine acc: 0.3569125087855294, stick acc: 0.4939709869570302, cstick acc: 0.9483453065682607, trigger acc: 0.858219940228261, 
***TRAIN EPOCH 1***
iter: 2000, loss: 5.396136637449264, 
button acc: 0.76285546875, coarse acc: 0.367900390625, fine acc: 0.3505703125, stick acc: 0.486126953125, cstick acc: 0.94688671875, trigger acc: 0.85513671875, 
iter: 4000, loss: 5.3854491008520124, 
button acc: 0.763154296875, coarse acc: 0.3688115234375, fine acc: 0.351353515625, stick acc: 0.487595703125, cstick acc: 0.9465556640625, trigger acc: 0.85576953125, 
iter: 6000, loss: 5.372931766589483, 
button acc: 0.7635279947916667, coarse acc: 0.36983984375, fine acc: 0.35221549479166664, stick acc: 0.488203125, cstick acc: 0.9467610677083333, trigger acc: 0.85591796875, 
iter: 8000, loss: 5.362112387478351, 
button acc: 0.7638291015625, coarse acc: 0.37065966796875, fine acc: 0.35301318359375, stick acc: 0.48896728515625, cstick acc: 0.9469248046875, trigger acc: 0.85629443359375, 
iter: 10000, loss: 5.353451680088043, 
button acc: 0.764044140625, coarse acc: 0.371195703125, fine acc: 0.3534421875, stick acc: 0.489444921875, cstick acc: 0.946896484375, trigger acc: 0.85669296875, 
iter: 12000, loss: 5.346925208687782, 
button acc: 0.7642278645833334, coarse acc: 0.37161458333333336, fine acc: 0.3538349609375, stick acc: 0.4899749348958333, cstick acc: 0.9469150390625, trigger acc: 0.8569814453125, 
iter: 14000, loss: 5.338317647389003, 
button acc: 0.7644659598214286, coarse acc: 0.37222991071428574, fine acc: 0.35441434151785717, stick acc: 0.49062862723214284, cstick acc: 0.9469773995535714, trigger acc: 0.857259765625, 
iter: 16000, loss: 5.33051682856679, 
button acc: 0.76472021484375, coarse acc: 0.372718505859375, fine acc: 0.354879638671875, stick acc: 0.4910478515625, cstick acc: 0.9469619140625, trigger acc: 0.857609130859375, 
iter: 18000, loss: 5.323949894216326, 
button acc: 0.7649468315972222, coarse acc: 0.3731078559027778, fine acc: 0.3552296006944444, stick acc: 0.4914372829861111, cstick acc: 0.9468934461805556, trigger acc: 0.857763671875, 
iter: 20000, loss: 5.317154283761978, 
button acc: 0.765113671875, coarse acc: 0.373619921875, fine acc: 0.355719140625, stick acc: 0.49192265625, cstick acc: 0.9469330078125, trigger acc: 0.857960546875, 
iter: 22000, loss: 5.311225729053671, 
button acc: 0.7653311434659091, coarse acc: 0.3740907315340909, fine acc: 0.35615855823863635, stick acc: 0.4922585227272727, cstick acc: 0.9469705255681818, trigger acc: 0.8582672230113636, 
iter: 24000, loss: 5.305555778384209, 
button acc: 0.7654690755208333, coarse acc: 0.37443668619791665, fine acc: 0.3564871419270833, stick acc: 0.4925851236979167, cstick acc: 0.94698974609375, trigger acc: 0.8584498697916667, 
iter: 26000, loss: 5.299176808889095, 
button acc: 0.7656977163461538, coarse acc: 0.37495162259615383, fine acc: 0.356958984375, stick acc: 0.49310471754807694, cstick acc: 0.9469466646634616, trigger acc: 0.8586500901442308, 
iter: 26342, loss: 5.297707036817529, 
button acc: 0.7657518196521993, coarse acc: 0.3750428378077186, fine acc: 0.35705281221402846, stick acc: 0.49319214367581976, cstick acc: 0.9469493326792674, trigger acc: 0.858682762066174, 
***EVAL EPOCH 1***
iter: 6481, loss: 5.210189087709845, 
button acc: 0.7660499415905455, coarse acc: 0.3846410259810558, fine acc: 0.36617785166530237, stick acc: 0.5044913193544459, cstick acc: 0.9478371623975724, trigger acc: 0.8617076296370416, 
***TRAIN EPOCH 2***
iter: 2000, loss: 5.203772946119308, 
button acc: 0.76856640625, coarse acc: 0.381716796875, fine acc: 0.363283203125, stick acc: 0.4997421875, cstick acc: 0.946765625, trigger acc: 0.862427734375, 
iter: 4000, loss: 5.200037010788917, 
button acc: 0.7691005859375, coarse acc: 0.3823984375, fine acc: 0.3637060546875, stick acc: 0.4995419921875, cstick acc: 0.94678515625, trigger acc: 0.8625810546875, 
iter: 6000, loss: 5.198954374154408, 
button acc: 0.7693450520833334, coarse acc: 0.38273567708333334, fine acc: 0.3639889322916667, stick acc: 0.49978385416666665, cstick acc: 0.94687109375, trigger acc: 0.862462890625, 
iter: 8000, loss: 5.1934754660725595, 
button acc: 0.769525390625, coarse acc: 0.38325244140625, fine acc: 0.3645078125, stick acc: 0.500431640625, cstick acc: 0.9468359375, trigger acc: 0.86246337890625, 
iter: 10000, loss: 5.189639890050888, 
button acc: 0.769926171875, coarse acc: 0.383611328125, fine acc: 0.3647671875, stick acc: 0.500476171875, cstick acc: 0.946854296875, trigger acc: 0.8623984375, 
iter: 12000, loss: 5.185200629274051, 
button acc: 0.7702555338541667, coarse acc: 0.38395703125, fine acc: 0.3650478515625, stick acc: 0.5006162109375, cstick acc: 0.9468802083333333, trigger acc: 0.86268359375, 
iter: 14000, loss: 5.181057075738907, 
button acc: 0.7702606026785714, coarse acc: 0.38414313616071427, fine acc: 0.3652639508928571, stick acc: 0.5007416294642857, cstick acc: 0.9469380580357143, trigger acc: 0.862794921875, 
iter: 16000, loss: 5.176835428714752, 
button acc: 0.77032861328125, coarse acc: 0.38443310546875, fine acc: 0.36550048828125, stick acc: 0.500989990234375, cstick acc: 0.94693896484375, trigger acc: 0.86286083984375, 
iter: 18000, loss: 5.172599158472485, 
button acc: 0.7704375, coarse acc: 0.38463324652777775, fine acc: 0.36572569444444447, stick acc: 0.5012000868055555, cstick acc: 0.9469611545138888, trigger acc: 0.8629348958333334, 
iter: 20000, loss: 5.168143278074265, 
button acc: 0.7705078125, coarse acc: 0.3848638671875, fine acc: 0.365905078125, stick acc: 0.5013421875, cstick acc: 0.9470349609375, trigger acc: 0.86308125, 
iter: 22000, loss: 5.164189700169997, 
button acc: 0.7706335227272727, coarse acc: 0.38505078125, fine acc: 0.36608061079545456, stick acc: 0.5015676491477272, cstick acc: 0.9470388849431818, trigger acc: 0.8631997514204546, 
iter: 24000, loss: 5.1599656301339465, 
button acc: 0.7707392578125, coarse acc: 0.3852576497395833, fine acc: 0.3662451171875, stick acc: 0.5017662760416667, cstick acc: 0.9470105794270833, trigger acc: 0.8633025716145833, 
iter: 26000, loss: 5.15594382429123, 
button acc: 0.7708336838942308, coarse acc: 0.38557647235576925, fine acc: 0.3665040564903846, stick acc: 0.5020211838942308, cstick acc: 0.947046123798077, trigger acc: 0.8633727463942308, 
iter: 26342, loss: 5.1551645796605445, 
button acc: 0.7708695196337666, coarse acc: 0.385622719734783, fine acc: 0.36654230417950195, stick acc: 0.5020638518006857, cstick acc: 0.947059661814508, trigger acc: 0.8633859863313471, 
***EVAL EPOCH 2***
iter: 6481, loss: 5.073456887900139, 
button acc: 0.7686057319626903, coarse acc: 0.39065496950532197, fine acc: 0.37093861401417016, stick acc: 0.507657726624464, cstick acc: 0.9484899739478161, trigger acc: 0.8644587209715862, 
***TRAIN EPOCH 0***
iter: 2000, loss: 7.192419648408889, 
button acc: 0.7301171875, coarse acc: 0.28533984375, fine acc: 0.275365234375, stick acc: 0.40853125, cstick acc: 0.9441953125, trigger acc: 0.8052421875, 
iter: 4000, loss: 6.802903738379478, 
button acc: 0.7343037109375, coarse acc: 0.2996142578125, fine acc: 0.288255859375, stick acc: 0.4249111328125, cstick acc: 0.9447177734375, trigger acc: 0.8134609375, 
iter: 6000, loss: 6.549391732533773, 
button acc: 0.7373684895833333, coarse acc: 0.30850651041666666, fine acc: 0.29681901041666664, stick acc: 0.43433072916666665, cstick acc: 0.944939453125, trigger acc: 0.8200807291666666, 
iter: 8000, loss: 6.38549353992939, 
button acc: 0.7398115234375, coarse acc: 0.31466748046875, fine acc: 0.30268798828125, stick acc: 0.44028173828125, cstick acc: 0.94539697265625, trigger acc: 0.8241376953125, 
iter: 10000, loss: 6.265420198535919, 
button acc: 0.741691796875, coarse acc: 0.319912890625, fine acc: 0.307609765625, stick acc: 0.445265625, cstick acc: 0.945580078125, trigger acc: 0.827359765625, 
iter: 12000, loss: 6.174371196389198, 
button acc: 0.743171875, coarse acc: 0.3241878255208333, fine acc: 0.3115205078125, stick acc: 0.44918522135416666, cstick acc: 0.94576953125, trigger acc: 0.8300947265625, 
iter: 14000, loss: 6.100995660305023, 
button acc: 0.744681640625, coarse acc: 0.3278872767857143, fine acc: 0.3149001116071429, stick acc: 0.452462890625, cstick acc: 0.9458931361607142, trigger acc: 0.8324313616071428, 
iter: 16000, loss: 6.039925035476685, 
button acc: 0.74597412109375, coarse acc: 0.331088623046875, fine acc: 0.31782275390625, stick acc: 0.455376953125, cstick acc: 0.945938232421875, trigger acc: 0.834288330078125, 
iter: 18000, loss: 5.987759625938204, 
button acc: 0.7472233072916666, coarse acc: 0.33387022569444447, fine acc: 0.3203081597222222, stick acc: 0.4578029513888889, cstick acc: 0.94600390625, trigger acc: 0.8359385850694444, 
iter: 20000, loss: 5.941500356674195, 
button acc: 0.7482873046875, coarse acc: 0.3364654296875, fine acc: 0.32263515625, stick acc: 0.4601234375, cstick acc: 0.9461185546875, trigger acc: 0.83737109375, 
iter: 22000, loss: 5.901409197590568, 
button acc: 0.749193359375, coarse acc: 0.3386574928977273, fine acc: 0.3245919744318182, stick acc: 0.46210990767045457, cstick acc: 0.9461876775568182, trigger acc: 0.8385988991477272, 
iter: 24000, loss: 5.865217692395051, 
button acc: 0.7500865885416667, coarse acc: 0.3407628580729167, fine acc: 0.32647249348958335, stick acc: 0.4639503580729167, cstick acc: 0.9461946614583333, trigger acc: 0.8398115234375, 
iter: 26000, loss: 5.832563356051078, 
button acc: 0.7509097055288462, coarse acc: 0.3427307692307692, fine acc: 0.3282019230769231, stick acc: 0.4656138822115385, cstick acc: 0.9462451923076923, trigger acc: 0.8409012920673077, 
iter: 26342, loss: 5.827133248764836, 
button acc: 0.7510526867591246, coarse acc: 0.3430797162109238, fine acc: 0.3285196810716874, stick acc: 0.4659245351680792, cstick acc: 0.9462576994981359, trigger acc: 0.8410661353468598, 
***EVAL EPOCH 0***
iter: 6481, loss: 5.3463002808795554, 
button acc: 0.7596321349650206, coarse acc: 0.37045819775789673, fine acc: 0.35265928782660166, stick acc: 0.4914598023602483, cstick acc: 0.9478902071034094, trigger acc: 0.8572422298547661, 
***TRAIN EPOCH 1***
iter: 2000, loss: 5.3853056032657625, 
button acc: 0.76328515625, coarse acc: 0.36998046875, fine acc: 0.352369140625, stick acc: 0.48860546875, cstick acc: 0.947224609375, trigger acc: 0.855458984375, 
iter: 4000, loss: 5.379520936846733, 
button acc: 0.76293359375, coarse acc: 0.37044921875, fine acc: 0.3528486328125, stick acc: 0.489083984375, cstick acc: 0.9470751953125, trigger acc: 0.855853515625, 
iter: 6000, loss: 5.368028970638911, 
button acc: 0.76363671875, coarse acc: 0.37124153645833335, fine acc: 0.353611328125, stick acc: 0.4898359375, cstick acc: 0.9471822916666667, trigger acc: 0.8564375, 
iter: 8000, loss: 5.358464313447476, 
button acc: 0.76377001953125, coarse acc: 0.37181298828125, fine acc: 0.35415625, stick acc: 0.490609375, cstick acc: 0.94712158203125, trigger acc: 0.8565732421875, 
iter: 10000, loss: 5.347453498268128, 
button acc: 0.764216796875, coarse acc: 0.372717578125, fine acc: 0.354955078125, stick acc: 0.4913078125, cstick acc: 0.947097265625, trigger acc: 0.857047265625, 
iter: 12000, loss: 5.336604584972064, 
button acc: 0.7645846354166667, coarse acc: 0.37333365885416664, fine acc: 0.35552311197916664, stick acc: 0.49202376302083334, cstick acc: 0.9471022135416667, trigger acc: 0.8573424479166667, 
iter: 14000, loss: 5.3267184549740385, 
button acc: 0.7648616071428571, coarse acc: 0.3739877232142857, fine acc: 0.3561032366071429, stick acc: 0.49251199776785715, cstick acc: 0.9470041852678571, trigger acc: 0.857609375, 
iter: 16000, loss: 5.316863815188408, 
button acc: 0.765315673828125, coarse acc: 0.37470947265625, fine acc: 0.356754638671875, stick acc: 0.49306103515625, cstick acc: 0.947017578125, trigger acc: 0.858041259765625, 
iter: 18000, loss: 5.309213733567132, 
button acc: 0.7655824652777777, coarse acc: 0.375384765625, fine acc: 0.3573441840277778, stick acc: 0.49356510416666666, cstick acc: 0.9470750868055555, trigger acc: 0.8582369791666666, 
iter: 20000, loss: 5.300323685336113, 
button acc: 0.765923828125, coarse acc: 0.37612109375, fine acc: 0.3580171875, stick acc: 0.4942115234375, cstick acc: 0.9471078125, trigger acc: 0.8585900390625, 
iter: 22000, loss: 5.292425899722359, 
button acc: 0.7662526633522727, coarse acc: 0.3768448153409091, fine acc: 0.35863423295454544, stick acc: 0.4948018465909091, cstick acc: 0.9471448863636364, trigger acc: 0.8589362571022727, 
iter: 24000, loss: 5.284455522874991, 
button acc: 0.76649267578125, coarse acc: 0.37739892578125, fine acc: 0.35911995442708333, stick acc: 0.49529931640625, cstick acc: 0.9471253255208333, trigger acc: 0.8592049153645833, 
iter: 26000, loss: 5.277119790499027, 
button acc: 0.766813701923077, coarse acc: 0.3779747596153846, fine acc: 0.35965129206730767, stick acc: 0.49582827524038464, cstick acc: 0.9470881911057693, trigger acc: 0.8594498197115384, 
iter: 26342, loss: 5.276029597435841, 
button acc: 0.766863267056269, coarse acc: 0.3780927562546165, fine acc: 0.3597576555296028, stick acc: 0.4959192307686604, cstick acc: 0.9470905065189839, trigger acc: 0.8594857624254852, 
***EVAL EPOCH 1***
iter: 6481, loss: 5.1766328304716325, 
button acc: 0.7650420921796431, coarse acc: 0.38294238983277656, fine acc: 0.3637558786192463, stick acc: 0.5001693813902294, cstick acc: 0.9485231268889641, trigger acc: 0.8614731479260123, 
***TRAIN EPOCH 2***
iter: 2000, loss: 5.152336801767349, 
button acc: 0.77087890625, coarse acc: 0.388251953125, fine acc: 0.368578125, stick acc: 0.50404296875, cstick acc: 0.947767578125, trigger acc: 0.863931640625, 
iter: 4000, loss: 5.148268692612648, 
button acc: 0.7722197265625, coarse acc: 0.3886669921875, fine acc: 0.3690595703125, stick acc: 0.504453125, cstick acc: 0.9475849609375, trigger acc: 0.8645576171875, 
iter: 6000, loss: 5.143047237555186, 
button acc: 0.7724694010416666, coarse acc: 0.3891028645833333, fine acc: 0.36932877604166664, stick acc: 0.50472265625, cstick acc: 0.9475859375, trigger acc: 0.8644212239583333, 
iter: 8000, loss: 5.139908480167389, 
button acc: 0.77249755859375, coarse acc: 0.38945556640625, fine acc: 0.369734375, stick acc: 0.5052353515625, cstick acc: 0.9474912109375, trigger acc: 0.86453076171875, 
iter: 10000, loss: 5.13453928103447, 
button acc: 0.772596875, coarse acc: 0.389760546875, fine acc: 0.37003984375, stick acc: 0.505524609375, cstick acc: 0.947556640625, trigger acc: 0.86485390625, 
iter: 12000, loss: 5.131044207890828, 
button acc: 0.7727763671875, coarse acc: 0.3899153645833333, fine acc: 0.37020638020833335, stick acc: 0.5057037760416667, cstick acc: 0.9475328776041667, trigger acc: 0.8649202473958333, 
iter: 14000, loss: 5.126798154899052, 
button acc: 0.772923828125, coarse acc: 0.390310546875, fine acc: 0.37053404017857144, stick acc: 0.506046875, cstick acc: 0.94755078125, trigger acc: 0.8650711495535715, 
iter: 16000, loss: 5.12165194350481, 
button acc: 0.773160400390625, coarse acc: 0.3907490234375, fine acc: 0.370950927734375, stick acc: 0.5064921875, cstick acc: 0.94748779296875, trigger acc: 0.86510986328125, 
iter: 18000, loss: 5.1173115741146935, 
button acc: 0.7733606770833333, coarse acc: 0.3911354166666667, fine acc: 0.3713569878472222, stick acc: 0.5068661024305555, cstick acc: 0.9475160590277778, trigger acc: 0.8652925347222222, 
iter: 20000, loss: 5.1134792869091035, 
button acc: 0.773508984375, coarse acc: 0.3915111328125, fine acc: 0.371692578125, stick acc: 0.5072044921875, cstick acc: 0.947491796875, trigger acc: 0.8653455078125, 
iter: 22000, loss: 5.108767719832334, 
button acc: 0.7737707741477273, coarse acc: 0.39185085227272726, fine acc: 0.3720456321022727, stick acc: 0.5075339133522727, cstick acc: 0.9474481534090909, trigger acc: 0.8654866832386363, 
iter: 24000, loss: 5.105111320396264, 
button acc: 0.7739889322916667, coarse acc: 0.39217952473958334, fine acc: 0.3723151041666667, stick acc: 0.5077552083333333, cstick acc: 0.947421875, trigger acc: 0.8656525065104167, 
iter: 26000, loss: 5.1006752853393555, 
button acc: 0.7741903545673077, coarse acc: 0.39254717548076923, fine acc: 0.37266706730769233, stick acc: 0.5080725661057692, cstick acc: 0.9474465144230769, trigger acc: 0.8658862680288462, 
iter: 26342, loss: 5.099865730436396, 
button acc: 0.7741857702404656, coarse acc: 0.392585318602812, fine acc: 0.3727105036154294, stick acc: 0.5081429278356997, cstick acc: 0.9474490762085156, trigger acc: 0.8658869283553143, 
***EVAL EPOCH 2***
iter: 6481, loss: 5.133051805889104, 
button acc: 0.7667123976327594, coarse acc: 0.38945362747426426, fine acc: 0.37107725358624405, stick acc: 0.5090519584949288, cstick acc: 0.9487955837871268, trigger acc: 0.8613978003324939, 
***TRAIN EPOCH 0***
iter: 2000, loss: 8.393113150835037, 
button acc: 0.72270703125, coarse acc: 0.26244921875, fine acc: 0.256599609375, stick acc: 0.376484375, cstick acc: 0.93941796875, trigger acc: 0.79152734375, 
iter: 4000, loss: 7.622006846308708, 
button acc: 0.727224609375, coarse acc: 0.2782578125, fine acc: 0.2699736328125, stick acc: 0.39984765625, cstick acc: 0.942537109375, trigger acc: 0.800298828125, 
iter: 6000, loss: 7.287137810945511, 
button acc: 0.7304576822916666, coarse acc: 0.2871686197916667, fine acc: 0.27761783854166666, stick acc: 0.41076432291666665, cstick acc: 0.94353515625, trigger acc: 0.8050657552083333, 
iter: 8000, loss: 7.055937570095062, 
button acc: 0.732546875, coarse acc: 0.293041015625, fine acc: 0.28324267578125, stick acc: 0.41818212890625, cstick acc: 0.9438583984375, trigger acc: 0.8098701171875, 
iter: 10000, loss: 6.879754255723953, 
button acc: 0.73439375, coarse acc: 0.297616796875, fine acc: 0.2876046875, stick acc: 0.423344140625, cstick acc: 0.944273828125, trigger acc: 0.813401171875, 
iter: 12000, loss: 6.742808164556821, 
button acc: 0.7357353515625, coarse acc: 0.30158170572916665, fine acc: 0.2913671875, stick acc: 0.4277701822916667, cstick acc: 0.9444671223958333, trigger acc: 0.8160006510416666, 
iter: 14000, loss: 6.635021707126072, 
button acc: 0.7370131138392857, coarse acc: 0.30493331473214286, fine acc: 0.2944631696428571, stick acc: 0.43132645089285715, cstick acc: 0.9445934709821429, trigger acc: 0.8183113839285714, 
iter: 16000, loss: 6.545824787199497, 
button acc: 0.738210205078125, coarse acc: 0.307942138671875, fine acc: 0.29725048828125, stick acc: 0.43441455078125, cstick acc: 0.94473291015625, trigger acc: 0.820264892578125, 
iter: 18000, loss: 6.471113918383916, 
button acc: 0.7392921006944444, coarse acc: 0.3106942274305556, fine acc: 0.29980685763888887, stick acc: 0.4370833333333333, cstick acc: 0.9449140625, trigger acc: 0.8220336371527778, 
iter: 20000, loss: 6.406955907440185, 
button acc: 0.7402546875, coarse acc: 0.3132884765625, fine acc: 0.3021853515625, stick acc: 0.4395412109375, cstick acc: 0.9450240234375, trigger acc: 0.823574609375, 
iter: 22000, loss: 6.351368683381514, 
button acc: 0.7411028053977273, coarse acc: 0.3156161221590909, fine acc: 0.3042927911931818, stick acc: 0.4415704900568182, cstick acc: 0.9451487926136364, trigger acc: 0.8250630326704546, 
iter: 24000, loss: 6.301467707753181, 
button acc: 0.7419733072916667, coarse acc: 0.31783935546875, fine acc: 0.3063409830729167, stick acc: 0.44360888671875, cstick acc: 0.9452799479166667, trigger acc: 0.826396484375, 
iter: 26000, loss: 6.256834362470187, 
button acc: 0.7427211538461539, coarse acc: 0.31984615384615384, fine acc: 0.3081615084134615, stick acc: 0.4453982872596154, cstick acc: 0.9453967848557693, trigger acc: 0.8276099759615385, 
iter: 26342, loss: 6.250315782176852, 
button acc: 0.7428423602783082, coarse acc: 0.3201299214542566, fine acc: 0.3084096752126765, stick acc: 0.44563732055018057, cstick acc: 0.9453921199787824, trigger acc: 0.8277925319928541, 
***EVAL EPOCH 0***
iter: 6481, loss: 5.62448756809938, 
button acc: 0.7519442693031493, coarse acc: 0.3541734730659478, fine acc: 0.33884475864056063, stick acc: 0.47422690355146363, cstick acc: 0.9474923718096322, trigger acc: 0.8494253691127911, 
***TRAIN EPOCH 1***
iter: 2000, loss: 5.69680083656311, 
button acc: 0.753130859375, coarse acc: 0.3468203125, fine acc: 0.332181640625, stick acc: 0.468548828125, cstick acc: 0.94623828125, trigger acc: 0.8441640625, 
iter: 4000, loss: 5.679116703152657, 
button acc: 0.7531083984375, coarse acc: 0.3468076171875, fine acc: 0.3321826171875, stick acc: 0.4689765625, cstick acc: 0.946345703125, trigger acc: 0.844427734375, 
iter: 6000, loss: 5.666202373981476, 
button acc: 0.7539524739583333, coarse acc: 0.34784895833333335, fine acc: 0.33311588541666665, stick acc: 0.469619140625, cstick acc: 0.94622265625, trigger acc: 0.84532421875, 
iter: 8000, loss: 5.652847185373306, 
button acc: 0.75451611328125, coarse acc: 0.348900390625, fine acc: 0.33409521484375, stick acc: 0.470482421875, cstick acc: 0.94622607421875, trigger acc: 0.84588427734375, 
iter: 10000, loss: 5.643350719356537, 
button acc: 0.755074609375, coarse acc: 0.349942578125, fine acc: 0.33501328125, stick acc: 0.47137109375, cstick acc: 0.946261328125, trigger acc: 0.84632734375, 
iter: 12000, loss: 5.632985145807266, 
button acc: 0.755107421875, coarse acc: 0.35074348958333335, fine acc: 0.3357649739583333, stick acc: 0.4722373046875, cstick acc: 0.9463229166666667, trigger acc: 0.8464889322916667, 
iter: 14000, loss: 5.621477344070162, 
button acc: 0.755501953125, coarse acc: 0.3516068638392857, fine acc: 0.33652204241071426, stick acc: 0.4728995535714286, cstick acc: 0.9463950892857143, trigger acc: 0.8468984375, 
iter: 16000, loss: 5.611393990248442, 
button acc: 0.7558115234375, coarse acc: 0.3523671875, fine acc: 0.337147705078125, stick acc: 0.473454833984375, cstick acc: 0.946421630859375, trigger acc: 0.847267822265625, 
iter: 18000, loss: 5.601431549284193, 
button acc: 0.7559906684027777, coarse acc: 0.3529806857638889, fine acc: 0.3376642795138889, stick acc: 0.4740525173611111, cstick acc: 0.9464884982638889, trigger acc: 0.847595703125, 
iter: 20000, loss: 5.593036982703209, 
button acc: 0.756223046875, coarse acc: 0.353571875, fine acc: 0.33818203125, stick acc: 0.4746376953125, cstick acc: 0.9465095703125, trigger acc: 0.8478294921875, 
iter: 22000, loss: 5.58317002435164, 
button acc: 0.7565942826704546, coarse acc: 0.3542853338068182, fine acc: 0.3388348721590909, stick acc: 0.4752018821022727, cstick acc: 0.9465680042613637, trigger acc: 0.8481862571022727, 
iter: 24000, loss: 5.574390099048615, 
button acc: 0.75683447265625, coarse acc: 0.35486051432291665, fine acc: 0.3393505859375, stick acc: 0.4757513020833333, cstick acc: 0.9465408528645833, trigger acc: 0.8484811197916666, 
iter: 26000, loss: 5.565841251464991, 
button acc: 0.7571520432692308, coarse acc: 0.3554968449519231, fine acc: 0.33991646634615386, stick acc: 0.47625075120192306, cstick acc: 0.9465471754807693, trigger acc: 0.8488432992788462, 
iter: 26342, loss: 5.5643489107384365, 
button acc: 0.7572110989330549, coarse acc: 0.35561126715532787, fine acc: 0.34002727680260236, stick acc: 0.47634337214773603, cstick acc: 0.9465652567918037, trigger acc: 0.8488980210304533, 
***EVAL EPOCH 1***
iter: 6481, loss: 5.449113843250084, 
button acc: 0.7578147510093564, coarse acc: 0.3659029836441472, fine acc: 0.35151822387035875, stick acc: 0.48990884749526514, cstick acc: 0.9482657395095052, trigger acc: 0.8549534713540505, 
***TRAIN EPOCH 2***
iter: 2000, loss: 5.447568685054779, 
button acc: 0.761931640625, coarse acc: 0.36521484375, fine acc: 0.348060546875, stick acc: 0.483806640625, cstick acc: 0.94687109375, trigger acc: 0.852919921875, 
iter: 4000, loss: 5.441805049180984, 
button acc: 0.7613466796875, coarse acc: 0.3645947265625, fine acc: 0.3476552734375, stick acc: 0.4837470703125, cstick acc: 0.9468740234375, trigger acc: 0.8533681640625, 
iter: 6000, loss: 5.432337537527085, 
button acc: 0.7619791666666667, coarse acc: 0.36536328125, fine acc: 0.3483528645833333, stick acc: 0.484396484375, cstick acc: 0.9467330729166666, trigger acc: 0.85380859375, 
iter: 8000, loss: 5.427648704588413, 
button acc: 0.76185791015625, coarse acc: 0.36550927734375, fine acc: 0.34853857421875, stick acc: 0.48463330078125, cstick acc: 0.9466650390625, trigger acc: 0.854029296875, 
iter: 10000, loss: 5.422331070613861, 
button acc: 0.762102734375, coarse acc: 0.36609140625, fine acc: 0.34902890625, stick acc: 0.485263671875, cstick acc: 0.946600390625, trigger acc: 0.854196484375, 
iter: 12000, loss: 5.416130512277285, 
button acc: 0.7621591796875, coarse acc: 0.36645182291666667, fine acc: 0.3494798177083333, stick acc: 0.48560709635416666, cstick acc: 0.94675, trigger acc: 0.854330078125, 
iter: 14000, loss: 5.410400650160653, 
button acc: 0.7625309709821428, coarse acc: 0.36681640625, fine acc: 0.3498549107142857, stick acc: 0.4860396205357143, cstick acc: 0.9467198660714286, trigger acc: 0.8545387834821428, 
iter: 16000, loss: 5.405577411562204, 
button acc: 0.7626962890625, coarse acc: 0.36723486328125, fine acc: 0.35024853515625, stick acc: 0.486453369140625, cstick acc: 0.94671728515625, trigger acc: 0.85466162109375, 
iter: 18000, loss: 5.400822596232096, 
button acc: 0.762896484375, coarse acc: 0.3675729166666667, fine acc: 0.3505212673611111, stick acc: 0.4867250434027778, cstick acc: 0.946703125, trigger acc: 0.8548556857638889, 
iter: 20000, loss: 5.39577266831398, 
button acc: 0.76299609375, coarse acc: 0.3679578125, fine acc: 0.350873046875, stick acc: 0.48706953125, cstick acc: 0.94675078125, trigger acc: 0.8549697265625, 
iter: 22000, loss: 5.391937366550619, 
button acc: 0.7631422230113636, coarse acc: 0.3682079190340909, fine acc: 0.35106782670454545, stick acc: 0.4872803622159091, cstick acc: 0.9467301136363636, trigger acc: 0.8552297585227273, 
iter: 24000, loss: 5.3876534178853035, 
button acc: 0.7632412109375, coarse acc: 0.3684638671875, fine acc: 0.35129280598958335, stick acc: 0.48754248046875, cstick acc: 0.9467421875, trigger acc: 0.8553870442708333, 
iter: 26000, loss: 5.383124370886729, 
button acc: 0.7633620793269231, coarse acc: 0.36878846153846156, fine acc: 0.3515791766826923, stick acc: 0.4878509615384615, cstick acc: 0.9467232572115385, trigger acc: 0.8555591947115384, 
iter: 26342, loss: 5.382475302654015, 
button acc: 0.7634288278463619, coarse acc: 0.36886233014837044, fine acc: 0.3516360075741545, stick acc: 0.4879024251500602, cstick acc: 0.946718145687547, trigger acc: 0.8555928048201968, 
***EVAL EPOCH 2***
iter: 6481, loss: 5.338638440158481, 
button acc: 0.7605495672637009, coarse acc: 0.3726933087720271, fine acc: 0.35639652846511527, stick acc: 0.4939637535880524, cstick acc: 0.9480288466754834, trigger acc: 0.8565405930639225, 
