Training on device: cuda
***TRAIN EPOCH 0***
iter: 2000, loss: 6.669300416707992, 
button acc: 0.73527734375, coarse acc: 0.296201171875, fine acc: 0.281298828125, stick acc: 0.42381640625, cstick acc: 0.94446484375, trigger acc: 0.8083125, 
iter: 4000, loss: 6.224436058044434, 
button acc: 0.7407578125, coarse acc: 0.313640625, fine acc: 0.2989755859375, stick acc: 0.4419921875, cstick acc: 0.9450771484375, trigger acc: 0.8200009765625, 
iter: 6000, loss: 5.999552450259527, 
button acc: 0.7442486979166667, coarse acc: 0.32429166666666664, fine acc: 0.3095013020833333, stick acc: 0.452025390625, cstick acc: 0.9454407552083334, trigger acc: 0.8273079427083333, 
iter: 8000, loss: 5.864440823018551, 
button acc: 0.7468583984375, coarse acc: 0.331818359375, fine acc: 0.31672119140625, stick acc: 0.4587373046875, cstick acc: 0.94573681640625, trigger acc: 0.831669921875, 
iter: 10000, loss: 5.771126627779007, 
button acc: 0.749259375, coarse acc: 0.337362890625, fine acc: 0.32202109375, stick acc: 0.463569140625, cstick acc: 0.945921875, trigger acc: 0.83491875, 
iter: 12000, loss: 5.702219547390937, 
button acc: 0.7511044921875, coarse acc: 0.3416337890625, fine acc: 0.3260651041666667, stick acc: 0.46725325520833333, cstick acc: 0.9459847005208334, trigger acc: 0.8371246744791667, 
iter: 14000, loss: 5.6483373927048275, 
button acc: 0.7525055803571429, coarse acc: 0.34507645089285716, fine acc: 0.32922544642857143, stick acc: 0.4700638950892857, cstick acc: 0.94609765625, trigger acc: 0.8391704799107143, 
iter: 16000, loss: 5.604039560258388, 
button acc: 0.75366552734375, coarse acc: 0.3480146484375, fine acc: 0.331976318359375, stick acc: 0.472608154296875, cstick acc: 0.946200439453125, trigger acc: 0.84073291015625, 
iter: 18000, loss: 5.567606015735202, 
button acc: 0.7546456163194445, coarse acc: 0.3504546440972222, fine acc: 0.33423697916666667, stick acc: 0.4747584635416667, cstick acc: 0.9462237413194444, trigger acc: 0.8420266927083333, 
iter: 20000, loss: 5.537602600908279, 
button acc: 0.7555416015625, coarse acc: 0.3524958984375, fine acc: 0.3360771484375, stick acc: 0.476340234375, cstick acc: 0.9462767578125, trigger acc: 0.843192578125, 
iter: 22000, loss: 5.51026761856946, 
button acc: 0.756287109375, coarse acc: 0.3543781960227273, fine acc: 0.3377750355113636, stick acc: 0.47790607244318184, cstick acc: 0.9463522727272727, trigger acc: 0.8441237571022727, 
iter: 24000, loss: 5.486026749591033, 
button acc: 0.7569319661458334, coarse acc: 0.3561396484375, fine acc: 0.33939322916666664, stick acc: 0.47934423828125, cstick acc: 0.9463837890625, trigger acc: 0.8449557291666666, 
iter: 26000, loss: 5.4634386388888725, 
button acc: 0.757515625, coarse acc: 0.3576271033653846, fine acc: 0.34075150240384616, stick acc: 0.48048257211538464, cstick acc: 0.9464457632211538, trigger acc: 0.845684795673077, 
iter: 26342, loss: 5.459443889421986, 
button acc: 0.7576252780657523, coarse acc: 0.35788428460824034, fine acc: 0.34098361093320206, stick acc: 0.4806791292124709, cstick acc: 0.9464657529614995, trigger acc: 0.8457883409686334, 
***EVAL EPOCH 0***
iter: 6481, loss: 5.192010709412064, 
button acc: 0.7630812464059198, coarse acc: 0.3765969168970294, fine acc: 0.3594526268582223, stick acc: 0.4989891366853569, cstick acc: 0.9478178734136318, trigger acc: 0.8542747402316366, 
***TRAIN EPOCH 1***
iter: 2000, loss: 5.158924534320831, 
button acc: 0.7650234375, coarse acc: 0.375736328125, fine acc: 0.357369140625, stick acc: 0.495181640625, cstick acc: 0.947119140625, trigger acc: 0.854419921875, 
iter: 4000, loss: 5.156566178798675, 
button acc: 0.76529296875, coarse acc: 0.37604296875, fine acc: 0.3576103515625, stick acc: 0.4952880859375, cstick acc: 0.947044921875, trigger acc: 0.855060546875, 
iter: 6000, loss: 5.1516490140755975, 
button acc: 0.7654921875, coarse acc: 0.3765716145833333, fine acc: 0.357994140625, stick acc: 0.49573763020833334, cstick acc: 0.947091796875, trigger acc: 0.855294921875, 
iter: 8000, loss: 5.147384305953979, 
button acc: 0.765771484375, coarse acc: 0.3769091796875, fine acc: 0.35830810546875, stick acc: 0.49619580078125, cstick acc: 0.94718115234375, trigger acc: 0.85523974609375, 
iter: 10000, loss: 5.144537751245498, 
button acc: 0.765944140625, coarse acc: 0.377210546875, fine acc: 0.358568359375, stick acc: 0.496462890625, cstick acc: 0.947017578125, trigger acc: 0.855483984375, 
iter: 12000, loss: 5.140052965402603, 
button acc: 0.7660979817708333, coarse acc: 0.37745963541666666, fine acc: 0.35883984375, stick acc: 0.49672916666666667, cstick acc: 0.947044921875, trigger acc: 0.8557861328125, 
iter: 14000, loss: 5.135090630224773, 
button acc: 0.766251953125, coarse acc: 0.37784765625, fine acc: 0.3591805245535714, stick acc: 0.4970979352678571, cstick acc: 0.9470075334821428, trigger acc: 0.8559070870535714, 
iter: 16000, loss: 5.132205614745617, 
button acc: 0.7664462890625, coarse acc: 0.378165771484375, fine acc: 0.35949755859375, stick acc: 0.4973466796875, cstick acc: 0.946946044921875, trigger acc: 0.856054931640625, 
iter: 18000, loss: 5.129105013132095, 
button acc: 0.7664259982638889, coarse acc: 0.3783671875, fine acc: 0.35968294270833334, stick acc: 0.4976527777777778, cstick acc: 0.946951171875, trigger acc: 0.8560629340277778, 
iter: 20000, loss: 5.125989983415604, 
button acc: 0.766436328125, coarse acc: 0.3785431640625, fine acc: 0.3598119140625, stick acc: 0.4978087890625, cstick acc: 0.9469515625, trigger acc: 0.8561142578125, 
iter: 22000, loss: 5.124388690948487, 
button acc: 0.7665101207386363, coarse acc: 0.3786967329545455, fine acc: 0.3599483309659091, stick acc: 0.4979424715909091, cstick acc: 0.9469408735795455, trigger acc: 0.8561848366477273, 
iter: 24000, loss: 5.122535307784875, 
button acc: 0.7665646158854167, coarse acc: 0.37891796875, fine acc: 0.3601653645833333, stick acc: 0.49811442057291666, cstick acc: 0.9469283854166667, trigger acc: 0.8562685546875, 
iter: 26000, loss: 5.120326274486689, 
button acc: 0.7665958533653846, coarse acc: 0.37905874399038464, fine acc: 0.3602744891826923, stick acc: 0.49821799879807693, cstick acc: 0.9469381009615384, trigger acc: 0.8563126502403846, 
iter: 26342, loss: 5.119968387316883, 
button acc: 0.7666122089568573, coarse acc: 0.37906362298636354, fine acc: 0.3602732662866342, stick acc: 0.4982001076895403, cstick acc: 0.9469468117178439, trigger acc: 0.8563390094015549, 
***EVAL EPOCH 1***
iter: 6481, loss: 5.112419749608545, 
button acc: 0.7615333054446773, coarse acc: 0.3798905109049065, fine acc: 0.36103372076061285, stick acc: 0.49879624684594975, cstick acc: 0.9467672265696109, trigger acc: 0.8561668690000711, 
***TRAIN EPOCH 2***
iter: 2000, loss: 5.07429374217987, 
button acc: 0.76771484375, coarse acc: 0.382033203125, fine acc: 0.363103515625, stick acc: 0.5017265625, cstick acc: 0.946474609375, trigger acc: 0.85751171875, 
iter: 4000, loss: 5.081861148118973, 
button acc: 0.7676962890625, coarse acc: 0.3821103515625, fine acc: 0.3631171875, stick acc: 0.50087109375, cstick acc: 0.9466025390625, trigger acc: 0.8577265625, 
iter: 6000, loss: 5.07976056488355, 
button acc: 0.76781640625, coarse acc: 0.38212109375, fine acc: 0.36312890625, stick acc: 0.5006796875, cstick acc: 0.9469069010416666, trigger acc: 0.8577740885416667, 
iter: 8000, loss: 5.0808789079189305, 
button acc: 0.76771826171875, coarse acc: 0.38187841796875, fine acc: 0.36274560546875, stick acc: 0.50041064453125, cstick acc: 0.94704248046875, trigger acc: 0.85762451171875, 
iter: 10000, loss: 5.080220090150833, 
button acc: 0.7678, coarse acc: 0.38195, fine acc: 0.36280234375, stick acc: 0.500506640625, cstick acc: 0.94708515625, trigger acc: 0.85748828125, 
iter: 12000, loss: 5.079624282797178, 
button acc: 0.7679046223958333, coarse acc: 0.3820576171875, fine acc: 0.36291666666666667, stick acc: 0.5006285807291667, cstick acc: 0.9471471354166666, trigger acc: 0.8574378255208334, 
iter: 14000, loss: 5.079156400203705, 
button acc: 0.7680658482142857, coarse acc: 0.38223549107142857, fine acc: 0.36305943080357145, stick acc: 0.5006540178571428, cstick acc: 0.9471252790178571, trigger acc: 0.8574302455357142, 
iter: 16000, loss: 5.077980040431022, 
button acc: 0.768073974609375, coarse acc: 0.382267578125, fine acc: 0.363085205078125, stick acc: 0.50074072265625, cstick acc: 0.9470703125, trigger acc: 0.8574931640625, 
iter: 18000, loss: 5.076728845596313, 
button acc: 0.7681432291666667, coarse acc: 0.38248914930555555, fine acc: 0.36325520833333336, stick acc: 0.5008658854166667, cstick acc: 0.947037109375, trigger acc: 0.8575987413194445, 
iter: 20000, loss: 5.075722955560685, 
button acc: 0.7681271484375, coarse acc: 0.38268203125, fine acc: 0.3634220703125, stick acc: 0.5010455078125, cstick acc: 0.9470201171875, trigger acc: 0.857649609375, 
iter: 22000, loss: 5.074397769082676, 
button acc: 0.7681175426136364, coarse acc: 0.38284428267045456, fine acc: 0.36355113636363634, stick acc: 0.5011368963068182, cstick acc: 0.94703515625, trigger acc: 0.8577176846590909, 
iter: 24000, loss: 5.073876045405865, 
button acc: 0.7680244140625, coarse acc: 0.38286897786458335, fine acc: 0.36354166666666665, stick acc: 0.5011359049479167, cstick acc: 0.9470322265625, trigger acc: 0.8577403971354167, 
iter: 26000, loss: 5.072745894945585, 
button acc: 0.7681026141826923, coarse acc: 0.3829325420673077, fine acc: 0.3635845853365385, stick acc: 0.5010712139423077, cstick acc: 0.947020282451923, trigger acc: 0.857805438701923, 
iter: 26342, loss: 5.07250799579561, 
button acc: 0.7681271584805365, coarse acc: 0.38298831504721836, fine acc: 0.3636222893918388, stick acc: 0.5010729656693991, cstick acc: 0.9470178435132475, trigger acc: 0.8578013153190374, 
***EVAL EPOCH 2***
iter: 6481, loss: 5.107201989428016, 
button acc: 0.7657509623394644, coarse acc: 0.3825114015978512, fine acc: 0.3645617964795193, stick acc: 0.5034913060932694, cstick acc: 0.9471795286013437, trigger acc: 0.8597232754141405, 
***TRAIN EPOCH 0***
iter: 2000, loss: 6.97356853055954, 
button acc: 0.7329921875, coarse acc: 0.300287109375, fine acc: 0.285859375, stick acc: 0.431, cstick acc: 0.93836328125, trigger acc: 0.80688671875, 
iter: 4000, loss: 6.379991019487381, 
button acc: 0.7421142578125, coarse acc: 0.31875, fine acc: 0.3043759765625, stick acc: 0.448841796875, cstick acc: 0.942474609375, trigger acc: 0.81979296875, 
iter: 6000, loss: 6.101058764537176, 
button acc: 0.747033203125, coarse acc: 0.330142578125, fine acc: 0.31522265625, stick acc: 0.45892578125, cstick acc: 0.9439095052083334, trigger acc: 0.827734375, 
iter: 8000, loss: 5.9319716357588765, 
button acc: 0.75056884765625, coarse acc: 0.33800244140625, fine acc: 0.32251904296875, stick acc: 0.465603515625, cstick acc: 0.944689453125, trigger acc: 0.83276953125, 
iter: 10000, loss: 5.812569442987442, 
button acc: 0.7532375, coarse acc: 0.344318359375, fine acc: 0.328310546875, stick acc: 0.470818359375, cstick acc: 0.94525546875, trigger acc: 0.836595703125, 
iter: 12000, loss: 5.72443306473891, 
button acc: 0.7553473307291667, coarse acc: 0.3493190104166667, fine acc: 0.3328870442708333, stick acc: 0.4749609375, cstick acc: 0.945521484375, trigger acc: 0.8394329427083334, 
iter: 14000, loss: 5.65263359938349, 
button acc: 0.7572159598214285, coarse acc: 0.3537527901785714, fine acc: 0.33695089285714286, stick acc: 0.47863448660714286, cstick acc: 0.9457692522321428, trigger acc: 0.8417954799107142, 
iter: 16000, loss: 5.592841817200184, 
button acc: 0.75886328125, coarse acc: 0.35770849609375, fine acc: 0.340591064453125, stick acc: 0.48175634765625, cstick acc: 0.945968994140625, trigger acc: 0.844055908203125, 
iter: 18000, loss: 5.541858978668849, 
button acc: 0.7603771701388888, coarse acc: 0.36120572916666666, fine acc: 0.343779296875, stick acc: 0.4845920138888889, cstick acc: 0.9461341145833333, trigger acc: 0.8459594184027778, 
iter: 20000, loss: 5.496341437196731, 
button acc: 0.7616736328125, coarse acc: 0.364342578125, fine acc: 0.3466724609375, stick acc: 0.487200390625, cstick acc: 0.946290625, trigger acc: 0.84749609375, 
iter: 22000, loss: 5.456535974849354, 
button acc: 0.7629330610795455, coarse acc: 0.36723686079545453, fine acc: 0.34931356534090907, stick acc: 0.48955717329545456, cstick acc: 0.9464227627840909, trigger acc: 0.8489721235795454, 
iter: 24000, loss: 5.42049145780007, 
button acc: 0.76401025390625, coarse acc: 0.3698194986979167, fine acc: 0.3516505533854167, stick acc: 0.49167610677083334, cstick acc: 0.9465359700520833, trigger acc: 0.85027587890625, 
iter: 26000, loss: 5.3864135481210855, 
button acc: 0.7650395132211538, coarse acc: 0.3722264122596154, fine acc: 0.3538556189903846, stick acc: 0.4936834435096154, cstick acc: 0.9466597055288462, trigger acc: 0.8514420072115385, 
iter: 26342, loss: 5.380868340939652, 
button acc: 0.7651857896666978, coarse acc: 0.37262820163954435, fine acc: 0.3542180652392192, stick acc: 0.49400522788082496, cstick acc: 0.9466883390260102, trigger acc: 0.8516179901145688, 
***EVAL EPOCH 0***
iter: 6481, loss: 5.133210641148465, 
button acc: 0.7669052874721666, coarse acc: 0.3878231055505257, fine acc: 0.36823815626247003, stick acc: 0.5068427670529687, cstick acc: 0.9476924950180171, trigger acc: 0.8614671201185308, 
***TRAIN EPOCH 1***
iter: 2000, loss: 4.926723583698273, 
button acc: 0.779482421875, coarse acc: 0.405943359375, fine acc: 0.384126953125, stick acc: 0.521271484375, cstick acc: 0.948123046875, trigger acc: 0.867150390625, 
iter: 4000, loss: 4.912281136631965, 
button acc: 0.77941796875, coarse acc: 0.4067607421875, fine acc: 0.3850126953125, stick acc: 0.522708984375, cstick acc: 0.947791015625, trigger acc: 0.8678974609375, 
iter: 6000, loss: 4.8986121086279555, 
button acc: 0.7799427083333333, coarse acc: 0.408033203125, fine acc: 0.3860201822916667, stick acc: 0.5233802083333333, cstick acc: 0.947978515625, trigger acc: 0.86823828125, 
iter: 8000, loss: 4.88507194519043, 
button acc: 0.78029248046875, coarse acc: 0.40907666015625, fine acc: 0.3870078125, stick acc: 0.52434423828125, cstick acc: 0.94816796875, trigger acc: 0.86867578125, 
iter: 10000, loss: 4.8752776163578035, 
button acc: 0.78060625, coarse acc: 0.40983359375, fine acc: 0.387603125, stick acc: 0.52486953125, cstick acc: 0.9481640625, trigger acc: 0.868958984375, 
iter: 12000, loss: 4.866934785485268, 
button acc: 0.7808626302083334, coarse acc: 0.41043229166666667, fine acc: 0.38823046875, stick acc: 0.5255133463541667, cstick acc: 0.9481985677083333, trigger acc: 0.8692373046875, 
iter: 14000, loss: 4.856600107124874, 
button acc: 0.7811400669642857, coarse acc: 0.4112388392857143, fine acc: 0.3889919084821429, stick acc: 0.5262327008928571, cstick acc: 0.9482904575892858, trigger acc: 0.8695552455357143, 
iter: 16000, loss: 4.847478128701448, 
button acc: 0.781476806640625, coarse acc: 0.411989013671875, fine acc: 0.389685791015625, stick acc: 0.526861083984375, cstick acc: 0.9482919921875, trigger acc: 0.8698623046875, 
iter: 18000, loss: 4.839221177273326, 
button acc: 0.7817786458333333, coarse acc: 0.4127055121527778, fine acc: 0.39035438368055553, stick acc: 0.527521484375, cstick acc: 0.9482734375, trigger acc: 0.8700837673611111, 
iter: 20000, loss: 4.831411428868771, 
button acc: 0.7820154296875, coarse acc: 0.413423828125, fine acc: 0.391011328125, stick acc: 0.5280943359375, cstick acc: 0.9483111328125, trigger acc: 0.870311328125, 
iter: 22000, loss: 4.8239054735465485, 
button acc: 0.7823338068181818, coarse acc: 0.41413512073863634, fine acc: 0.39166157670454543, stick acc: 0.5286162997159091, cstick acc: 0.9483948863636363, trigger acc: 0.8706910511363637, 
iter: 24000, loss: 4.816671897818645, 
button acc: 0.78256201171875, coarse acc: 0.4147845052083333, fine acc: 0.39225472005208334, stick acc: 0.5291634114583333, cstick acc: 0.9484207356770833, trigger acc: 0.8709716796875, 
iter: 26000, loss: 4.809358621047093, 
button acc: 0.7828155048076924, coarse acc: 0.4154558293269231, fine acc: 0.39285787259615385, stick acc: 0.5297776442307692, cstick acc: 0.9483885216346154, trigger acc: 0.8711865985576923, 
iter: 26342, loss: 4.807773324263213, 
button acc: 0.7828652921297512, coarse acc: 0.4155859774634946, fine acc: 0.3929911933919966, stick acc: 0.5299161750668314, cstick acc: 0.9483890982357867, trigger acc: 0.8712281041524832, 
***EVAL EPOCH 1***
iter: 6481, loss: 4.9934442925096345, 
button acc: 0.7682892720699129, coarse acc: 0.3961342465059814, fine acc: 0.3755631479139567, stick acc: 0.5136011448011969, cstick acc: 0.9458202580142714, trigger acc: 0.8648191838589783, 
***TRAIN EPOCH 2***
iter: 2000, loss: 4.670751003026962, 
button acc: 0.788044921875, coarse acc: 0.428318359375, fine acc: 0.4047265625, stick acc: 0.54159375, cstick acc: 0.94844140625, trigger acc: 0.87637109375, 
iter: 4000, loss: 4.669774002552033, 
button acc: 0.7886298828125, coarse acc: 0.42904296875, fine acc: 0.40526171875, stick acc: 0.5415419921875, cstick acc: 0.948708984375, trigger acc: 0.876390625, 
iter: 6000, loss: 4.669526842633883, 
button acc: 0.788626953125, coarse acc: 0.4291510416666667, fine acc: 0.405318359375, stick acc: 0.5416048177083334, cstick acc: 0.9489544270833333, trigger acc: 0.876328125, 
iter: 8000, loss: 4.665247788548469, 
button acc: 0.7888017578125, coarse acc: 0.429875, fine acc: 0.40609375, stick acc: 0.5423720703125, cstick acc: 0.9488857421875, trigger acc: 0.8764482421875, 
iter: 10000, loss: 4.662293906950951, 
button acc: 0.7891828125, coarse acc: 0.43039765625, fine acc: 0.406565625, stick acc: 0.542708203125, cstick acc: 0.94886640625, trigger acc: 0.876408984375, 
iter: 12000, loss: 4.658730416536331, 
button acc: 0.7894342447916667, coarse acc: 0.4307005208333333, fine acc: 0.40682421875, stick acc: 0.5428583984375, cstick acc: 0.9488821614583334, trigger acc: 0.8767024739583333, 
iter: 14000, loss: 4.655663725631578, 
button acc: 0.7894151785714286, coarse acc: 0.4308560267857143, fine acc: 0.40693247767857144, stick acc: 0.5428830915178572, cstick acc: 0.9489430803571428, trigger acc: 0.8768030133928572, 
iter: 16000, loss: 4.652590606763959, 
button acc: 0.789566162109375, coarse acc: 0.431239013671875, fine acc: 0.407265869140625, stick acc: 0.54313232421875, cstick acc: 0.94897998046875, trigger acc: 0.8768994140625, 
iter: 18000, loss: 4.649426877697309, 
button acc: 0.7897873263888889, coarse acc: 0.43163368055555557, fine acc: 0.4076401909722222, stick acc: 0.5434123263888889, cstick acc: 0.9490329861111111, trigger acc: 0.8770668402777778, 
iter: 20000, loss: 4.646014666295051, 
button acc: 0.789888671875, coarse acc: 0.4318884765625, fine acc: 0.4078912109375, stick acc: 0.5436712890625, cstick acc: 0.9491099609375, trigger acc: 0.8771919921875, 
iter: 22000, loss: 4.642943191365762, 
button acc: 0.7900633877840909, coarse acc: 0.43218110795454545, fine acc: 0.4081550071022727, stick acc: 0.5439593394886364, cstick acc: 0.9491384943181819, trigger acc: 0.8773712713068181, 
iter: 24000, loss: 4.63991428176562, 
button acc: 0.7902252604166666, coarse acc: 0.4325537109375, fine acc: 0.4084755859375, stick acc: 0.544310546875, cstick acc: 0.9491402994791667, trigger acc: 0.87745361328125, 
iter: 26000, loss: 4.636873974561691, 
button acc: 0.7903625300480769, coarse acc: 0.43290369591346156, fine acc: 0.40878680889423075, stick acc: 0.5446493389423077, cstick acc: 0.9492007211538461, trigger acc: 0.8775670072115385, 
iter: 26342, loss: 4.636355660941188, 
button acc: 0.7903878410174956, coarse acc: 0.4329634094312726, fine acc: 0.4088384017757059, stick acc: 0.5446993894379724, cstick acc: 0.9492263540120879, trigger acc: 0.8775893795750815, 
***EVAL EPOCH 2***
iter: 6481, loss: 5.023416467515651, 
button acc: 0.7690228562404082, coarse acc: 0.3960275543135593, fine acc: 0.37504234534755737, stick acc: 0.512136990363947, cstick acc: 0.9472578900986028, trigger acc: 0.8647944698483042, 
***TRAIN EPOCH 0***
iter: 2000, loss: 7.428398484945297, 
button acc: 0.73141796875, coarse acc: 0.298345703125, fine acc: 0.283462890625, stick acc: 0.4271171875, cstick acc: 0.93693359375, trigger acc: 0.8024453125, 
iter: 4000, loss: 6.689214852809906, 
button acc: 0.7399990234375, coarse acc: 0.3164521484375, fine acc: 0.30134375, stick acc: 0.4457861328125, cstick acc: 0.94151953125, trigger acc: 0.81591796875, 
iter: 6000, loss: 6.321954981088639, 
button acc: 0.7454947916666667, coarse acc: 0.3285416666666667, fine acc: 0.31304166666666666, stick acc: 0.45645442708333334, cstick acc: 0.94315625, trigger acc: 0.82503515625, 
iter: 8000, loss: 6.1063041538596154, 
button acc: 0.749634765625, coarse acc: 0.336982421875, fine acc: 0.32106396484375, stick acc: 0.46346875, cstick acc: 0.9442578125, trigger acc: 0.830662109375, 
iter: 10000, loss: 5.957383941459656, 
button acc: 0.75265859375, coarse acc: 0.343440234375, fine acc: 0.32709375, stick acc: 0.468810546875, cstick acc: 0.944815234375, trigger acc: 0.83483984375, 
iter: 12000, loss: 5.847575268189113, 
button acc: 0.754931640625, coarse acc: 0.3487158203125, fine acc: 0.33198665364583335, stick acc: 0.47325944010416665, cstick acc: 0.9452688802083333, trigger acc: 0.8382096354166667, 
iter: 14000, loss: 5.761413833141327, 
button acc: 0.7568278459821428, coarse acc: 0.353119140625, fine acc: 0.33609654017857143, stick acc: 0.4769645647321429, cstick acc: 0.9455747767857143, trigger acc: 0.8408088727678571, 
iter: 16000, loss: 5.690719942629337, 
button acc: 0.758494873046875, coarse acc: 0.35696435546875, fine acc: 0.33965771484375, stick acc: 0.4802177734375, cstick acc: 0.94577392578125, trigger acc: 0.842841552734375, 
iter: 18000, loss: 5.631352054701911, 
button acc: 0.7600316840277778, coarse acc: 0.36036328125, fine acc: 0.3427493489583333, stick acc: 0.4830709635416667, cstick acc: 0.9459444444444445, trigger acc: 0.8446538628472222, 
iter: 20000, loss: 5.579650433540344, 
button acc: 0.7613076171875, coarse acc: 0.3634896484375, fine acc: 0.34561015625, stick acc: 0.485747265625, cstick acc: 0.946155078125, trigger acc: 0.8462150390625, 
iter: 22000, loss: 5.535509326978163, 
button acc: 0.7623796164772727, coarse acc: 0.36618394886363637, fine acc: 0.34805646306818183, stick acc: 0.48809002130681817, cstick acc: 0.9462924360795455, trigger acc: 0.8474925426136364, 
iter: 24000, loss: 5.495919052958488, 
button acc: 0.7634278971354167, coarse acc: 0.36874527994791667, fine acc: 0.3503829752604167, stick acc: 0.49033154296875, cstick acc: 0.9463899739583334, trigger acc: 0.8488304036458333, 
iter: 26000, loss: 5.460520441275377, 
button acc: 0.764379657451923, coarse acc: 0.3711162860576923, fine acc: 0.35250540865384616, stick acc: 0.4923485576923077, cstick acc: 0.9464983473557692, trigger acc: 0.8500147235576923, 
iter: 26342, loss: 5.454755312452808, 
button acc: 0.7645401269585831, coarse acc: 0.3714896168272099, fine acc: 0.3528506661047394, stick acc: 0.4926857270133918, cstick acc: 0.9465164687736665, trigger acc: 0.8501989854168314, 
***EVAL EPOCH 0***
iter: 6481, loss: 5.182606073758278, 
button acc: 0.7666822585953521, coarse acc: 0.3867194140006679, fine acc: 0.36796449380281115, stick acc: 0.5075878040576789, cstick acc: 0.9476804394030541, trigger acc: 0.860228405681088, 
***TRAIN EPOCH 1***
iter: 2000, loss: 4.965921972036361, 
button acc: 0.7793984375, coarse acc: 0.40530859375, fine acc: 0.383763671875, stick acc: 0.52158203125, cstick acc: 0.9480703125, trigger acc: 0.866998046875, 
iter: 4000, loss: 4.961368483543396, 
button acc: 0.77909765625, coarse acc: 0.406201171875, fine acc: 0.3844423828125, stick acc: 0.522240234375, cstick acc: 0.948095703125, trigger acc: 0.867158203125, 
iter: 6000, loss: 4.95019250981013, 
button acc: 0.779787109375, coarse acc: 0.40715299479166667, fine acc: 0.385267578125, stick acc: 0.523021484375, cstick acc: 0.948310546875, trigger acc: 0.8678528645833333, 
iter: 8000, loss: 4.941203944742679, 
button acc: 0.779958984375, coarse acc: 0.4078369140625, fine acc: 0.3858994140625, stick acc: 0.52384912109375, cstick acc: 0.9482744140625, trigger acc: 0.86786279296875, 
iter: 10000, loss: 4.929136660575867, 
button acc: 0.78051953125, coarse acc: 0.40909765625, fine acc: 0.38702734375, stick acc: 0.52480078125, cstick acc: 0.9483359375, trigger acc: 0.868266796875, 
iter: 12000, loss: 4.9162833693822225, 
button acc: 0.78085546875, coarse acc: 0.41000748697916667, fine acc: 0.38779915364583334, stick acc: 0.5254765625, cstick acc: 0.9483736979166667, trigger acc: 0.8685543619791667, 
iter: 14000, loss: 4.904561975853784, 
button acc: 0.7811967075892857, coarse acc: 0.4109296875, fine acc: 0.38864174107142857, stick acc: 0.5262092633928571, cstick acc: 0.9483088727678571, trigger acc: 0.8688604910714286, 
iter: 16000, loss: 4.891846286565065, 
button acc: 0.781840087890625, coarse acc: 0.41191552734375, fine acc: 0.389522216796875, stick acc: 0.526982666015625, cstick acc: 0.948291015625, trigger acc: 0.869435791015625, 
iter: 18000, loss: 4.881971376975377, 
button acc: 0.7821258680555555, coarse acc: 0.4127404513888889, fine acc: 0.39022764756944445, stick acc: 0.5276467013888889, cstick acc: 0.9483098958333334, trigger acc: 0.869611328125, 
iter: 20000, loss: 4.871131746017933, 
button acc: 0.782509375, coarse acc: 0.4137529296875, fine acc: 0.39114921875, stick acc: 0.5284349609375, cstick acc: 0.9483650390625, trigger acc: 0.87002734375, 
iter: 22000, loss: 4.861053409283811, 
button acc: 0.7828606178977273, coarse acc: 0.4146178977272727, fine acc: 0.39188849431818185, stick acc: 0.5291099076704545, cstick acc: 0.9484106889204545, trigger acc: 0.8704279119318182, 
iter: 24000, loss: 4.851113469312589, 
button acc: 0.7831404622395833, coarse acc: 0.41537223307291665, fine acc: 0.39258528645833335, stick acc: 0.5298177083333333, cstick acc: 0.9483987630208334, trigger acc: 0.8707138671875, 
iter: 26000, loss: 4.842068192582864, 
button acc: 0.7834669471153846, coarse acc: 0.41611763822115383, fine acc: 0.39325150240384615, stick acc: 0.5304833233173077, cstick acc: 0.9483698918269231, trigger acc: 0.8709956430288461, 
iter: 26342, loss: 4.840655945933279, 
button acc: 0.7835036885372922, coarse acc: 0.4162414274336064, fine acc: 0.39337126539955236, stick acc: 0.5306026180332675, cstick acc: 0.9483695237117924, trigger acc: 0.8710188643543321, 
***EVAL EPOCH 1***
iter: 6481, loss: 5.068727906849111, 
button acc: 0.7664700797720042, coarse acc: 0.39087016223241056, fine acc: 0.36997356203638626, stick acc: 0.5055425689792149, cstick acc: 0.9470650002591957, trigger acc: 0.8638800514533647, 
***TRAIN EPOCH 2***
iter: 2000, loss: 4.660224851965904, 
button acc: 0.78971484375, coarse acc: 0.433533203125, fine acc: 0.4087578125, stick acc: 0.5442734375, cstick acc: 0.949322265625, trigger acc: 0.8768671875, 
iter: 4000, loss: 4.660539071142673, 
button acc: 0.79030078125, coarse acc: 0.4327490234375, fine acc: 0.4081669921875, stick acc: 0.543951171875, cstick acc: 0.9491728515625, trigger acc: 0.8772021484375, 
iter: 6000, loss: 4.656600095192592, 
button acc: 0.79054296875, coarse acc: 0.4332688802083333, fine acc: 0.40851041666666665, stick acc: 0.544490234375, cstick acc: 0.9492688802083333, trigger acc: 0.8771634114583333, 
iter: 8000, loss: 4.653801747143269, 
button acc: 0.79052685546875, coarse acc: 0.4335546875, fine acc: 0.40878125, stick acc: 0.544826171875, cstick acc: 0.949234375, trigger acc: 0.877330078125, 
iter: 10000, loss: 4.649144409108162, 
button acc: 0.790785546875, coarse acc: 0.433979296875, fine acc: 0.409158203125, stick acc: 0.545149609375, cstick acc: 0.94936015625, trigger acc: 0.8776640625, 
iter: 12000, loss: 4.646501217901707, 
button acc: 0.7909694010416667, coarse acc: 0.4342952473958333, fine acc: 0.4094342447916667, stick acc: 0.5454658203125, cstick acc: 0.949365234375, trigger acc: 0.8777819010416666, 
iter: 14000, loss: 4.6420749952282225, 
button acc: 0.7910471540178572, coarse acc: 0.4347260044642857, fine acc: 0.40981026785714286, stick acc: 0.545826171875, cstick acc: 0.9493909040178572, trigger acc: 0.8779204799107143, 
iter: 16000, loss: 4.637192521631718, 
button acc: 0.791348388671875, coarse acc: 0.435309326171875, fine acc: 0.410384033203125, stick acc: 0.546373779296875, cstick acc: 0.949363525390625, trigger acc: 0.87802734375, 
iter: 18000, loss: 4.632605105002721, 
button acc: 0.7916085069444444, coarse acc: 0.43581228298611113, fine acc: 0.41087239583333335, stick acc: 0.5467762586805556, cstick acc: 0.9494296875, trigger acc: 0.8782319878472222, 
iter: 20000, loss: 4.628827779448033, 
button acc: 0.791712890625, coarse acc: 0.4362169921875, fine acc: 0.411248828125, stick acc: 0.5471958984375, cstick acc: 0.9494556640625, trigger acc: 0.878305078125, 
iter: 22000, loss: 4.624109740820798, 
button acc: 0.7919385653409091, coarse acc: 0.43673952414772726, fine acc: 0.4117610085227273, stick acc: 0.5477004616477272, cstick acc: 0.9494790482954546, trigger acc: 0.8784614701704545, 
iter: 24000, loss: 4.62015862891078, 
button acc: 0.79211328125, coarse acc: 0.4372021484375, fine acc: 0.41218408203125, stick acc: 0.5480968424479167, cstick acc: 0.9494705403645833, trigger acc: 0.8785999348958333, 
iter: 26000, loss: 4.615747699297391, 
button acc: 0.7923482572115385, coarse acc: 0.43768915264423075, fine acc: 0.4126413762019231, stick acc: 0.5485153245192308, cstick acc: 0.949520733173077, trigger acc: 0.8787961237980769, 
iter: 26342, loss: 4.614831034699656, 
button acc: 0.7923647196490703, coarse acc: 0.43777755599907997, fine acc: 0.41273669788753814, stick acc: 0.5486470667353357, cstick acc: 0.9495208616230928, trigger acc: 0.8788086351529683, 
***EVAL EPOCH 2***
iter: 6481, loss: 5.093125736137688, 
button acc: 0.7669227681138628, coarse acc: 0.389996732928345, fine acc: 0.3692140582937206, stick acc: 0.5065727212777987, cstick acc: 0.9462205044310413, trigger acc: 0.8636576253572983, 
***TRAIN EPOCH 0***
iter: 2000, loss: 10.551078751325607, 
button acc: 0.70045703125, coarse acc: 0.274765625, fine acc: 0.2625, stick acc: 0.396802734375, cstick acc: 0.910396484375, trigger acc: 0.783376953125, 
iter: 4000, loss: 8.609156219005584, 
button acc: 0.7193662109375, coarse acc: 0.29090234375, fine acc: 0.277466796875, stick acc: 0.417908203125, cstick acc: 0.9280390625, trigger acc: 0.796482421875, 
iter: 6000, loss: 7.861008065859477, 
button acc: 0.7273782552083333, coarse acc: 0.30088020833333334, fine acc: 0.28643294270833336, stick acc: 0.4290611979166667, cstick acc: 0.9340006510416666, trigger acc: 0.802060546875, 
iter: 8000, loss: 7.4151215313076975, 
button acc: 0.7322080078125, coarse acc: 0.30822802734375, fine acc: 0.2937392578125, stick acc: 0.4370927734375, cstick acc: 0.93694189453125, trigger acc: 0.807083984375, 
iter: 10000, loss: 7.0948923705101015, 
button acc: 0.73597109375, coarse acc: 0.31422421875, fine acc: 0.299763671875, stick acc: 0.443256640625, cstick acc: 0.938909765625, trigger acc: 0.811571484375, 
iter: 12000, loss: 6.859967903455098, 
button acc: 0.7387262369791666, coarse acc: 0.31941959635416667, fine acc: 0.3049186197916667, stick acc: 0.4485296223958333, cstick acc: 0.9401555989583333, trigger acc: 0.8153408203125, 
iter: 14000, loss: 6.681241643667221, 
button acc: 0.7411981026785714, coarse acc: 0.324015625, fine acc: 0.30939899553571426, stick acc: 0.4528331473214286, cstick acc: 0.9410393415178572, trigger acc: 0.8188211495535714, 
iter: 16000, loss: 6.538345809012651, 
button acc: 0.743348876953125, coarse acc: 0.3280517578125, fine acc: 0.3133046875, stick acc: 0.45660107421875, cstick acc: 0.9417490234375, trigger acc: 0.821746826171875, 
iter: 18000, loss: 6.421714964548746, 
button acc: 0.7452957899305556, coarse acc: 0.33170855034722224, fine acc: 0.31675868055555556, stick acc: 0.4598634982638889, cstick acc: 0.9423504774305556, trigger acc: 0.8243739149305556, 
iter: 20000, loss: 6.32379805893898, 
button acc: 0.747005078125, coarse acc: 0.334919140625, fine acc: 0.3198185546875, stick acc: 0.4627748046875, cstick acc: 0.9427984375, trigger acc: 0.8266369140625, 
iter: 22000, loss: 6.240283787315542, 
button acc: 0.7484192116477273, coarse acc: 0.3377865767045454, fine acc: 0.3225, stick acc: 0.465265625, cstick acc: 0.9431979758522727, trigger acc: 0.8286216264204546, 
iter: 24000, loss: 6.166842087884744, 
button acc: 0.7497688802083333, coarse acc: 0.3405595703125, fine acc: 0.32510546875, stick acc: 0.46769775390625, cstick acc: 0.94356103515625, trigger acc: 0.830439453125, 
iter: 26000, loss: 6.102332421852992, 
button acc: 0.750962890625, coarse acc: 0.3430163762019231, fine acc: 0.3273877704326923, stick acc: 0.46990489783653844, cstick acc: 0.9438868689903847, trigger acc: 0.8320686598557693, 
iter: 26342, loss: 6.092731395675385, 
button acc: 0.7511517457138837, coarse acc: 0.3433979505176794, fine acc: 0.3277361069445221, stick acc: 0.47022099489297703, cstick acc: 0.9439161712112434, trigger acc: 0.8323130607007472, 
***EVAL EPOCH 0***
iter: 6481, loss: 5.40236924824349, 
button acc: 0.7600619176384497, coarse acc: 0.3705474093086225, fine acc: 0.3525821318908388, stick acc: 0.489212635731155, cstick acc: 0.947806420579417, trigger acc: 0.8554188180916202, 
***TRAIN EPOCH 1***
iter: 2000, loss: 5.291729659080505, 
button acc: 0.766578125, coarse acc: 0.376919921875, fine acc: 0.35846484375, stick acc: 0.498599609375, cstick acc: 0.947162109375, trigger acc: 0.853470703125, 
iter: 4000, loss: 5.276369327545166, 
button acc: 0.7666748046875, coarse acc: 0.3775361328125, fine acc: 0.35894140625, stick acc: 0.49971875, cstick acc: 0.9472802734375, trigger acc: 0.853734375, 
iter: 6000, loss: 5.265378454526266, 
button acc: 0.7673736979166667, coarse acc: 0.37850325520833333, fine acc: 0.35986002604166667, stick acc: 0.5004055989583334, cstick acc: 0.947208984375, trigger acc: 0.8545455729166667, 
iter: 8000, loss: 5.253240150511265, 
button acc: 0.76794140625, coarse acc: 0.3798115234375, fine acc: 0.361154296875, stick acc: 0.50132275390625, cstick acc: 0.94723974609375, trigger acc: 0.85527001953125, 
iter: 10000, loss: 5.245419371843338, 
button acc: 0.768450390625, coarse acc: 0.38069375, fine acc: 0.361953515625, stick acc: 0.501961328125, cstick acc: 0.947259765625, trigger acc: 0.855659765625, 
iter: 12000, loss: 5.23566545410951, 
button acc: 0.7685970052083333, coarse acc: 0.38168782552083336, fine acc: 0.36288899739583336, stick acc: 0.5028492838541667, cstick acc: 0.9473160807291666, trigger acc: 0.8559430338541667, 
iter: 14000, loss: 5.225436527797154, 
button acc: 0.7689313616071428, coarse acc: 0.382615234375, fine acc: 0.363685546875, stick acc: 0.50358984375, cstick acc: 0.9474051339285714, trigger acc: 0.8563250558035714, 
iter: 16000, loss: 5.216463928878308, 
button acc: 0.769285888671875, coarse acc: 0.38368359375, fine acc: 0.364636474609375, stick acc: 0.504430908203125, cstick acc: 0.947435791015625, trigger acc: 0.85675537109375, 
iter: 18000, loss: 5.2072853430642025, 
button acc: 0.7695523003472222, coarse acc: 0.3844685329861111, fine acc: 0.3653187934027778, stick acc: 0.5051690538194444, cstick acc: 0.9475243055555556, trigger acc: 0.8570562065972223, 
iter: 20000, loss: 5.199541763591767, 
button acc: 0.769870703125, coarse acc: 0.3852458984375, fine acc: 0.366005078125, stick acc: 0.5058552734375, cstick acc: 0.9475556640625, trigger acc: 0.857343359375, 
iter: 22000, loss: 5.19042067228664, 
button acc: 0.7702919034090909, coarse acc: 0.3861372514204545, fine acc: 0.366798828125, stick acc: 0.5064920099431818, cstick acc: 0.9475988991477273, trigger acc: 0.8576505681818182, 
iter: 24000, loss: 5.1818916873137155, 
button acc: 0.77053466796875, coarse acc: 0.3868709309895833, fine acc: 0.36744970703125, stick acc: 0.507169921875, cstick acc: 0.9475769856770834, trigger acc: 0.8579290364583333, 
iter: 26000, loss: 5.173538439292174, 
button acc: 0.7708931790865384, coarse acc: 0.3877824519230769, fine acc: 0.368267578125, stick acc: 0.5079027944711538, cstick acc: 0.9475718149038461, trigger acc: 0.8582896634615385, 
iter: 26342, loss: 5.172172148762962, 
button acc: 0.770950931858561, coarse acc: 0.3879299926046855, fine acc: 0.36840840880029074, stick acc: 0.5080177695156151, cstick acc: 0.9475906949237772, trigger acc: 0.8583430254413944, 
***EVAL EPOCH 1***
iter: 6481, loss: 5.267231605428546, 
button acc: 0.7635128374215933, coarse acc: 0.37868916887384885, fine acc: 0.3602501057880213, stick acc: 0.4987082408567202, cstick acc: 0.9481807474240165, trigger acc: 0.8579016719932392, 
***TRAIN EPOCH 2***
iter: 2000, loss: 5.038092936992645, 
button acc: 0.777111328125, coarse acc: 0.402666015625, fine acc: 0.38109765625, stick acc: 0.51958984375, cstick acc: 0.948126953125, trigger acc: 0.863048828125, 
iter: 4000, loss: 5.0309384232759475, 
button acc: 0.77684375, coarse acc: 0.4024375, fine acc: 0.381072265625, stick acc: 0.519484375, cstick acc: 0.94805078125, trigger acc: 0.863654296875, 
iter: 6000, loss: 5.02255188202858, 
button acc: 0.7773151041666667, coarse acc: 0.40303580729166666, fine acc: 0.38165625, stick acc: 0.520080078125, cstick acc: 0.9479602864583333, trigger acc: 0.8640260416666666, 
iter: 8000, loss: 5.018311540424824, 
button acc: 0.77724853515625, coarse acc: 0.4033955078125, fine acc: 0.38202197265625, stick acc: 0.5204345703125, cstick acc: 0.94791943359375, trigger acc: 0.86417236328125, 
iter: 10000, loss: 5.013578845357895, 
button acc: 0.777370703125, coarse acc: 0.403741015625, fine acc: 0.3824140625, stick acc: 0.520898046875, cstick acc: 0.9478609375, trigger acc: 0.864298046875, 
iter: 12000, loss: 5.00698901506265, 
button acc: 0.7775315755208333, coarse acc: 0.40430013020833333, fine acc: 0.3830107421875, stick acc: 0.5214033203125, cstick acc: 0.9480270182291667, trigger acc: 0.8644606119791667, 
iter: 14000, loss: 5.000891477891377, 
button acc: 0.7777544642857143, coarse acc: 0.4046796875, fine acc: 0.38339090401785714, stick acc: 0.5218136160714286, cstick acc: 0.9480005580357143, trigger acc: 0.8646051897321428, 
iter: 16000, loss: 4.995668661177159, 
button acc: 0.777883544921875, coarse acc: 0.405018798828125, fine acc: 0.38370849609375, stick acc: 0.5221171875, cstick acc: 0.947985595703125, trigger acc: 0.864720947265625, 
iter: 18000, loss: 4.990159327030182, 
button acc: 0.7780520833333333, coarse acc: 0.40550130208333335, fine acc: 0.3841336805555556, stick acc: 0.5225054253472222, cstick acc: 0.9479754774305555, trigger acc: 0.8649190538194444, 
iter: 20000, loss: 4.9843999200344085, 
button acc: 0.778233203125, coarse acc: 0.4059572265625, fine acc: 0.38454296875, stick acc: 0.5229279296875, cstick acc: 0.9480201171875, trigger acc: 0.8650615234375, 
iter: 22000, loss: 4.979739203127948, 
button acc: 0.7784058948863637, coarse acc: 0.40631587357954546, fine acc: 0.3848364701704545, stick acc: 0.5231823508522727, cstick acc: 0.9480126065340909, trigger acc: 0.8652931463068182, 
iter: 24000, loss: 4.974439270575841, 
button acc: 0.7785520833333334, coarse acc: 0.40670052083333336, fine acc: 0.3851572265625, stick acc: 0.5235109049479166, cstick acc: 0.9480550130208333, trigger acc: 0.8654070638020833, 
iter: 26000, loss: 4.968861976183378, 
button acc: 0.7787055288461538, coarse acc: 0.40718494591346155, fine acc: 0.3855635516826923, stick acc: 0.5239002403846154, cstick acc: 0.9480479266826923, trigger acc: 0.8656122295673077, 
iter: 26342, loss: 4.968013029726281, 
button acc: 0.7787636878937055, coarse acc: 0.40727110522952686, fine acc: 0.3856331001641739, stick acc: 0.5239603295578723, cstick acc: 0.9480552932849448, trigger acc: 0.8656323112515402, 
***EVAL EPOCH 2***
iter: 6481, loss: 5.213046349450552, 
button acc: 0.7651517982758059, coarse acc: 0.38282484758688784, fine acc: 0.36281795177512904, stick acc: 0.5010807858814282, cstick acc: 0.9465695144842186, trigger acc: 0.8608920672847983, 
