Training on device: cuda
***TRAIN EPOCH 0***
iter: 2000, loss: 4.235902413606643, 
button acc: 0.93043359375, coarse acc: 0.738794921875, fine acc: 0.674609375, stick acc: 0.76993359375, cstick acc: 0.970439453125, trigger acc: 0.952884765625, 
iter: 4000, loss: 3.775507598042488, 
button acc: 0.9324755859375, coarse acc: 0.770447265625, fine acc: 0.70558203125, stick acc: 0.798484375, cstick acc: 0.9742275390625, trigger acc: 0.9599794921875, 
iter: 6000, loss: 3.5837300175825755, 
button acc: 0.93341796875, coarse acc: 0.7824212239583334, fine acc: 0.7188072916666667, stick acc: 0.8106764322916666, cstick acc: 0.9756263020833333, trigger acc: 0.9626490885416666, 
iter: 8000, loss: 3.4726318857967855, 
button acc: 0.93409228515625, coarse acc: 0.78928857421875, fine acc: 0.72649609375, stick acc: 0.81785791015625, cstick acc: 0.9762880859375, trigger acc: 0.96400390625, 
iter: 10000, loss: 3.390806377506256, 
button acc: 0.93437734375, coarse acc: 0.79367734375, fine acc: 0.731674609375, stick acc: 0.822797265625, cstick acc: 0.97677421875, trigger acc: 0.964875390625, 
iter: 12000, loss: 3.3103343578775726, 
button acc: 0.9346982421875, coarse acc: 0.796859375, fine acc: 0.7354235026041667, stick acc: 0.8263310546875, cstick acc: 0.9771279296875, trigger acc: 0.9655338541666667, 
iter: 14000, loss: 3.2465717244148253, 
button acc: 0.9349606584821428, coarse acc: 0.7992059151785714, fine acc: 0.7384718191964286, stick acc: 0.8292332589285715, cstick acc: 0.9773727678571429, trigger acc: 0.966033203125, 
iter: 16000, loss: 3.194226134210825, 
button acc: 0.935135986328125, coarse acc: 0.801087646484375, fine acc: 0.740986572265625, stick acc: 0.831635986328125, cstick acc: 0.977564453125, trigger acc: 0.9663935546875, 
iter: 18000, loss: 3.1518808966345255, 
button acc: 0.9352725694444445, coarse acc: 0.8024750434027778, fine acc: 0.7429674479166667, stick acc: 0.8335297309027778, cstick acc: 0.9777330729166667, trigger acc: 0.9666692708333333, 
iter: 20000, loss: 3.1160559668660164, 
button acc: 0.9353439453125, coarse acc: 0.803653515625, fine acc: 0.744626171875, stick acc: 0.835211328125, cstick acc: 0.9778234375, trigger acc: 0.96689375, 
iter: 22000, loss: 3.084554700569673, 
button acc: 0.9353176491477273, coarse acc: 0.8046354758522727, fine acc: 0.7460387073863637, stick acc: 0.8366651278409091, cstick acc: 0.9779098011363636, trigger acc: 0.9671193181818182, 
iter: 24000, loss: 3.056709288150072, 
button acc: 0.9354249674479167, coarse acc: 0.8055309244791666, fine acc: 0.7473352864583334, stick acc: 0.83789599609375, cstick acc: 0.97799267578125, trigger acc: 0.9673525390625, 
iter: 26000, loss: 3.0339537150217937, 
button acc: 0.9354747596153846, coarse acc: 0.8061772836538461, fine acc: 0.7483191105769231, stick acc: 0.8388569711538462, cstick acc: 0.9780486778846154, trigger acc: 0.96749609375, 
iter: 26342, loss: 3.0298071711673957, 
button acc: 0.9354865210865818, coarse acc: 0.8063038568188818, fine acc: 0.7485077020561702, stick acc: 0.8390616744314751, cstick acc: 0.9780636317355826, trigger acc: 0.9675097008819954, 
***EVAL EPOCH 0***
iter: 6481, loss: 2.5072652227513275, 
button acc: 0.9370371397330164, coarse acc: 0.8272424348002204, fine acc: 0.77781682457513, stick acc: 0.8655099705963551, cstick acc: 0.9807363328507068, trigger acc: 0.9727199516810953, 
***TRAIN EPOCH 1***
iter: 2000, loss: 2.746469244003296, 
button acc: 0.9361953125, coarse acc: 0.814841796875, fine acc: 0.761095703125, stick acc: 0.851439453125, cstick acc: 0.978552734375, trigger acc: 0.969328125, 
iter: 4000, loss: 2.74202440905571, 
button acc: 0.936423828125, coarse acc: 0.81518359375, fine acc: 0.76170703125, stick acc: 0.851794921875, cstick acc: 0.9785986328125, trigger acc: 0.969509765625, 
iter: 6000, loss: 2.7321594737966857, 
button acc: 0.9364700520833333, coarse acc: 0.8155794270833333, fine acc: 0.7624791666666667, stick acc: 0.85246484375, cstick acc: 0.9787395833333333, trigger acc: 0.9696341145833334, 
iter: 8000, loss: 2.727009920179844, 
button acc: 0.936509765625, coarse acc: 0.81584765625, fine acc: 0.76278125, stick acc: 0.8526748046875, cstick acc: 0.97873876953125, trigger acc: 0.969771484375, 
iter: 10000, loss: 2.7230081909418105, 
button acc: 0.936447265625, coarse acc: 0.815932421875, fine acc: 0.76305625, stick acc: 0.852935546875, cstick acc: 0.978704296875, trigger acc: 0.96985078125, 
iter: 12000, loss: 2.719473172555367, 
button acc: 0.9364397786458334, coarse acc: 0.8161282552083333, fine acc: 0.7632041015625, stick acc: 0.8530302734375, cstick acc: 0.9787731119791667, trigger acc: 0.969859375, 
iter: 14000, loss: 2.7163146458608765, 
button acc: 0.9364575892857143, coarse acc: 0.816310546875, fine acc: 0.763443359375, stick acc: 0.8532619977678572, cstick acc: 0.9788166852678571, trigger acc: 0.9698515625, 
iter: 16000, loss: 2.714024706237018, 
button acc: 0.93651953125, coarse acc: 0.816400146484375, fine acc: 0.76368408203125, stick acc: 0.853445068359375, cstick acc: 0.978828369140625, trigger acc: 0.96987109375, 
iter: 18000, loss: 2.7119874799715147, 
button acc: 0.93649609375, coarse acc: 0.8164233940972222, fine acc: 0.7637170138888889, stick acc: 0.8535525173611112, cstick acc: 0.9788118489583333, trigger acc: 0.9698708767361112, 
iter: 20000, loss: 2.708359976297617, 
button acc: 0.936510546875, coarse acc: 0.816526171875, fine acc: 0.7639318359375, stick acc: 0.853771484375, cstick acc: 0.9788380859375, trigger acc: 0.969883203125, 
iter: 22000, loss: 2.705935426002199, 
button acc: 0.9364549005681818, coarse acc: 0.8165546875, fine acc: 0.7640516690340909, stick acc: 0.8539071377840909, cstick acc: 0.978857421875, trigger acc: 0.9699028764204546, 
iter: 24000, loss: 2.7039200006872415, 
button acc: 0.9364659830729166, coarse acc: 0.8166214192708333, fine acc: 0.7641551106770833, stick acc: 0.8539874674479166, cstick acc: 0.9788836263020834, trigger acc: 0.9699254557291667, 
iter: 26000, loss: 2.701645456933058, 
button acc: 0.9364723557692308, coarse acc: 0.8167010216346153, fine acc: 0.7643266225961538, stick acc: 0.8541998197115385, cstick acc: 0.9788934795673077, trigger acc: 0.969912860576923, 
iter: 26342, loss: 2.7015782936759223, 
button acc: 0.9364572395264804, coarse acc: 0.8166790959950969, fine acc: 0.7643334081218556, stick acc: 0.8542231813079905, cstick acc: 0.9788894690395538, trigger acc: 0.9699200365865649, 
***EVAL EPOCH 1***
iter: 6481, loss: 2.4661176314123656, 
button acc: 0.9378533048660078, coarse acc: 0.829834392017254, fine acc: 0.7801688750544009, stick acc: 0.8667131209696572, cstick acc: 0.9805663486797294, trigger acc: 0.9740997168136045, 
***TRAIN EPOCH 2***
iter: 2000, loss: 2.6695035988092424, 
button acc: 0.9364453125, coarse acc: 0.817607421875, fine acc: 0.765943359375, stick acc: 0.856017578125, cstick acc: 0.97883203125, trigger acc: 0.9704609375, 
iter: 4000, loss: 2.676116393506527, 
button acc: 0.93669921875, coarse acc: 0.8177841796875, fine acc: 0.7660224609375, stick acc: 0.855572265625, cstick acc: 0.9788046875, trigger acc: 0.9705322265625, 
iter: 6000, loss: 2.67102342069149, 
button acc: 0.9365826822916666, coarse acc: 0.8179388020833334, fine acc: 0.766205078125, stick acc: 0.8559114583333334, cstick acc: 0.9788365885416667, trigger acc: 0.9705182291666666, 
iter: 8000, loss: 2.6702468967437745, 
button acc: 0.936662109375, coarse acc: 0.817705078125, fine acc: 0.76601513671875, stick acc: 0.85570703125, cstick acc: 0.97886474609375, trigger acc: 0.9704423828125, 
iter: 10000, loss: 2.6689397445321084, 
button acc: 0.936659765625, coarse acc: 0.81777578125, fine acc: 0.766119140625, stick acc: 0.855737109375, cstick acc: 0.97886640625, trigger acc: 0.970480078125, 
iter: 12000, loss: 2.6661496396760147, 
button acc: 0.9367903645833333, coarse acc: 0.8180774739583333, fine acc: 0.7664235026041667, stick acc: 0.8557584635416666, cstick acc: 0.9789466145833333, trigger acc: 0.9705716145833333, 
iter: 14000, loss: 2.6663516100730216, 
button acc: 0.9368108258928571, coarse acc: 0.8179916294642857, fine acc: 0.766431640625, stick acc: 0.8557547433035714, cstick acc: 0.9789508928571429, trigger acc: 0.9705284598214285, 
iter: 16000, loss: 2.665118037357926, 
button acc: 0.93684423828125, coarse acc: 0.81804931640625, fine acc: 0.76649267578125, stick acc: 0.855759521484375, cstick acc: 0.978961181640625, trigger acc: 0.970551513671875, 
iter: 18000, loss: 2.664116104927328, 
button acc: 0.9367682291666667, coarse acc: 0.8180731336805556, fine acc: 0.7665132378472223, stick acc: 0.8558172743055555, cstick acc: 0.9789353298611111, trigger acc: 0.9706080729166666, 
iter: 20000, loss: 2.6633320671021936, 
button acc: 0.936684375, coarse acc: 0.818096875, fine acc: 0.7665888671875, stick acc: 0.85589609375, cstick acc: 0.9789681640625, trigger acc: 0.9706392578125, 
iter: 22000, loss: 2.6622312622016127, 
button acc: 0.9366910511363636, coarse acc: 0.8181676136363636, fine acc: 0.7666871448863637, stick acc: 0.8560170454545455, cstick acc: 0.9789639559659091, trigger acc: 0.9706471946022728, 
iter: 24000, loss: 2.660608439301451, 
button acc: 0.9366324869791667, coarse acc: 0.81824560546875, fine acc: 0.7668216145833333, stick acc: 0.85613623046875, cstick acc: 0.9789986979166667, trigger acc: 0.97070654296875, 
iter: 26000, loss: 2.6600670507183444, 
button acc: 0.9366311598557693, coarse acc: 0.8182591646634615, fine acc: 0.7668536658653846, stick acc: 0.8561326622596154, cstick acc: 0.9789977463942308, trigger acc: 0.9707439903846153, 
iter: 26342, loss: 2.659799560197402, 
button acc: 0.9366205088516146, coarse acc: 0.8182592939320903, fine acc: 0.7668751304041442, stick acc: 0.8561629869774547, cstick acc: 0.9790000947584911, trigger acc: 0.9707406836758405, 
***EVAL EPOCH 2***
iter: 6481, loss: 2.4465780390245166, 
button acc: 0.9382252205876148, coarse acc: 0.8300616403593055, fine acc: 0.7837982179389962, stick acc: 0.8700489096299047, cstick acc: 0.9805561014070108, trigger acc: 0.9745084021608484, 
***TRAIN EPOCH 0***
iter: 2000, loss: 4.556938184380531, 
button acc: 0.928048828125, coarse acc: 0.72324609375, fine acc: 0.661001953125, stick acc: 0.758298828125, cstick acc: 0.966810546875, trigger acc: 0.94815234375, 
iter: 4000, loss: 3.9999499500989915, 
button acc: 0.93166796875, coarse acc: 0.76260546875, fine acc: 0.6978466796875, stick acc: 0.79153125, cstick acc: 0.972001953125, trigger acc: 0.9576220703125, 
