Training on device: cuda
***TRAIN EPOCH 0***
iter: 2000, loss: 4.514111022353172, 
button acc: 0.92716796875, coarse acc: 0.7311953125, fine acc: 0.66734375, stick acc: 0.765333984375, cstick acc: 0.968046875, trigger acc: 0.948517578125, 
iter: 4000, loss: 3.9526660513281824, 
button acc: 0.9315146484375, coarse acc: 0.7668203125, fine acc: 0.701978515625, stick acc: 0.795896484375, cstick acc: 0.9727490234375, trigger acc: 0.9576669921875, 
iter: 6000, loss: 3.7159054072300592, 
button acc: 0.9331295572916667, coarse acc: 0.7807721354166667, fine acc: 0.716267578125, stick acc: 0.8081998697916667, cstick acc: 0.974619140625, trigger acc: 0.9615944010416667, 
iter: 8000, loss: 3.5782883740663527, 
button acc: 0.93406103515625, coarse acc: 0.78850537109375, fine acc: 0.724515625, stick acc: 0.8153037109375, cstick acc: 0.97563525390625, trigger acc: 0.963642578125, 
iter: 10000, loss: 3.4810611960411073, 
button acc: 0.934545703125, coarse acc: 0.793608984375, fine acc: 0.730262109375, stick acc: 0.8204390625, cstick acc: 0.976258984375, trigger acc: 0.965066796875, 
iter: 12000, loss: 3.408363340338071, 
button acc: 0.9349967447916666, coarse acc: 0.7972109375, fine acc: 0.7346875, stick acc: 0.8243313802083333, cstick acc: 0.976716796875, trigger acc: 0.9661158854166667, 
iter: 14000, loss: 3.3512209349189486, 
button acc: 0.9352667410714286, coarse acc: 0.7999567522321429, fine acc: 0.7379955357142857, stick acc: 0.8273434709821429, cstick acc: 0.9770756138392858, trigger acc: 0.9668412388392857, 
iter: 16000, loss: 3.300799543902278, 
button acc: 0.9355517578125, coarse acc: 0.8024052734375, fine acc: 0.7410703125, stick acc: 0.830095458984375, cstick acc: 0.977391845703125, trigger acc: 0.967418701171875, 
iter: 18000, loss: 3.2492568496730594, 
button acc: 0.9358062065972222, coarse acc: 0.8043611111111111, fine acc: 0.7434796006944444, stick acc: 0.8322682291666667, cstick acc: 0.9776469184027777, trigger acc: 0.9678465711805555, 
iter: 20000, loss: 3.200265709769726, 
button acc: 0.9360013671875, coarse acc: 0.80607578125, fine acc: 0.745641796875, stick acc: 0.83429765625, cstick acc: 0.9778517578125, trigger acc: 0.96821328125, 
iter: 22000, loss: 3.156803983157331, 
button acc: 0.9361654829545455, coarse acc: 0.80752734375, fine acc: 0.7475612571022727, stick acc: 0.8360282315340909, cstick acc: 0.9780276988636364, trigger acc: 0.9685436789772728, 
iter: 24000, loss: 3.1183324559032917, 
button acc: 0.9363631184895833, coarse acc: 0.8088380533854167, fine acc: 0.7492880859375, stick acc: 0.8375709635416667, cstick acc: 0.9781629231770833, trigger acc: 0.9688336588541666, 
iter: 26000, loss: 3.083367890238762, 
button acc: 0.9365115685096154, coarse acc: 0.8100737680288461, fine acc: 0.7509606370192308, stick acc: 0.8390614483173077, cstick acc: 0.9783263221153846, trigger acc: 0.9691352163461538, 
iter: 27298, loss: 3.063349676338323, 
button acc: 0.9366022896956541, coarse acc: 0.8107621848913857, fine acc: 0.7519046573076436, stick acc: 0.8398913034923546, cstick acc: 0.9784241152846951, trigger acc: 0.9692809302452039, 
***EVAL EPOCH 0***
iter: 5525, loss: 2.533156799234416, 
button acc: 0.9394126032759805, coarse acc: 0.8323442975819065, fine acc: 0.7787426140526046, stick acc: 0.8629452428700328, cstick acc: 0.9819894609708013, trigger acc: 0.9733023988595446, 
***TRAIN EPOCH 1***
iter: 2000, loss: 2.6287010964751243, 
button acc: 0.93796484375, coarse acc: 0.825826171875, fine acc: 0.772583984375, stick acc: 0.858974609375, cstick acc: 0.980111328125, trigger acc: 0.972568359375, 
iter: 4000, loss: 2.6214941925108435, 
button acc: 0.93823828125, coarse acc: 0.8261728515625, fine acc: 0.77308203125, stick acc: 0.8590869140625, cstick acc: 0.97997265625, trigger acc: 0.9729462890625, 
iter: 6000, loss: 2.614744362751643, 
button acc: 0.93830078125, coarse acc: 0.826021484375, fine acc: 0.773189453125, stick acc: 0.8592571614583333, cstick acc: 0.9799778645833334, trigger acc: 0.9728255208333333, 
iter: 8000, loss: 2.6064717758446934, 
button acc: 0.9383642578125, coarse acc: 0.82614404296875, fine acc: 0.7735673828125, stick acc: 0.85955322265625, cstick acc: 0.9801904296875, trigger acc: 0.97277099609375, 
iter: 10000, loss: 2.598710602235794, 
button acc: 0.938352734375, coarse acc: 0.826196875, fine acc: 0.77388046875, stick acc: 0.859859765625, cstick acc: 0.980265234375, trigger acc: 0.97282421875, 
iter: 12000, loss: 2.591522372017304, 
button acc: 0.9383837890625, coarse acc: 0.8263512369791667, fine acc: 0.7742138671875, stick acc: 0.8601412760416667, cstick acc: 0.9803346354166667, trigger acc: 0.9728427734375, 
iter: 14000, loss: 2.584609687285764, 
button acc: 0.9384123883928571, coarse acc: 0.8264846540178571, fine acc: 0.7746010044642857, stick acc: 0.8604771205357142, cstick acc: 0.9803786272321429, trigger acc: 0.9728914620535715, 
iter: 16000, loss: 2.5783846772536636, 
button acc: 0.93850341796875, coarse acc: 0.82662158203125, fine acc: 0.77495556640625, stick acc: 0.860778564453125, cstick acc: 0.980350830078125, trigger acc: 0.9729482421875, 
iter: 18000, loss: 2.5722614149252574, 
button acc: 0.9384982638888889, coarse acc: 0.8268046875, fine acc: 0.7752523871527778, stick acc: 0.8610583767361111, cstick acc: 0.980400390625, trigger acc: 0.9729635416666667, 
iter: 20000, loss: 2.566724605816603, 
button acc: 0.9384703125, coarse acc: 0.82679609375, fine acc: 0.7754, stick acc: 0.861216015625, cstick acc: 0.980415625, trigger acc: 0.9729912109375, 
iter: 22000, loss: 2.56114574401487, 
button acc: 0.9384614701704546, coarse acc: 0.826931640625, fine acc: 0.7756851917613636, stick acc: 0.8615234375, cstick acc: 0.9804225852272728, trigger acc: 0.9730413707386364, 
iter: 24000, loss: 2.556234301055471, 
button acc: 0.9384519856770833, coarse acc: 0.82697119140625, fine acc: 0.7757958984375, stick acc: 0.8616806640625, cstick acc: 0.98044384765625, trigger acc: 0.9730319010416667, 
iter: 26000, loss: 2.5517629989523156, 
button acc: 0.9384936899038462, coarse acc: 0.8270402644230769, fine acc: 0.7759723557692307, stick acc: 0.8618243689903846, cstick acc: 0.9804633413461539, trigger acc: 0.9730545372596154, 
iter: 27298, loss: 2.5486467896306793, 
button acc: 0.9384926015255575, coarse acc: 0.8271445058251226, fine acc: 0.7761149584338888, stick acc: 0.8619577248430047, cstick acc: 0.9804749819876607, trigger acc: 0.9730797272284323, 
***EVAL EPOCH 1***
iter: 5525, loss: 2.3380982415384834, 
button acc: 0.9401437731761059, coarse acc: 0.8369455766342425, fine acc: 0.7884960245288409, stick acc: 0.8719314199404316, cstick acc: 0.9820311814970173, trigger acc: 0.974732917919461, 
***TRAIN EPOCH 2***
iter: 2000, loss: 2.467168233156204, 
button acc: 0.938513671875, coarse acc: 0.829021484375, fine acc: 0.77991796875, stick acc: 0.86566796875, cstick acc: 0.980767578125, trigger acc: 0.97329296875, 
iter: 4000, loss: 2.4710350285470484, 
button acc: 0.9386240234375, coarse acc: 0.8286484375, fine acc: 0.7794384765625, stick acc: 0.86515234375, cstick acc: 0.9807138671875, trigger acc: 0.97330078125, 
iter: 6000, loss: 2.4681251924236616, 
button acc: 0.9388033854166666, coarse acc: 0.8290221354166667, fine acc: 0.7798190104166667, stick acc: 0.8653919270833333, cstick acc: 0.9807063802083333, trigger acc: 0.973369140625, 
iter: 8000, loss: 2.46699314789474, 
button acc: 0.93886328125, coarse acc: 0.82914208984375, fine acc: 0.77994580078125, stick acc: 0.865392578125, cstick acc: 0.9807138671875, trigger acc: 0.97345947265625, 
iter: 10000, loss: 2.4645860757112503, 
button acc: 0.93893359375, coarse acc: 0.82933671875, fine acc: 0.779995703125, stick acc: 0.865390625, cstick acc: 0.980745703125, trigger acc: 0.973437890625, 
iter: 12000, loss: 2.4629659727811815, 
button acc: 0.938896484375, coarse acc: 0.8292779947916666, fine acc: 0.7801064453125, stick acc: 0.8655302734375, cstick acc: 0.9808111979166667, trigger acc: 0.9734573567708333, 
iter: 14000, loss: 2.460251513694014, 
button acc: 0.9388909040178571, coarse acc: 0.829287109375, fine acc: 0.7801749441964285, stick acc: 0.8655334821428572, cstick acc: 0.9808108258928572, trigger acc: 0.9735209263392857, 
iter: 16000, loss: 2.4578813564181328, 
button acc: 0.93888623046875, coarse acc: 0.82929443359375, fine acc: 0.780228759765625, stick acc: 0.8656171875, cstick acc: 0.9807939453125, trigger acc: 0.97353125, 
iter: 18000, loss: 2.4556686691443126, 
button acc: 0.9388556857638889, coarse acc: 0.8294006076388889, fine acc: 0.7803845486111111, stick acc: 0.8657884114583333, cstick acc: 0.9808001302083333, trigger acc: 0.9735759548611111, 
iter: 20000, loss: 2.453916540950537, 
button acc: 0.938840625, coarse acc: 0.829371484375, fine acc: 0.7804724609375, stick acc: 0.8659095703125, cstick acc: 0.980793359375, trigger acc: 0.9735916015625, 
iter: 22000, loss: 2.451734967811541, 
button acc: 0.9388538707386364, coarse acc: 0.8294483309659091, fine acc: 0.7805719105113637, stick acc: 0.8659849076704546, cstick acc: 0.980802734375, trigger acc: 0.9736090198863636, 
iter: 24000, loss: 2.449676004345218, 
button acc: 0.9388291015625, coarse acc: 0.8294296875, fine acc: 0.78065283203125, stick acc: 0.8660703125, cstick acc: 0.9808072916666667, trigger acc: 0.9736263020833333, 
iter: 26000, loss: 2.448013848703641, 
button acc: 0.9388088942307692, coarse acc: 0.8295335036057693, fine acc: 0.7807734375, stick acc: 0.8661844951923077, cstick acc: 0.9808019831730769, trigger acc: 0.9736573016826923, 
iter: 27298, loss: 2.4468682842496046, 
button acc: 0.9388401842231227, coarse acc: 0.8295622733253533, fine acc: 0.780863490437183, stick acc: 0.8662353245047233, cstick acc: 0.980810115243197, trigger acc: 0.973667140556347, 
***EVAL EPOCH 2***
iter: 5525, loss: 2.2795074527835415, 
button acc: 0.9400610392512367, coarse acc: 0.8376145193088252, fine acc: 0.7910791615164209, stick acc: 0.8749218624042903, cstick acc: 0.9819265266176957, trigger acc: 0.9749203067236517, 
