Training on device: cuda
***TRAIN EPOCH 0***
iter: 2000, loss: 4.850040899157524, 
button acc: 0.921857421875, coarse acc: 0.705140625, fine acc: 0.642345703125, stick acc: 0.739734375, cstick acc: 0.968958984375, trigger acc: 0.94211328125, 
iter: 4000, loss: 4.281206660211086, 
button acc: 0.9283916015625, coarse acc: 0.7506201171875, fine acc: 0.685986328125, stick acc: 0.7802939453125, cstick acc: 0.9732119140625, trigger acc: 0.9536923828125, 
iter: 6000, loss: 4.023607922156652, 
button acc: 0.9306165364583333, coarse acc: 0.7676920572916667, fine acc: 0.702685546875, stick acc: 0.7953020833333333, cstick acc: 0.97493359375, trigger acc: 0.9583860677083333, 
iter: 8000, loss: 3.866382556438446, 
button acc: 0.9319140625, coarse acc: 0.77728466796875, fine acc: 0.71218115234375, stick acc: 0.80366796875, cstick acc: 0.9759189453125, trigger acc: 0.96089794921875, 
iter: 10000, loss: 3.7555057408809662, 
button acc: 0.9326078125, coarse acc: 0.7833203125, fine acc: 0.7186046875, stick acc: 0.809537109375, cstick acc: 0.9765359375, trigger acc: 0.962439453125, 
iter: 12000, loss: 3.670262388964494, 
button acc: 0.9333082682291667, coarse acc: 0.7878082682291667, fine acc: 0.7233785807291667, stick acc: 0.8137626953125, cstick acc: 0.9769319661458333, trigger acc: 0.9635465494791666, 
iter: 14000, loss: 3.601883939930371, 
button acc: 0.9338328683035715, coarse acc: 0.7911844308035715, fine acc: 0.7271565290178571, stick acc: 0.8171791294642857, cstick acc: 0.9772310267857143, trigger acc: 0.9643688616071429, 
iter: 16000, loss: 3.544492932200432, 
button acc: 0.934236083984375, coarse acc: 0.793906005859375, fine acc: 0.73039404296875, stick acc: 0.820085693359375, cstick acc: 0.97747216796875, trigger acc: 0.965047119140625, 
iter: 18000, loss: 3.496960236363941, 
button acc: 0.9345874565972222, coarse acc: 0.7961134982638889, fine acc: 0.7330138888888889, stick acc: 0.8223927951388889, cstick acc: 0.9776796875, trigger acc: 0.9656460503472222, 
iter: 20000, loss: 3.455438020682335, 
button acc: 0.9348197265625, coarse acc: 0.797964453125, fine acc: 0.735294921875, stick acc: 0.824507421875, cstick acc: 0.9778408203125, trigger acc: 0.966132421875, 
iter: 22000, loss: 3.419905705061826, 
button acc: 0.9350511363636363, coarse acc: 0.7995545099431818, fine acc: 0.7373146306818181, stick acc: 0.8263100142045454, cstick acc: 0.9779724786931818, trigger acc: 0.9665694247159091, 
iter: 24000, loss: 3.388213765501976, 
button acc: 0.9352381184895834, coarse acc: 0.8009781901041667, fine acc: 0.7391193033854166, stick acc: 0.8279464518229167, cstick acc: 0.97810009765625, trigger acc: 0.9669313151041666, 
iter: 26000, loss: 3.360336286306381, 
button acc: 0.9353985877403846, coarse acc: 0.802236328125, fine acc: 0.7407982271634616, stick acc: 0.8294684495192308, cstick acc: 0.9782052283653846, trigger acc: 0.9672862079326923, 
iter: 27298, loss: 3.343804867863786, 
button acc: 0.9354975805868838, coarse acc: 0.8029639688821189, fine acc: 0.7417331769759733, stick acc: 0.8303352835074228, cstick acc: 0.9782531143280915, trigger acc: 0.967486064137522, 
***EVAL EPOCH 0***
iter: 5525, loss: 2.865605819581321, 
button acc: 0.9391071241687715, coarse acc: 0.8242646580472531, fine acc: 0.7697111808181749, stick acc: 0.8545947734787565, cstick acc: 0.98108150917993, trigger acc: 0.972496273437743, 
***TRAIN EPOCH 1***
iter: 2000, loss: 3.0010841215848925, 
button acc: 0.937359375, coarse acc: 0.817328125, fine acc: 0.760755859375, stick acc: 0.84773828125, cstick acc: 0.979640625, trigger acc: 0.971416015625, 
iter: 4000, loss: 2.989667870879173, 
button acc: 0.9373046875, coarse acc: 0.81790625, fine acc: 0.7615537109375, stick acc: 0.8486259765625, cstick acc: 0.97959765625, trigger acc: 0.9714208984375, 
iter: 6000, loss: 2.9775373807350793, 
button acc: 0.937486328125, coarse acc: 0.8187141927083333, fine acc: 0.7624186197916667, stick acc: 0.8492356770833334, cstick acc: 0.979673828125, trigger acc: 0.97157421875, 
iter: 8000, loss: 2.970021724790335, 
button acc: 0.93740576171875, coarse acc: 0.8187421875, fine acc: 0.76258935546875, stick acc: 0.84952392578125, cstick acc: 0.9797685546875, trigger acc: 0.97158056640625, 
iter: 10000, loss: 2.9583720361232757, 
button acc: 0.937398828125, coarse acc: 0.818926171875, fine acc: 0.76300703125, stick acc: 0.849928125, cstick acc: 0.979801953125, trigger acc: 0.97161875, 
iter: 12000, loss: 2.946091586470604, 
button acc: 0.9373444010416667, coarse acc: 0.8191106770833333, fine acc: 0.7634052734375, stick acc: 0.8502972005208334, cstick acc: 0.9797783203125, trigger acc: 0.9716569010416667, 
iter: 14000, loss: 2.931214541384152, 
button acc: 0.9373197544642857, coarse acc: 0.8192338169642858, fine acc: 0.7636654575892857, stick acc: 0.8506953125, cstick acc: 0.9797709263392858, trigger acc: 0.9715834263392857, 
iter: 16000, loss: 2.9153782076984642, 
button acc: 0.937321044921875, coarse acc: 0.8195478515625, fine acc: 0.7641083984375, stick acc: 0.851069091796875, cstick acc: 0.97979541015625, trigger acc: 0.9716630859375, 
iter: 18000, loss: 2.8998391037715807, 
button acc: 0.93732421875, coarse acc: 0.8198569878472223, fine acc: 0.7645143229166667, stick acc: 0.851423828125, cstick acc: 0.9798435329861112, trigger acc: 0.9717157118055556, 
iter: 20000, loss: 2.88572388895154, 
button acc: 0.9372625, coarse acc: 0.820014453125, fine acc: 0.7647484375, stick acc: 0.8516912109375, cstick acc: 0.9798751953125, trigger acc: 0.9717421875, 
iter: 22000, loss: 2.87451149702614, 
button acc: 0.9372970525568182, coarse acc: 0.82015625, fine acc: 0.7649463778409091, stick acc: 0.8518971946022728, cstick acc: 0.97987109375, trigger acc: 0.9717956321022727, 
iter: 24000, loss: 2.862306500181556, 
button acc: 0.9373111979166666, coarse acc: 0.8203636067708333, fine acc: 0.7652958984375, stick acc: 0.8522325846354166, cstick acc: 0.9798922526041667, trigger acc: 0.9718235677083333, 
iter: 26000, loss: 2.8509668725958237, 
button acc: 0.9373159555288462, coarse acc: 0.8205130709134615, fine acc: 0.7656114783653846, stick acc: 0.8525462740384615, cstick acc: 0.9799018930288461, trigger acc: 0.9718411959134615, 
iter: 27298, loss: 2.843962923603902, 
button acc: 0.9373212091985635, coarse acc: 0.8206029679755991, fine acc: 0.7657674687493963, stick acc: 0.8527165183346653, cstick acc: 0.979912324446769, trigger acc: 0.9718403638099014, 
***EVAL EPOCH 1***
iter: 5525, loss: 2.532637970026802, 
button acc: 0.938779016979547, coarse acc: 0.8324638021400509, fine acc: 0.7808632896139932, stick acc: 0.866306927304458, cstick acc: 0.9815298280548618, trigger acc: 0.9735661574405376, 
***TRAIN EPOCH 2***
iter: 2000, loss: 2.690376183986664, 
button acc: 0.936771484375, coarse acc: 0.822484375, fine acc: 0.769580078125, stick acc: 0.856865234375, cstick acc: 0.9801875, trigger acc: 0.972333984375, 
iter: 4000, loss: 2.690038893401623, 
button acc: 0.937087890625, coarse acc: 0.8225517578125, fine acc: 0.7694091796875, stick acc: 0.8564814453125, cstick acc: 0.9799931640625, trigger acc: 0.9724443359375, 
iter: 6000, loss: 2.6849299076000848, 
button acc: 0.9373723958333333, coarse acc: 0.8228684895833334, fine acc: 0.7699466145833334, stick acc: 0.8567005208333334, cstick acc: 0.980001953125, trigger acc: 0.9726048177083333, 
iter: 8000, loss: 2.6832477784454825, 
button acc: 0.937486328125, coarse acc: 0.82292724609375, fine acc: 0.7700830078125, stick acc: 0.85679931640625, cstick acc: 0.97997119140625, trigger acc: 0.97248486328125, 
iter: 10000, loss: 2.6769166252851484, 
button acc: 0.937525, coarse acc: 0.823126171875, fine acc: 0.7705046875, stick acc: 0.857066796875, cstick acc: 0.9801140625, trigger acc: 0.97254609375, 
iter: 12000, loss: 2.6719112339814504, 
button acc: 0.9375709635416667, coarse acc: 0.82334375, fine acc: 0.7707552083333333, stick acc: 0.8573111979166667, cstick acc: 0.9801608072916667, trigger acc: 0.9725162760416667, 
iter: 14000, loss: 2.668583728330476, 
button acc: 0.9375633370535714, coarse acc: 0.8234115513392857, fine acc: 0.7708448660714285, stick acc: 0.8573643973214286, cstick acc: 0.9801872209821428, trigger acc: 0.9725627790178571, 
iter: 16000, loss: 2.6655624395906927, 
button acc: 0.93761279296875, coarse acc: 0.823517578125, fine acc: 0.7709853515625, stick acc: 0.857438720703125, cstick acc: 0.98021533203125, trigger acc: 0.972643798828125, 
iter: 18000, loss: 2.6612921588155958, 
button acc: 0.937607421875, coarse acc: 0.8235709635416667, fine acc: 0.7711976996527777, stick acc: 0.8576799045138889, cstick acc: 0.9802243923611111, trigger acc: 0.9726380208333333, 
iter: 20000, loss: 2.6586763159513476, 
button acc: 0.9376267578125, coarse acc: 0.823595703125, fine acc: 0.771260546875, stick acc: 0.85775546875, cstick acc: 0.9802052734375, trigger acc: 0.972616015625, 
iter: 22000, loss: 2.654500246069648, 
button acc: 0.937697265625, coarse acc: 0.82372265625, fine acc: 0.7714829545454546, stick acc: 0.8579298650568182, cstick acc: 0.9802096946022727, trigger acc: 0.9726390269886364, 
iter: 24000, loss: 2.65183184158802, 
button acc: 0.9376590169270833, coarse acc: 0.8237752278645833, fine acc: 0.7715380859375, stick acc: 0.8580029296875, cstick acc: 0.9802210286458334, trigger acc: 0.9726512044270833, 
iter: 26000, loss: 2.648444346189499, 
button acc: 0.9376591045673077, coarse acc: 0.8238442007211538, fine acc: 0.7716547475961538, stick acc: 0.8581075721153846, cstick acc: 0.980239483173077, trigger acc: 0.9726693209134616, 
iter: 27298, loss: 2.6467866717445885, 
button acc: 0.9376500461845679, coarse acc: 0.823865151078272, fine acc: 0.7717223087561791, stick acc: 0.8581825388705208, cstick acc: 0.9802454543438178, trigger acc: 0.9726640303422953, 
***EVAL EPOCH 2***
iter: 5525, loss: 2.438034214218278, 
button acc: 0.9391672300116252, coarse acc: 0.8330252614250601, fine acc: 0.7854454762221286, stick acc: 0.8690406824629536, cstick acc: 0.9820191603284466, trigger acc: 0.9751996221110304, 
