Training on device: cuda
***TRAIN EPOCH 0***
iter: 2000, loss: 4.491424012184143, 
button acc: 0.92738671875, coarse acc: 0.734451171875, fine acc: 0.6728515625, stick acc: 0.770677734375, cstick acc: 0.97057421875, trigger acc: 0.94863671875, 
iter: 4000, loss: 3.9166756564974783, 
button acc: 0.93151171875, coarse acc: 0.7715966796875, fine acc: 0.7083427734375, stick acc: 0.801443359375, cstick acc: 0.975279296875, trigger acc: 0.9582041015625, 
iter: 6000, loss: 3.6801929197708767, 
button acc: 0.9328196614583333, coarse acc: 0.785462890625, fine acc: 0.7223658854166667, stick acc: 0.813998046875, cstick acc: 0.9768626302083333, trigger acc: 0.9617337239583333, 
iter: 8000, loss: 3.541303807735443, 
button acc: 0.93367626953125, coarse acc: 0.79309033203125, fine acc: 0.73062744140625, stick acc: 0.82127734375, cstick acc: 0.9777841796875, trigger acc: 0.9636669921875, 
iter: 10000, loss: 3.443786427235603, 
button acc: 0.934192578125, coarse acc: 0.798253515625, fine acc: 0.73656796875, stick acc: 0.82644765625, cstick acc: 0.97845234375, trigger acc: 0.965000390625, 
iter: 12000, loss: 3.3718252811431886, 
button acc: 0.934619140625, coarse acc: 0.8019749348958334, fine acc: 0.74104296875, stick acc: 0.8303929036458333, cstick acc: 0.9788665364583333, trigger acc: 0.9659658203125, 
iter: 14000, loss: 3.3144617940357755, 
button acc: 0.934927734375, coarse acc: 0.8048272879464285, fine acc: 0.7447678571428571, stick acc: 0.8336378348214286, cstick acc: 0.979263671875, trigger acc: 0.9667140066964286, 
iter: 16000, loss: 3.266967499524355, 
button acc: 0.93522705078125, coarse acc: 0.807110595703125, fine acc: 0.747790283203125, stick acc: 0.836306640625, cstick acc: 0.9795107421875, trigger acc: 0.967326904296875, 
iter: 18000, loss: 3.228159079035123, 
button acc: 0.9354815538194444, coarse acc: 0.8090442708333333, fine acc: 0.7504186197916667, stick acc: 0.8386349826388889, cstick acc: 0.979712890625, trigger acc: 0.9678674045138889, 
iter: 20000, loss: 3.194565245580673, 
button acc: 0.935627734375, coarse acc: 0.8106015625, fine acc: 0.752603515625, stick acc: 0.8405974609375, cstick acc: 0.9799185546875, trigger acc: 0.9682814453125, 
iter: 22000, loss: 3.1647936222769997, 
button acc: 0.9357991832386363, coarse acc: 0.8120765269886364, fine acc: 0.7546985085227272, stick acc: 0.8424406960227273, cstick acc: 0.9801207386363636, trigger acc: 0.9686299715909091, 
iter: 24000, loss: 3.138392201970021, 
button acc: 0.9359620768229167, coarse acc: 0.8132902018229167, fine acc: 0.7565193684895833, stick acc: 0.8440667317708334, cstick acc: 0.9802685546875, trigger acc: 0.96893603515625, 
iter: 26000, loss: 3.1150277324639832, 
button acc: 0.9361413762019231, coarse acc: 0.8143946814903846, fine acc: 0.7581998197115385, stick acc: 0.8455653545673077, cstick acc: 0.9803895733173077, trigger acc: 0.9691975661057692, 
iter: 28000, loss: 3.0932144790291787, 
button acc: 0.9362681361607142, coarse acc: 0.8153832310267857, fine acc: 0.759720703125, stick acc: 0.8469376395089285, cstick acc: 0.9805228794642857, trigger acc: 0.9694393136160714, 
iter: 30000, loss: 3.072794337972005, 
button acc: 0.93636953125, coarse acc: 0.8163364583333333, fine acc: 0.761209375, stick acc: 0.848269140625, cstick acc: 0.9806536458333334, trigger acc: 0.9696923177083333, 
iter: 32000, loss: 3.0544112036451696, 
button acc: 0.9364482421875, coarse acc: 0.8171572265625, fine acc: 0.7624620361328125, stick acc: 0.849416015625, cstick acc: 0.9807410888671875, trigger acc: 0.9698916015625, 
iter: 34000, loss: 3.037531123049119, 
button acc: 0.9365286075367647, coarse acc: 0.8178258272058824, fine acc: 0.7635775505514706, stick acc: 0.8504665670955882, cstick acc: 0.9808135340073529, trigger acc: 0.9700574448529412, 
iter: 36000, loss: 3.0218394436770017, 
button acc: 0.9365725911458334, coarse acc: 0.8184463975694445, fine acc: 0.7645882161458334, stick acc: 0.8514133029513888, cstick acc: 0.9808747829861111, trigger acc: 0.9702290581597223, 
iter: 38000, loss: 3.0061385229135813, 
button acc: 0.936645662006579, coarse acc: 0.8190932360197368, fine acc: 0.7656688939144737, stick acc: 0.8523768503289474, cstick acc: 0.9809599095394737, trigger acc: 0.9704138569078947, 
iter: 40000, loss: 2.992081176888943, 
button acc: 0.93669609375, coarse acc: 0.81962734375, fine acc: 0.76657060546875, stick acc: 0.85320341796875, cstick acc: 0.98103349609375, trigger acc: 0.97055615234375, 
iter: 42000, loss: 2.978468516894749, 
button acc: 0.9367424665178572, coarse acc: 0.8201614583333333, fine acc: 0.7674461495535714, stick acc: 0.8540199032738095, cstick acc: 0.9810926339285714, trigger acc: 0.9706866629464286, 
iter: 44000, loss: 2.9607165323956446, 
button acc: 0.9367666015625, coarse acc: 0.8205904651988636, fine acc: 0.7681435546875, stick acc: 0.8547022372159091, cstick acc: 0.9811340553977272, trigger acc: 0.9707890625, 
iter: 46000, loss: 2.9413485869817113, 
button acc: 0.936830078125, coarse acc: 0.8210624150815218, fine acc: 0.7688814538043478, stick acc: 0.8553565726902174, cstick acc: 0.981196925951087, trigger acc: 0.9709060801630435, 
iter: 48000, loss: 2.9228360338459414, 
button acc: 0.9368855794270833, coarse acc: 0.82152587890625, fine acc: 0.769550048828125, stick acc: 0.8559811197916667, cstick acc: 0.981231689453125, trigger acc: 0.9710020345052083, 
iter: 49652, loss: 2.9082048737454413, 
button acc: 0.9369282141518015, coarse acc: 0.8218935909319561, fine acc: 0.7700799963243954, stick acc: 0.8564497026709655, cstick acc: 0.9812725899811138, trigger acc: 0.9710835654057004, 
***EVAL EPOCH 0***
iter: 5550, loss: 2.347247876283285, 
button acc: 0.9412403194630004, coarse acc: 0.840248790328825, fine acc: 0.798507567747921, stick acc: 0.880812369688463, cstick acc: 0.9829393073796628, trigger acc: 0.9747028439415079, 
***TRAIN EPOCH 1***
iter: 2000, loss: 2.460635656118393, 
button acc: 0.938041015625, coarse acc: 0.83284765625, fine acc: 0.78654296875, stick acc: 0.871255859375, cstick acc: 0.982513671875, trigger acc: 0.973806640625, 
iter: 4000, loss: 2.461855853438377, 
button acc: 0.937755859375, coarse acc: 0.8323251953125, fine acc: 0.7858837890625, stick acc: 0.870861328125, cstick acc: 0.9824404296875, trigger acc: 0.9738505859375, 
iter: 6000, loss: 2.4569352899392447, 
button acc: 0.938107421875, coarse acc: 0.8328548177083334, fine acc: 0.786384765625, stick acc: 0.871, cstick acc: 0.98248046875, trigger acc: 0.9738971354166667, 
iter: 8000, loss: 2.4528255694657566, 
button acc: 0.93809716796875, coarse acc: 0.8327744140625, fine acc: 0.786517578125, stick acc: 0.87116259765625, cstick acc: 0.98245263671875, trigger acc: 0.973916015625, 
iter: 10000, loss: 2.4492871040821074, 
button acc: 0.938092578125, coarse acc: 0.832838671875, fine acc: 0.786719921875, stick acc: 0.87143671875, cstick acc: 0.9824765625, trigger acc: 0.97389453125, 
iter: 12000, loss: 2.4454334440628687, 
button acc: 0.9381712239583333, coarse acc: 0.8330032552083333, fine acc: 0.7867958984375, stick acc: 0.8714749348958334, cstick acc: 0.9824671223958333, trigger acc: 0.9738994140625, 
iter: 14000, loss: 2.4433189410396983, 
button acc: 0.938158203125, coarse acc: 0.8328674665178571, fine acc: 0.7867276785714286, stick acc: 0.871396484375, cstick acc: 0.98244140625, trigger acc: 0.9739056919642857, 
iter: 16000, loss: 2.4397748466357587, 
button acc: 0.938166748046875, coarse acc: 0.832954345703125, fine acc: 0.786807861328125, stick acc: 0.871482177734375, cstick acc: 0.98243798828125, trigger acc: 0.973867919921875, 
iter: 18000, loss: 2.43643306662639, 
button acc: 0.9381174045138889, coarse acc: 0.8329279513888889, fine acc: 0.7868216145833333, stick acc: 0.8715939670138889, cstick acc: 0.9824322916666667, trigger acc: 0.9738556857638889, 
iter: 20000, loss: 2.4327948183596133, 
button acc: 0.9381255859375, coarse acc: 0.833014453125, fine acc: 0.7869169921875, stick acc: 0.871673046875, cstick acc: 0.9824255859375, trigger acc: 0.973878125, 
iter: 22000, loss: 2.429451097082008, 
button acc: 0.9381290838068181, coarse acc: 0.8330923295454545, fine acc: 0.7870500710227273, stick acc: 0.8718316761363636, cstick acc: 0.9824254261363636, trigger acc: 0.9738718039772727, 
iter: 24000, loss: 2.426196402410666, 
button acc: 0.9381769205729167, coarse acc: 0.8331980794270833, fine acc: 0.78727099609375, stick acc: 0.8720164388020833, cstick acc: 0.9824225260416667, trigger acc: 0.9739016927083334, 
iter: 26000, loss: 2.4233773879592233, 
button acc: 0.9381987680288462, coarse acc: 0.8332938701923077, fine acc: 0.7874032451923076, stick acc: 0.8721117788461539, cstick acc: 0.9824290865384615, trigger acc: 0.9739325420673077, 
iter: 28000, loss: 2.419863422134093, 
button acc: 0.9381577845982143, coarse acc: 0.8333737444196428, fine acc: 0.7875684988839285, stick acc: 0.8722977120535714, cstick acc: 0.9824268973214285, trigger acc: 0.9739690290178571, 
iter: 30000, loss: 2.4176901067614556, 
button acc: 0.938144921875, coarse acc: 0.83339765625, fine acc: 0.7876138020833333, stick acc: 0.8723453125, cstick acc: 0.9824341145833333, trigger acc: 0.973983984375, 
iter: 32000, loss: 2.4148828790411354, 
button acc: 0.9381363525390625, coarse acc: 0.83346826171875, fine acc: 0.787734619140625, stick acc: 0.872490478515625, cstick acc: 0.9824454345703125, trigger acc: 0.9740062255859375, 
iter: 34000, loss: 2.412623280868811, 
button acc: 0.9381369485294118, coarse acc: 0.8334656479779412, fine acc: 0.787782284007353, stick acc: 0.8725549172794118, cstick acc: 0.9824303768382353, trigger acc: 0.974014705882353, 
iter: 36000, loss: 2.4102648276686667, 
button acc: 0.9381298828125, coarse acc: 0.8334833984375, fine acc: 0.7878292100694444, stick acc: 0.8726271701388889, cstick acc: 0.9824181857638888, trigger acc: 0.9740235460069444, 
iter: 38000, loss: 2.4075279007961874, 
button acc: 0.9381556332236842, coarse acc: 0.8335944695723684, fine acc: 0.7879608347039474, stick acc: 0.8727232730263158, cstick acc: 0.9824358552631579, trigger acc: 0.9740228207236842, 
iter: 40000, loss: 2.405042850750685, 
button acc: 0.93818037109375, coarse acc: 0.83368896484375, fine acc: 0.7880935546875, stick acc: 0.8728125, cstick acc: 0.98245537109375, trigger acc: 0.9740380859375, 
iter: 42000, loss: 2.403219988646961, 
button acc: 0.9382067522321429, coarse acc: 0.8337627418154762, fine acc: 0.7881763392857143, stick acc: 0.8728831845238095, cstick acc: 0.9824544270833333, trigger acc: 0.9740397135416666, 
iter: 44000, loss: 2.4010257312709635, 
button acc: 0.9382320667613636, coarse acc: 0.8338187144886363, fine acc: 0.7882776988636364, stick acc: 0.8729686612215909, cstick acc: 0.9824594282670455, trigger acc: 0.9740492720170455, 
iter: 46000, loss: 2.399000702461471, 
button acc: 0.9382406589673913, coarse acc: 0.8338676970108696, fine acc: 0.788365574048913, stick acc: 0.8730497622282609, cstick acc: 0.9824494735054348, trigger acc: 0.9740682744565218, 
iter: 48000, loss: 2.3968621154700718, 
button acc: 0.9382329915364583, coarse acc: 0.83390478515625, fine acc: 0.7884376627604167, stick acc: 0.8731366373697916, cstick acc: 0.982441162109375, trigger acc: 0.9740848795572916, 
iter: 49652, loss: 2.395135078255967, 
button acc: 0.9382364681971301, coarse acc: 0.8339456718575665, fine acc: 0.7885068753159706, stick acc: 0.8731829083756424, cstick acc: 0.9824540230798389, trigger acc: 0.9741048463067018, 
***EVAL EPOCH 1***
iter: 5550, loss: 2.2365746883873467, 
button acc: 0.9411086880927811, coarse acc: 0.8432059207367978, fine acc: 0.8005538372304196, stick acc: 0.8824468511946075, cstick acc: 0.9833510953560171, trigger acc: 0.9751477157381845, 
***TRAIN EPOCH 2***
iter: 2000, loss: 2.336848898947239, 
button acc: 0.938587890625, coarse acc: 0.835404296875, fine acc: 0.7913984375, stick acc: 0.87548828125, cstick acc: 0.98261328125, trigger acc: 0.97463671875, 
iter: 4000, loss: 2.341474784851074, 
button acc: 0.9382275390625, coarse acc: 0.8345712890625, fine acc: 0.790544921875, stick acc: 0.8752939453125, cstick acc: 0.98249609375, trigger acc: 0.974337890625, 
iter: 6000, loss: 2.3432003709077835, 
button acc: 0.93834765625, coarse acc: 0.8344173177083334, fine acc: 0.7900358072916667, stick acc: 0.8748274739583334, cstick acc: 0.9824622395833333, trigger acc: 0.9742923177083334, 
iter: 8000, loss: 2.342180633276701, 
button acc: 0.93834326171875, coarse acc: 0.83463623046875, fine acc: 0.79034228515625, stick acc: 0.8750224609375, cstick acc: 0.98242626953125, trigger acc: 0.9743466796875, 
iter: 10000, loss: 2.3416208476305007, 
button acc: 0.93830078125, coarse acc: 0.834652734375, fine acc: 0.790333984375, stick acc: 0.87492265625, cstick acc: 0.98244609375, trigger acc: 0.97441953125, 
iter: 12000, loss: 2.340215267399947, 
button acc: 0.9384111328125, coarse acc: 0.8347734375, fine acc: 0.7903948567708333, stick acc: 0.8749264322916667, cstick acc: 0.9824586588541667, trigger acc: 0.9743935546875, 
iter: 14000, loss: 2.338765159002372, 
button acc: 0.9384829799107143, coarse acc: 0.8348766741071428, fine acc: 0.7905954241071429, stick acc: 0.8750412946428572, cstick acc: 0.9824963727678572, trigger acc: 0.9744291294642857, 
iter: 16000, loss: 2.3373086384907364, 
button acc: 0.938504638671875, coarse acc: 0.8349677734375, fine acc: 0.790625732421875, stick acc: 0.875038330078125, cstick acc: 0.982512451171875, trigger acc: 0.974437744140625, 
iter: 18000, loss: 2.3370071013967197, 
button acc: 0.9385004340277778, coarse acc: 0.8349930555555556, fine acc: 0.7906358506944444, stick acc: 0.8750646701388889, cstick acc: 0.9824913194444445, trigger acc: 0.9744233940972222, 
iter: 20000, loss: 2.3351640809595584, 
button acc: 0.9384716796875, coarse acc: 0.835062109375, fine acc: 0.790709765625, stick acc: 0.8751521484375, cstick acc: 0.9825044921875, trigger acc: 0.9744626953125, 
iter: 22000, loss: 2.3340833195664668, 
button acc: 0.9384476207386364, coarse acc: 0.8351115056818181, fine acc: 0.7907306463068182, stick acc: 0.8752057883522727, cstick acc: 0.9825090553977273, trigger acc: 0.9744650213068182, 
iter: 24000, loss: 2.33317421147724, 
button acc: 0.9384313151041667, coarse acc: 0.835119140625, fine acc: 0.790744140625, stick acc: 0.8752399088541667, cstick acc: 0.9825174153645834, trigger acc: 0.9744453125, 
iter: 26000, loss: 2.3323854819857157, 
button acc: 0.9384184194711539, coarse acc: 0.8351116286057693, fine acc: 0.7907360276442308, stick acc: 0.8751691706730769, cstick acc: 0.9825632512019231, trigger acc: 0.9744615384615385, 
iter: 28000, loss: 2.3312787252749714, 
button acc: 0.9384229910714286, coarse acc: 0.835130859375, fine acc: 0.7908016183035714, stick acc: 0.8751974051339285, cstick acc: 0.9825902622767857, trigger acc: 0.9744748883928571, 
iter: 30000, loss: 2.330300736347834, 
button acc: 0.9384634114583333, coarse acc: 0.8352364583333334, fine acc: 0.7908904947916666, stick acc: 0.8752501302083333, cstick acc: 0.982603515625, trigger acc: 0.9744765625, 
iter: 32000, loss: 2.329264836553484, 
button acc: 0.9384476318359375, coarse acc: 0.8352637939453125, fine acc: 0.790938720703125, stick acc: 0.8753173828125, cstick acc: 0.9826099853515625, trigger acc: 0.9744931640625, 
iter: 34000, loss: 2.3280410407325802, 
button acc: 0.9384496783088235, coarse acc: 0.8352936580882353, fine acc: 0.7909958639705882, stick acc: 0.8753871783088235, cstick acc: 0.9826075367647059, trigger acc: 0.9744989659926471, 
iter: 36000, loss: 2.327303589814239, 
button acc: 0.9384523654513889, coarse acc: 0.8353031684027777, fine acc: 0.7910397135416667, stick acc: 0.8754347873263889, cstick acc: 0.9825989583333333, trigger acc: 0.9744939236111111, 
iter: 38000, loss: 2.3259869934822386, 
button acc: 0.9384737870065789, coarse acc: 0.8353511513157895, fine acc: 0.7911126644736842, stick acc: 0.8754819078947368, cstick acc: 0.9826069078947368, trigger acc: 0.9745063733552631, 
iter: 40000, loss: 2.3252185557991267, 
button acc: 0.93847119140625, coarse acc: 0.8353626953125, fine acc: 0.79114013671875, stick acc: 0.87553134765625, cstick acc: 0.98260087890625, trigger acc: 0.97450322265625, 
iter: 42000, loss: 2.324188909218425, 
button acc: 0.9384867931547619, coarse acc: 0.8354264322916667, fine acc: 0.7911908482142858, stick acc: 0.8755518973214286, cstick acc: 0.9826168154761905, trigger acc: 0.9744985119047619, 
iter: 44000, loss: 2.3233686906478623, 
button acc: 0.9384509943181818, coarse acc: 0.8354129083806818, fine acc: 0.7911824396306818, stick acc: 0.8755712002840909, cstick acc: 0.9826100852272728, trigger acc: 0.9744998224431818, 
iter: 46000, loss: 2.3225462250605875, 
button acc: 0.9384699388586957, coarse acc: 0.835416015625, fine acc: 0.7912113620923913, stick acc: 0.8755850033967392, cstick acc: 0.9826071671195652, trigger acc: 0.974498046875, 
iter: 48000, loss: 2.322106131819387, 
button acc: 0.93846484375, coarse acc: 0.835400634765625, fine acc: 0.7911969401041666, stick acc: 0.875557373046875, cstick acc: 0.9826099446614583, trigger acc: 0.9745039876302083, 
iter: 49652, loss: 2.3211997655731045, 
button acc: 0.9384861764381471, coarse acc: 0.8354350312497197, fine acc: 0.7912520138332386, stick acc: 0.8755871565941307, cstick acc: 0.9826083795917718, trigger acc: 0.9745229148614482, 
***EVAL EPOCH 2***
iter: 5550, loss: 2.1902911635347313, 
button acc: 0.9418822863594705, coarse acc: 0.8448291396658112, fine acc: 0.8028232465223274, stick acc: 0.8845818134720131, cstick acc: 0.983214536608303, trigger acc: 0.9753046879069486, 
