Training on device: cuda
***TRAIN EPOCH 0***
iter: 2000, loss: 4.441739819526672, 
button acc: 0.92775, coarse acc: 0.737271484375, fine acc: 0.6775625, stick acc: 0.773771484375, cstick acc: 0.97158203125, trigger acc: 0.950236328125, 
iter: 4000, loss: 3.874885651886463, 
button acc: 0.9318046875, coarse acc: 0.7750107421875, fine acc: 0.7137001953125, stick acc: 0.8056396484375, cstick acc: 0.9760322265625, trigger acc: 0.95947265625, 
iter: 6000, loss: 3.636272844910622, 
button acc: 0.9334544270833334, coarse acc: 0.789521484375, fine acc: 0.72854296875, stick acc: 0.8182962239583333, cstick acc: 0.9777955729166666, trigger acc: 0.9631848958333333, 
iter: 8000, loss: 3.4933146636784076, 
button acc: 0.934416015625, coarse acc: 0.79752197265625, fine acc: 0.73702099609375, stick acc: 0.82552490234375, cstick acc: 0.97879638671875, trigger acc: 0.9651484375, 
iter: 10000, loss: 3.3994324323654177, 
button acc: 0.934926171875, coarse acc: 0.802409765625, fine acc: 0.7424875, stick acc: 0.8303234375, cstick acc: 0.979341796875, trigger acc: 0.966525, 
iter: 12000, loss: 3.3267203974723816, 
button acc: 0.9354739583333334, coarse acc: 0.8061458333333333, fine acc: 0.7470152994791667, stick acc: 0.83408984375, cstick acc: 0.9798177083333334, trigger acc: 0.9675423177083333, 
iter: 12372, loss: 3.3148997796610877, 
button acc: 0.9355542617032415, coarse acc: 0.806745510265813, fine acc: 0.7477340569363781, stick acc: 0.8346390436214168, cstick acc: 0.9799012602640764, trigger acc: 0.9677191916678718, 
***EVAL EPOCH 0***
iter: 1509, loss: 2.7902837809227097, 
button acc: 0.9400054879343105, coarse acc: 0.8186315369840177, fine acc: 0.7775108593794492, stick acc: 0.8594467540939472, cstick acc: 0.9805281877908993, trigger acc: 0.9756951814901295, 
***TRAIN EPOCH 1***
iter: 2000, loss: 2.909814192414284, 
button acc: 0.93799609375, coarse acc: 0.82700390625, fine acc: 0.77233984375, stick acc: 0.855556640625, cstick acc: 0.981998046875, trigger acc: 0.9732734375, 
iter: 4000, loss: 2.899378939628601, 
button acc: 0.937876953125, coarse acc: 0.827033203125, fine acc: 0.7732216796875, stick acc: 0.856611328125, cstick acc: 0.982255859375, trigger acc: 0.9731875, 
iter: 6000, loss: 2.884194242477417, 
button acc: 0.93807421875, coarse acc: 0.8273404947916667, fine acc: 0.7742063802083333, stick acc: 0.857458984375, cstick acc: 0.982439453125, trigger acc: 0.9732545572916667, 
iter: 8000, loss: 2.86500269857049, 
button acc: 0.9379521484375, coarse acc: 0.82760986328125, fine acc: 0.77484912109375, stick acc: 0.8582568359375, cstick acc: 0.98248095703125, trigger acc: 0.97328564453125, 
iter: 10000, loss: 2.832438059258461, 
button acc: 0.93797109375, coarse acc: 0.82767109375, fine acc: 0.775375390625, stick acc: 0.85886015625, cstick acc: 0.982484765625, trigger acc: 0.973271484375, 
iter: 12000, loss: 2.7967195981244246, 
button acc: 0.9380152994791666, coarse acc: 0.8281692708333334, fine acc: 0.7763157552083333, stick acc: 0.859732421875, cstick acc: 0.9825677083333333, trigger acc: 0.9733444010416666, 
iter: 12372, loss: 2.7909609357920657, 
button acc: 0.9380615917204117, coarse acc: 0.8283070959870722, fine acc: 0.776470629096395, stick acc: 0.8598424306797924, cstick acc: 0.982559832074248, trigger acc: 0.9733801814522622, 
***EVAL EPOCH 1***
iter: 1509, loss: 2.4840608071301298, 
button acc: 0.9408908056391113, coarse acc: 0.8285227619841471, fine acc: 0.7904799871603047, stick acc: 0.8716366987486475, cstick acc: 0.9812866617309773, trigger acc: 0.9763138684241862, 
***TRAIN EPOCH 2***
iter: 2000, loss: 2.5833445051908495, 
button acc: 0.937826171875, coarse acc: 0.830802734375, fine acc: 0.7818984375, stick acc: 0.86550390625, cstick acc: 0.983228515625, trigger acc: 0.9738828125, 
iter: 4000, loss: 2.5657019645273684, 
button acc: 0.938205078125, coarse acc: 0.83157421875, fine acc: 0.7829638671875, stick acc: 0.8664150390625, cstick acc: 0.9830341796875, trigger acc: 0.9738759765625, 
iter: 6000, loss: 2.5508386680483817, 
button acc: 0.938474609375, coarse acc: 0.8324375, fine acc: 0.7840885416666666, stick acc: 0.86712109375, cstick acc: 0.9831048177083334, trigger acc: 0.9740065104166666, 
iter: 8000, loss: 2.5424476349204777, 
button acc: 0.93851513671875, coarse acc: 0.83280517578125, fine acc: 0.78455517578125, stick acc: 0.86735693359375, cstick acc: 0.9830361328125, trigger acc: 0.97428564453125, 
iter: 10000, loss: 2.53376040494442, 
button acc: 0.93850390625, coarse acc: 0.8327703125, fine acc: 0.784690625, stick acc: 0.867597265625, cstick acc: 0.982991796875, trigger acc: 0.9743, 
iter: 12000, loss: 2.525066479643186, 
button acc: 0.9385384114583334, coarse acc: 0.8328902994791667, fine acc: 0.7850498046875, stick acc: 0.8678850911458333, cstick acc: 0.9830182291666667, trigger acc: 0.9743125, 
iter: 12372, loss: 2.523368253210313, 
button acc: 0.9385156328442866, coarse acc: 0.8328967634256298, fine acc: 0.7851223542947933, stick acc: 0.8679725453520145, cstick acc: 0.983025555758334, trigger acc: 0.9743151020140103, 
***EVAL EPOCH 2***
iter: 1509, loss: 2.391362109430742, 
button acc: 0.9408442099704376, coarse acc: 0.8345905535047708, fine acc: 0.7962164317036929, stick acc: 0.8770883919834741, cstick acc: 0.9820011286506412, trigger acc: 0.9769687964338781, 
